=== Collective Operations Comparison ===
Testing Bcast with data size 1, 8 processes
MPI Bcast: 0.000135 seconds
My Bcast:  0.034237 seconds
Ratio (MPI/My): 0.00
---
Testing Bcast with data size 10, 8 processes
MPI Bcast: 0.000366 seconds
My Bcast:  0.001328 seconds
Ratio (MPI/My): 0.28
---
Testing Bcast with data size 100, 8 processes
MPI Bcast: 0.000932 seconds
My Bcast:  0.003160 seconds
Ratio (MPI/My): 0.29
---
Testing Bcast with data size 1000, 8 processes
MPI Bcast: 0.083290 seconds
My Bcast:  0.033020 seconds
Ratio (MPI/My): 2.52
---
Testing Bcast with data size 10000, 8 processes
MPI Bcast: 0.680931 seconds
My Bcast:  1.287230 seconds
Ratio (MPI/My): 0.53
---
Testing Reduce with data size 1, 8 processes
MPI Reduce: 0.005781 seconds
My Reduce:  0.006223 seconds
Ratio (MPI/My): 0.93
---
Testing Reduce with data size 10, 8 processes
MPI Reduce: 0.007277 seconds
My Reduce:  0.006049 seconds
Ratio (MPI/My): 1.20
---
Testing Reduce with data size 100, 8 processes
MPI Reduce: 0.016078 seconds
My Reduce:  0.013081 seconds
Ratio (MPI/My): 1.23
---
Testing Reduce with data size 1000, 8 processes
MPI Reduce: 0.109163 seconds
My Reduce:  0.034801 seconds
Ratio (MPI/My): 3.14
---
Testing Reduce with data size 10000, 8 processes
MPI Reduce: 0.689264 seconds
My Reduce:  0.622644 seconds
Ratio (MPI/My): 1.11
---
Testing Scatter with data size 1, 8 processes
MPI Scatter: 0.000367 seconds
My Scatter:  0.001059 seconds
Ratio (MPI/My): 0.35
---
Testing Scatter with data size 10, 8 processes
MPI Scatter: 0.000307 seconds
My Scatter:  0.001266 seconds
Ratio (MPI/My): 0.24
---
Testing Scatter with data size 100, 8 processes
MPI Scatter: 0.001445 seconds
My Scatter:  0.003117 seconds
Ratio (MPI/My): 0.46
---
Testing Scatter with data size 1000, 8 processes
MPI Scatter: 0.170723 seconds
My Scatter:  0.038140 seconds
Ratio (MPI/My): 4.48
---
Testing Scatter with data size 10000, 8 processes
MPI Scatter: 0.633304 seconds
My Scatter:  1.285042 seconds
Ratio (MPI/My): 0.49
---
Testing Gather with data size 1, 8 processes
MPI Gather: 0.001086 seconds
My Gather:  0.006427 seconds
Ratio (MPI/My): 0.17
---
Testing Gather with data size 10, 8 processes
MPI Gather: 0.006960 seconds
My Gather:  0.012916 seconds
Ratio (MPI/My): 0.54
---
Testing Gather with data size 100, 8 processes
MPI Gather: 0.016976 seconds
My Gather:  0.016956 seconds
Ratio (MPI/My): 1.00
---
Testing Gather with data size 1000, 8 processes
MPI Gather: 0.088884 seconds
My Gather:  0.110007 seconds
Ratio (MPI/My): 0.81
---
Testing Gather with data size 10000, 8 processes
MPI Gather: 0.683206 seconds
My Gather:  2.463555 seconds
Ratio (MPI/My): 0.28
---
Testing Allgather with data size 1, 8 processes
MPI Allgather: 0.287483 seconds
My Allgather:  0.569891 seconds
Ratio (MPI/My): 0.50
---
Testing Allgather with data size 10, 8 processes
MPI Allgather: 0.311746 seconds
My Allgather:  0.592903 seconds
Ratio (MPI/My): 0.53
---
Testing Allgather with data size 100, 8 processes
MPI Allgather: 0.354658 seconds
My Allgather:  0.651287 seconds
Ratio (MPI/My): 0.54
---
Testing Allgather with data size 1000, 8 processes
MPI Allgather: 0.791373 seconds
My Allgather:  1.280056 seconds
Ratio (MPI/My): 0.62
---
Testing Allgather with data size 10000, 8 processes
MPI Allgather: 2.936687 seconds
My Allgather:  4.814252 seconds
Ratio (MPI/My): 0.61
---
Testing Allreduce with data size 1, 8 processes
MPI Allreduce: 0.283808 seconds
My Allreduce:  0.566832 seconds
Ratio (MPI/My): 0.50
---
Testing Allreduce with data size 10, 8 processes
MPI Allreduce: 0.292643 seconds
My Allreduce:  0.563784 seconds
Ratio (MPI/My): 0.52
---
Testing Allreduce with data size 100, 8 processes
MPI Allreduce: 0.302237 seconds
My Allreduce:  0.581174 seconds
Ratio (MPI/My): 0.52
---
Testing Allreduce with data size 1000, 8 processes
MPI Allreduce: 0.390143 seconds
My Allreduce:  0.696035 seconds
Ratio (MPI/My): 0.56
---
Testing Allreduce with data size 10000, 8 processes
MPI Allreduce: 0.882558 seconds
My Allreduce:  2.193089 seconds
Ratio (MPI/My): 0.40
---
All collective operations tests completed!
