=== MPI Topology Benchmark ===
Processes: 8, Nodes: 2
Start time: Sat 15 Nov 2025 10:18:00 PM MSK
Host: g7
SLURM nodes: g[7-8]
Processes per node: 4(x2)

=== MPI Topology Benchmark ===
Total processes: 8

1. Cartesian Topology:
   Grid dimensions: [4 x 2]
Topology communication time: 0.006787 seconds

2. Torus Topology:
   Torus neighbors test completed
Topology communication time: 0.005874 seconds

3. Graph Topology:
   Complete graph created (0 neighbors per node)
Topology communication time: 0.006068 seconds

4. Star Topology:
   Star topology created (center has 7 neighbors)
Topology communication time: 0.007162 seconds

=== Performance Results ===
Cartesian creation time:  0.078054 sec
Torus creation time:      0.027050 sec
Graph creation time:      0.023290 sec
Star creation time:       0.026264 sec
Total execution time:     0.154726 sec
============================
End time: Sat 15 Nov 2025 10:18:02 PM MSK
=================================
