Matrix Band Multiplication - Mode: SYNCHRONOUS
Matrix size: 1024x1024, Processes: 4
Execution time: 3.190659 seconds
corrupted size vs. prev_size
[g8:28532] *** Process received signal ***
[g8:28532] Signal: Aborted (6)
[g8:28532] Signal code:  (-6)
[g8:28532] [ 0] /gnu/store/fa6wj5bxkj5ll1d7292a70knmyl7a0cr-glibc-2.31/lib/libpthread.so.0(+0x13010)[0x7fb24bd01010]
[g8:28532] [ 1] /gnu/store/fa6wj5bxkj5ll1d7292a70knmyl7a0cr-glibc-2.31/lib/libc.so.6(gsignal+0xca)[0x7fb24bb67aba]
[g8:28532] [ 2] /gnu/store/fa6wj5bxkj5ll1d7292a70knmyl7a0cr-glibc-2.31/lib/libc.so.6(abort+0x165)[0x7fb24bb68bf5]
[g8:28532] [ 3] /gnu/store/fa6wj5bxkj5ll1d7292a70knmyl7a0cr-glibc-2.31/lib/libc.so.6(+0x78c97)[0x7fb24bba9c97]
[g8:28532] [ 4] /gnu/store/fa6wj5bxkj5ll1d7292a70knmyl7a0cr-glibc-2.31/lib/libc.so.6(+0x7ffea)[0x7fb24bbb0fea]
[g8:28532] [ 5] /gnu/store/fa6wj5bxkj5ll1d7292a70knmyl7a0cr-glibc-2.31/lib/libc.so.6(+0x80816)[0x7fb24bbb1816]
[g8:28532] [ 6] /gnu/store/fa6wj5bxkj5ll1d7292a70knmyl7a0cr-glibc-2.31/lib/libc.so.6(+0x81c9b)[0x7fb24bbb2c9b]
[g8:28532] [ 7] ./matrix_band_modes[0x401c0c]
[g8:28532] [ 8] ./matrix_band_modes[0x401787]
[g8:28532] [ 9] /gnu/store/fa6wj5bxkj5ll1d7292a70knmyl7a0cr-glibc-2.31/lib/libc.so.6(__libc_start_main+0xed)[0x7fb24bb53a6d]
[g8:28532] [10] ./matrix_band_modes[0x401aca]
[g8:28532] *** End of error message ***
--------------------------------------------------------------------------
Primary job  terminated normally, but 1 process returned
a non-zero exit code. Per user-direction, the job has been aborted.
--------------------------------------------------------------------------
--------------------------------------------------------------------------
mpirun noticed that process rank 0 with PID 28532 on node g8 exited on signal 6 (Aborted).
--------------------------------------------------------------------------
