Matrix Band Multiplication - Mode: READY
Matrix size: 1024x1024, Processes: 8
Execution time: 1.888732 seconds
free(): invalid next size (normal)
[g3:20348] *** Process received signal ***
[g3:20348] Signal: Aborted (6)
[g3:20348] Signal code:  (-6)
[g3:20348] [ 0] /gnu/store/fa6wj5bxkj5ll1d7292a70knmyl7a0cr-glibc-2.31/lib/libpthread.so.0(+0x13010)[0x7ff59d9c8010]
[g3:20348] [ 1] /gnu/store/fa6wj5bxkj5ll1d7292a70knmyl7a0cr-glibc-2.31/lib/libc.so.6(gsignal+0xca)[0x7ff59d82eaba]
[g3:20348] [ 2] /gnu/store/fa6wj5bxkj5ll1d7292a70knmyl7a0cr-glibc-2.31/lib/libc.so.6(abort+0x165)[0x7ff59d82fbf5]
[g3:20348] [ 3] /gnu/store/fa6wj5bxkj5ll1d7292a70knmyl7a0cr-glibc-2.31/lib/libc.so.6(+0x78c97)[0x7ff59d870c97]
[g3:20348] [ 4] /gnu/store/fa6wj5bxkj5ll1d7292a70knmyl7a0cr-glibc-2.31/lib/libc.so.6(+0x7ffea)[0x7ff59d877fea]
[g3:20348] [ 5] /gnu/store/fa6wj5bxkj5ll1d7292a70knmyl7a0cr-glibc-2.31/lib/libc.so.6(+0x81c4c)[0x7ff59d879c4c]
[g3:20348] [ 6] ./matrix_band_modes[0x401c0c]
[g3:20348] [ 7] ./matrix_band_modes[0x401787]
[g3:20348] [ 8] /gnu/store/fa6wj5bxkj5ll1d7292a70knmyl7a0cr-glibc-2.31/lib/libc.so.6(__libc_start_main+0xed)[0x7ff59d81aa6d]
[g3:20348] [ 9] ./matrix_band_modes[0x401aca]
[g3:20348] *** End of error message ***
--------------------------------------------------------------------------
Primary job  terminated normally, but 1 process returned
a non-zero exit code. Per user-direction, the job has been aborted.
--------------------------------------------------------------------------
--------------------------------------------------------------------------
mpirun noticed that process rank 0 with PID 20348 on node g3 exited on signal 6 (Aborted).
--------------------------------------------------------------------------
