Matrix Band Multiplication - Mode: READY
Matrix size: 256x256, Processes: 8
[g6:27186:0:27186] Caught signal 11 (Segmentation fault: Sent by the kernel at address (nil))
==== backtrace (tid:  27186) ====
 0  /gnu/store/vil23w1cj0dy99a2n78265rrrli0rwwz-ucx-1.9.0/lib/libucs.so.0(ucs_handle_error+0xe4) [0x7f2463dc1404]
 1  /gnu/store/vil23w1cj0dy99a2n78265rrrli0rwwz-ucx-1.9.0/lib/libucs.so.0(+0x2772c) [0x7f2463dc172c]
 2  /gnu/store/vil23w1cj0dy99a2n78265rrrli0rwwz-ucx-1.9.0/lib/libucs.so.0(+0x27994) [0x7f2463dc1994]
 3  /gnu/store/5jr225ab8j3i9799rbpr2cj6yrmxjh7j-openmpi-4.1.1/lib/openmpi/mca_pml_ob1.so(check_cantmatch_for_match+0x11) [0x7f2468653491]
 4  /gnu/store/5jr225ab8j3i9799rbpr2cj6yrmxjh7j-openmpi-4.1.1/lib/openmpi/mca_pml_ob1.so(+0x11b26) [0x7f2468653b26]
 5  /gnu/store/5jr225ab8j3i9799rbpr2cj6yrmxjh7j-openmpi-4.1.1/lib/openmpi/mca_btl_vader.so(mca_btl_vader_poll_handle_frag+0x7d) [0x7f2468694b2d]
 6  /gnu/store/5jr225ab8j3i9799rbpr2cj6yrmxjh7j-openmpi-4.1.1/lib/openmpi/mca_btl_vader.so(+0x5dcd) [0x7f2468694dcd]
 7  /gnu/store/5jr225ab8j3i9799rbpr2cj6yrmxjh7j-openmpi-4.1.1/lib/libopen-pal.so.40(opal_progress+0x2c) [0x7f246a3ccc3c]
 8  /gnu/store/5jr225ab8j3i9799rbpr2cj6yrmxjh7j-openmpi-4.1.1/lib/openmpi/mca_pml_ob1.so(mca_pml_ob1_recv+0x2ad) [0x7f246864c3cd]
 9  /gnu/store/5jr225ab8j3i9799rbpr2cj6yrmxjh7j-openmpi-4.1.1/lib/libmpi.so.40(MPI_Recv+0x160) [0x7f246a79f9d0]
10  ./matrix_band_modes() [0x401869]
11  /gnu/store/fa6wj5bxkj5ll1d7292a70knmyl7a0cr-glibc-2.31/lib/libc.so.6(__libc_start_main+0xed) [0x7f246a536a6d]
12  ./matrix_band_modes() [0x401aca]
=================================
[g6:27186] *** Process received signal ***
[g6:27186] Signal: Segmentation fault (11)
[g6:27186] Signal code:  (-6)
[g6:27186] Failing at address: 0x142900006a32
[g6:27186] [ 0] /gnu/store/fa6wj5bxkj5ll1d7292a70knmyl7a0cr-glibc-2.31/lib/libpthread.so.0(+0x13010)[0x7f246a6e4010]
[g6:27186] [ 1] /gnu/store/5jr225ab8j3i9799rbpr2cj6yrmxjh7j-openmpi-4.1.1/lib/openmpi/mca_pml_ob1.so(check_cantmatch_for_match+0x11)[0x7f2468653491]
[g6:27186] [ 2] /gnu/store/5jr225ab8j3i9799rbpr2cj6yrmxjh7j-openmpi-4.1.1/lib/openmpi/mca_pml_ob1.so(+0x11b26)[0x7f2468653b26]
[g6:27186] [ 3] /gnu/store/5jr225ab8j3i9799rbpr2cj6yrmxjh7j-openmpi-4.1.1/lib/openmpi/mca_btl_vader.so(mca_btl_vader_poll_handle_frag+0x7d)[0x7f2468694b2d]
[g6:27186] [ 4] /gnu/store/5jr225ab8j3i9799rbpr2cj6yrmxjh7j-openmpi-4.1.1/lib/openmpi/mca_btl_vader.so(+0x5dcd)[0x7f2468694dcd]
[g6:27186] [ 5] /gnu/store/5jr225ab8j3i9799rbpr2cj6yrmxjh7j-openmpi-4.1.1/lib/libopen-pal.so.40(opal_progress+0x2c)[0x7f246a3ccc3c]
[g6:27186] [ 6] /gnu/store/5jr225ab8j3i9799rbpr2cj6yrmxjh7j-openmpi-4.1.1/lib/openmpi/mca_pml_ob1.so(mca_pml_ob1_recv+0x2ad)[0x7f246864c3cd]
[g6:27186] [ 7] /gnu/store/5jr225ab8j3i9799rbpr2cj6yrmxjh7j-openmpi-4.1.1/lib/libmpi.so.40(MPI_Recv+0x160)[0x7f246a79f9d0]
[g6:27186] [ 8] ./matrix_band_modes[0x401869]
[g6:27186] [ 9] /gnu/store/fa6wj5bxkj5ll1d7292a70knmyl7a0cr-glibc-2.31/lib/libc.so.6(__libc_start_main+0xed)[0x7f246a536a6d]
[g6:27186] [10] ./matrix_band_modes[0x401aca]
[g6:27186] *** End of error message ***
--------------------------------------------------------------------------
Primary job  terminated normally, but 1 process returned
a non-zero exit code. Per user-direction, the job has been aborted.
--------------------------------------------------------------------------
[g6:27181:0:27181] Caught signal 11 (Segmentation fault: Sent by the kernel at address (nil))
==== backtrace (tid:  27181) ====
 0  /gnu/store/vil23w1cj0dy99a2n78265rrrli0rwwz-ucx-1.9.0/lib/libucs.so.0(ucs_handle_error+0xe4) [0x7f996c086404]
 1  /gnu/store/vil23w1cj0dy99a2n78265rrrli0rwwz-ucx-1.9.0/lib/libucs.so.0(+0x2772c) [0x7f996c08672c]
 2  /gnu/store/vil23w1cj0dy99a2n78265rrrli0rwwz-ucx-1.9.0/lib/libucs.so.0(+0x27994) [0x7f996c086994]
 3  /gnu/store/5jr225ab8j3i9799rbpr2cj6yrmxjh7j-openmpi-4.1.1/lib/openmpi/mca_pml_ob1.so(mca_pml_ob1_send+0x54) [0x7f996c50ea14]
 4  /gnu/store/5jr225ab8j3i9799rbpr2cj6yrmxjh7j-openmpi-4.1.1/lib/libmpi.so.40(MPI_Rsend+0x12c) [0x7f996e663a0c]
 5  ./matrix_band_modes() [0x4019f4]
 6  /gnu/store/fa6wj5bxkj5ll1d7292a70knmyl7a0cr-glibc-2.31/lib/libc.so.6(__libc_start_main+0xed) [0x7f996e3f5a6d]
 7  ./matrix_band_modes() [0x401aca]
=================================
[g6:27181] *** Process received signal ***
[g6:27181] Signal: Segmentation fault (11)
[g6:27181] Signal code:  (-6)
[g6:27181] Failing at address: 0x142900006a2d
[g6:27181] [ 0] /gnu/store/fa6wj5bxkj5ll1d7292a70knmyl7a0cr-glibc-2.31/lib/libpthread.so.0(+0x13010)[0x7f996e5a3010]
[g6:27181] [ 1] /gnu/store/5jr225ab8j3i9799rbpr2cj6yrmxjh7j-openmpi-4.1.1/lib/openmpi/mca_pml_ob1.so(mca_pml_ob1_send+0x54)[0x7f996c50ea14]
[g6:27181] [ 2] /gnu/store/5jr225ab8j3i9799rbpr2cj6yrmxjh7j-openmpi-4.1.1/lib/libmpi.so.40(MPI_Rsend+0x12c)[0x7f996e663a0c]
[g6:27181] [ 3] ./matrix_band_modes[0x4019f4]
[g6:27181] [ 4] /gnu/store/fa6wj5bxkj5ll1d7292a70knmyl7a0cr-glibc-2.31/lib/libc.so.6(__libc_start_main+0xed)[0x7f996e3f5a6d]
[g6:27181] [ 5] ./matrix_band_modes[0x401aca]
[g6:27181] *** End of error message ***
[g6:27179:0:27179] Caught signal 11 (Segmentation fault: Sent by the kernel at address (nil))
==== backtrace (tid:  27179) ====
 0  /gnu/store/vil23w1cj0dy99a2n78265rrrli0rwwz-ucx-1.9.0/lib/libucs.so.0(ucs_handle_error+0xe4) [0x7f07e9f88404]
 1  /gnu/store/vil23w1cj0dy99a2n78265rrrli0rwwz-ucx-1.9.0/lib/libucs.so.0(+0x2772c) [0x7f07e9f8872c]
 2  /gnu/store/vil23w1cj0dy99a2n78265rrrli0rwwz-ucx-1.9.0/lib/libucs.so.0(+0x27994) [0x7f07e9f88994]
 3  /gnu/store/5jr225ab8j3i9799rbpr2cj6yrmxjh7j-openmpi-4.1.1/lib/openmpi/mca_pml_ob1.so(mca_pml_ob1_send+0x54) [0x7f07ea811a14]
 4  /gnu/store/5jr225ab8j3i9799rbpr2cj6yrmxjh7j-openmpi-4.1.1/lib/libmpi.so.40(MPI_Rsend+0x12c) [0x7f07ec965a0c]
 5  ./matrix_band_modes() [0x4019f4]
 6  /gnu/store/fa6wj5bxkj5ll1d7292a70knmyl7a0cr-glibc-2.31/lib/libc.so.6(__libc_start_main+0xed) [0x7f07ec6f7a6d]
 7  ./matrix_band_modes() [0x401aca]
=================================
[g6:27179] *** Process received signal ***
[g6:27179] Signal: Segmentation fault (11)
[g6:27179] Signal code:  (-6)
[g6:27179] Failing at address: 0x142900006a2b
[g6:27179] [ 0] /gnu/store/fa6wj5bxkj5ll1d7292a70knmyl7a0cr-glibc-2.31/lib/libpthread.so.0(+0x13010)[0x7f07ec8a5010]
[g6:27179] [ 1] /gnu/store/5jr225ab8j3i9799rbpr2cj6yrmxjh7j-openmpi-4.1.1/lib/openmpi/mca_pml_ob1.so(mca_pml_ob1_send+0x54)[0x7f07ea811a14]
[g6:27179] [ 2] /gnu/store/5jr225ab8j3i9799rbpr2cj6yrmxjh7j-openmpi-4.1.1/lib/libmpi.so.40(MPI_Rsend+0x12c)[0x7f07ec965a0c]
[g6:27179] [ 3] ./matrix_band_modes[0x4019f4]
[g6:27179] [ 4] /gnu/store/fa6wj5bxkj5ll1d7292a70knmyl7a0cr-glibc-2.31/lib/libc.so.6(__libc_start_main+0xed)[0x7f07ec6f7a6d]
[g6:27179] [ 5] ./matrix_band_modes[0x401aca]
[g6:27179] *** End of error message ***
[g6:27180:0:27180] Caught signal 11 (Segmentation fault: Sent by the kernel at address (nil))
==== backtrace (tid:  27180) ====
 0  /gnu/store/vil23w1cj0dy99a2n78265rrrli0rwwz-ucx-1.9.0/lib/libucs.so.0(ucs_handle_error+0xe4) [0x7f5a9d0e5404]
 1  /gnu/store/vil23w1cj0dy99a2n78265rrrli0rwwz-ucx-1.9.0/lib/libucs.so.0(+0x2772c) [0x7f5a9d0e572c]
 2  /gnu/store/vil23w1cj0dy99a2n78265rrrli0rwwz-ucx-1.9.0/lib/libucs.so.0(+0x27994) [0x7f5a9d0e5994]
 3  /gnu/store/5jr225ab8j3i9799rbpr2cj6yrmxjh7j-openmpi-4.1.1/lib/openmpi/mca_pml_ob1.so(mca_pml_ob1_send+0x54) [0x7f5a9d96ea14]
 4  /gnu/store/5jr225ab8j3i9799rbpr2cj6yrmxjh7j-openmpi-4.1.1/lib/libmpi.so.40(MPI_Rsend+0x12c) [0x7f5a9fac3a0c]
 5  ./matrix_band_modes() [0x4019f4]
 6  /gnu/store/fa6wj5bxkj5ll1d7292a70knmyl7a0cr-glibc-2.31/lib/libc.so.6(__libc_start_main+0xed) [0x7f5a9f855a6d]
 7  ./matrix_band_modes() [0x401aca]
=================================
[g6:27180] *** Process received signal ***
[g6:27180] Signal: Segmentation fault (11)
[g6:27180] Signal code:  (-6)
[g6:27180] Failing at address: 0x142900006a2c
[g6:27180] [ 0] /gnu/store/fa6wj5bxkj5ll1d7292a70knmyl7a0cr-glibc-2.31/lib/libpthread.so.0(+0x13010)[0x7f5a9fa03010]
[g6:27180] [ 1] /gnu/store/5jr225ab8j3i9799rbpr2cj6yrmxjh7j-openmpi-4.1.1/lib/openmpi/mca_pml_ob1.so(mca_pml_ob1_send+0x54)[0x7f5a9d96ea14]
[g6:27180] [ 2] /gnu/store/5jr225ab8j3i9799rbpr2cj6yrmxjh7j-openmpi-4.1.1/lib/libmpi.so.40(MPI_Rsend+0x12c)[0x7f5a9fac3a0c]
[g6:27180] [ 3] ./matrix_band_modes[0x4019f4]
[g6:27180] [ 4] /gnu/store/fa6wj5bxkj5ll1d7292a70knmyl7a0cr-glibc-2.31/lib/libc.so.6(__libc_start_main+0xed)[0x7f5a9f855a6d]
[g6:27180] [ 5] ./matrix_band_modes[0x401aca]
[g6:27180] *** End of error message ***
--------------------------------------------------------------------------
mpirun noticed that process rank 7 with PID 27186 on node g6 exited on signal 11 (Segmentation fault).
--------------------------------------------------------------------------
