Matrix Band Multiplication - Mode: STANDARD
Matrix size: 1024x1024, Processes: 8
Execution time: 1.711546 seconds
free(): invalid next size (normal)
[g5:07655] *** Process received signal ***
[g5:07655] Signal: Aborted (6)
[g5:07655] Signal code:  (-6)
[g5:07655] [ 0] /gnu/store/fa6wj5bxkj5ll1d7292a70knmyl7a0cr-glibc-2.31/lib/libpthread.so.0(+0x13010)[0x7f21f8e1d010]
[g5:07655] [ 1] /gnu/store/fa6wj5bxkj5ll1d7292a70knmyl7a0cr-glibc-2.31/lib/libc.so.6(gsignal+0xca)[0x7f21f8c83aba]
[g5:07655] [ 2] /gnu/store/fa6wj5bxkj5ll1d7292a70knmyl7a0cr-glibc-2.31/lib/libc.so.6(abort+0x165)[0x7f21f8c84bf5]
[g5:07655] [ 3] /gnu/store/fa6wj5bxkj5ll1d7292a70knmyl7a0cr-glibc-2.31/lib/libc.so.6(+0x78c97)[0x7f21f8cc5c97]
[g5:07655] [ 4] /gnu/store/fa6wj5bxkj5ll1d7292a70knmyl7a0cr-glibc-2.31/lib/libc.so.6(+0x7ffea)[0x7f21f8cccfea]
[g5:07655] [ 5] /gnu/store/fa6wj5bxkj5ll1d7292a70knmyl7a0cr-glibc-2.31/lib/libc.so.6(+0x81c4c)[0x7f21f8ccec4c]
[g5:07655] [ 6] ./matrix_band_modes[0x401c0c]
[g5:07655] [ 7] ./matrix_band_modes[0x401787]
[g5:07655] [ 8] /gnu/store/fa6wj5bxkj5ll1d7292a70knmyl7a0cr-glibc-2.31/lib/libc.so.6(__libc_start_main+0xed)[0x7f21f8c6fa6d]
[g5:07655] [ 9] ./matrix_band_modes[0x401aca]
[g5:07655] *** End of error message ***
--------------------------------------------------------------------------
Primary job  terminated normally, but 1 process returned
a non-zero exit code. Per user-direction, the job has been aborted.
--------------------------------------------------------------------------
--------------------------------------------------------------------------
mpirun noticed that process rank 0 with PID 7655 on node g5 exited on signal 6 (Aborted).
--------------------------------------------------------------------------
