Matrix Band Multiplication - Mode: SYNCHRONOUS
Matrix size: 512x512, Processes: 8
Execution time: 0.148907 seconds
free(): invalid next size (normal)
[g8:28494] *** Process received signal ***
[g8:28494] Signal: Aborted (6)
[g8:28494] Signal code:  (-6)
[g8:28494] [ 0] /gnu/store/fa6wj5bxkj5ll1d7292a70knmyl7a0cr-glibc-2.31/lib/libpthread.so.0(+0x13010)[0x7f17d9221010]
[g8:28494] [ 1] /gnu/store/fa6wj5bxkj5ll1d7292a70knmyl7a0cr-glibc-2.31/lib/libc.so.6(gsignal+0xca)[0x7f17d9087aba]
[g8:28494] [ 2] /gnu/store/fa6wj5bxkj5ll1d7292a70knmyl7a0cr-glibc-2.31/lib/libc.so.6(abort+0x165)[0x7f17d9088bf5]
[g8:28494] [ 3] /gnu/store/fa6wj5bxkj5ll1d7292a70knmyl7a0cr-glibc-2.31/lib/libc.so.6(+0x78c97)[0x7f17d90c9c97]
[g8:28494] [ 4] /gnu/store/fa6wj5bxkj5ll1d7292a70knmyl7a0cr-glibc-2.31/lib/libc.so.6(+0x7ffea)[0x7f17d90d0fea]
[g8:28494] [ 5] /gnu/store/fa6wj5bxkj5ll1d7292a70knmyl7a0cr-glibc-2.31/lib/libc.so.6(+0x81c4c)[0x7f17d90d2c4c]
[g8:28494] [ 6] ./matrix_band_modes[0x401c0c]
[g8:28494] [ 7] ./matrix_band_modes[0x401787]
[g8:28494] [ 8] /gnu/store/fa6wj5bxkj5ll1d7292a70knmyl7a0cr-glibc-2.31/lib/libc.so.6(__libc_start_main+0xed)[0x7f17d9073a6d]
[g8:28494] [ 9] ./matrix_band_modes[0x401aca]
[g8:28494] *** End of error message ***
--------------------------------------------------------------------------
Primary job  terminated normally, but 1 process returned
a non-zero exit code. Per user-direction, the job has been aborted.
--------------------------------------------------------------------------
--------------------------------------------------------------------------
mpirun noticed that process rank 0 with PID 28494 on node g8 exited on signal 6 (Aborted).
--------------------------------------------------------------------------
