Matrix Band Multiplication - Mode: READY
Matrix size: 512x512, Processes: 8
Execution time: 0.408642 seconds
free(): invalid next size (normal)
[g5:07617] *** Process received signal ***
[g5:07617] Signal: Aborted (6)
[g5:07617] Signal code:  (-6)
[g5:07617] [ 0] /gnu/store/fa6wj5bxkj5ll1d7292a70knmyl7a0cr-glibc-2.31/lib/libpthread.so.0(+0x13010)[0x7f2ebe2a1010]
[g5:07617] [ 1] /gnu/store/fa6wj5bxkj5ll1d7292a70knmyl7a0cr-glibc-2.31/lib/libc.so.6(gsignal+0xca)[0x7f2ebe107aba]
[g5:07617] [ 2] /gnu/store/fa6wj5bxkj5ll1d7292a70knmyl7a0cr-glibc-2.31/lib/libc.so.6(abort+0x165)[0x7f2ebe108bf5]
[g5:07617] [ 3] /gnu/store/fa6wj5bxkj5ll1d7292a70knmyl7a0cr-glibc-2.31/lib/libc.so.6(+0x78c97)[0x7f2ebe149c97]
[g5:07617] [ 4] /gnu/store/fa6wj5bxkj5ll1d7292a70knmyl7a0cr-glibc-2.31/lib/libc.so.6(+0x7ffea)[0x7f2ebe150fea]
[g5:07617] [ 5] /gnu/store/fa6wj5bxkj5ll1d7292a70knmyl7a0cr-glibc-2.31/lib/libc.so.6(+0x81c4c)[0x7f2ebe152c4c]
[g5:07617] [ 6] ./matrix_band_modes[0x401c0c]
[g5:07617] [ 7] ./matrix_band_modes[0x401787]
[g5:07617] [ 8] /gnu/store/fa6wj5bxkj5ll1d7292a70knmyl7a0cr-glibc-2.31/lib/libc.so.6(__libc_start_main+0xed)[0x7f2ebe0f3a6d]
[g5:07617] [ 9] ./matrix_band_modes[0x401aca]
[g5:07617] *** End of error message ***
--------------------------------------------------------------------------
Primary job  terminated normally, but 1 process returned
a non-zero exit code. Per user-direction, the job has been aborted.
--------------------------------------------------------------------------
--------------------------------------------------------------------------
mpirun noticed that process rank 0 with PID 7617 on node g5 exited on signal 6 (Aborted).
--------------------------------------------------------------------------
