Matrix Band Multiplication - Mode: STANDARD
Matrix size: 512x512, Processes: 4
Execution time: 0.129343 seconds
free(): invalid next size (normal)
[g4:14602] *** Process received signal ***
[g4:14602] Signal: Aborted (6)
[g4:14602] Signal code:  (-6)
[g4:14602] [ 0] /gnu/store/fa6wj5bxkj5ll1d7292a70knmyl7a0cr-glibc-2.31/lib/libpthread.so.0(+0x13010)[0x7f55c7823010]
[g4:14602] [ 1] /gnu/store/fa6wj5bxkj5ll1d7292a70knmyl7a0cr-glibc-2.31/lib/libc.so.6(gsignal+0xca)[0x7f55c7689aba]
[g4:14602] [ 2] /gnu/store/fa6wj5bxkj5ll1d7292a70knmyl7a0cr-glibc-2.31/lib/libc.so.6(abort+0x165)[0x7f55c768abf5]
[g4:14602] [ 3] /gnu/store/fa6wj5bxkj5ll1d7292a70knmyl7a0cr-glibc-2.31/lib/libc.so.6(+0x78c97)[0x7f55c76cbc97]
[g4:14602] [ 4] /gnu/store/fa6wj5bxkj5ll1d7292a70knmyl7a0cr-glibc-2.31/lib/libc.so.6(+0x7ffea)[0x7f55c76d2fea]
[g4:14602] [ 5] /gnu/store/fa6wj5bxkj5ll1d7292a70knmyl7a0cr-glibc-2.31/lib/libc.so.6(+0x81c4c)[0x7f55c76d4c4c]
[g4:14602] [ 6] ./matrix_band_modes[0x401c0c]
[g4:14602] [ 7] ./matrix_band_modes[0x401787]
[g4:14602] [ 8] /gnu/store/fa6wj5bxkj5ll1d7292a70knmyl7a0cr-glibc-2.31/lib/libc.so.6(__libc_start_main+0xed)[0x7f55c7675a6d]
[g4:14602] [ 9] ./matrix_band_modes[0x401aca]
[g4:14602] *** End of error message ***
--------------------------------------------------------------------------
Primary job  terminated normally, but 1 process returned
a non-zero exit code. Per user-direction, the job has been aborted.
--------------------------------------------------------------------------
--------------------------------------------------------------------------
mpirun noticed that process rank 0 with PID 14602 on node g4 exited on signal 6 (Aborted).
--------------------------------------------------------------------------
