Matrix Band Multiplication - Mode: STANDARD
Matrix size: 1024x1024, Processes: 4
Execution time: 3.190531 seconds
corrupted size vs. prev_size
[g6:27242] *** Process received signal ***
[g6:27242] Signal: Aborted (6)
[g6:27242] Signal code:  (-6)
[g6:27242] [ 0] /gnu/store/fa6wj5bxkj5ll1d7292a70knmyl7a0cr-glibc-2.31/lib/libpthread.so.0(+0x13010)[0x7f5fdce99010]
[g6:27242] [ 1] /gnu/store/fa6wj5bxkj5ll1d7292a70knmyl7a0cr-glibc-2.31/lib/libc.so.6(gsignal+0xca)[0x7f5fdccffaba]
[g6:27242] [ 2] /gnu/store/fa6wj5bxkj5ll1d7292a70knmyl7a0cr-glibc-2.31/lib/libc.so.6(abort+0x165)[0x7f5fdcd00bf5]
[g6:27242] [ 3] /gnu/store/fa6wj5bxkj5ll1d7292a70knmyl7a0cr-glibc-2.31/lib/libc.so.6(+0x78c97)[0x7f5fdcd41c97]
[g6:27242] [ 4] /gnu/store/fa6wj5bxkj5ll1d7292a70knmyl7a0cr-glibc-2.31/lib/libc.so.6(+0x7ffea)[0x7f5fdcd48fea]
[g6:27242] [ 5] /gnu/store/fa6wj5bxkj5ll1d7292a70knmyl7a0cr-glibc-2.31/lib/libc.so.6(+0x80816)[0x7f5fdcd49816]
[g6:27242] [ 6] /gnu/store/fa6wj5bxkj5ll1d7292a70knmyl7a0cr-glibc-2.31/lib/libc.so.6(+0x81c9b)[0x7f5fdcd4ac9b]
[g6:27242] [ 7] ./matrix_band_modes[0x401c0c]
[g6:27242] [ 8] ./matrix_band_modes[0x401787]
[g6:27242] [ 9] /gnu/store/fa6wj5bxkj5ll1d7292a70knmyl7a0cr-glibc-2.31/lib/libc.so.6(__libc_start_main+0xed)[0x7f5fdcceba6d]
[g6:27242] [10] ./matrix_band_modes[0x401aca]
[g6:27242] *** End of error message ***
--------------------------------------------------------------------------
Primary job  terminated normally, but 1 process returned
a non-zero exit code. Per user-direction, the job has been aborted.
--------------------------------------------------------------------------
--------------------------------------------------------------------------
mpirun noticed that process rank 0 with PID 27242 on node g6 exited on signal 6 (Aborted).
--------------------------------------------------------------------------
