Matrix Band Multiplication - Mode: SYNCHRONOUS
Matrix size: 1024x1024, Processes: 16
Execution time: 1.775481 seconds
free(): invalid next size (normal)
[g1:31281] *** Process received signal ***
[g1:31281] Signal: Aborted (6)
[g1:31281] Signal code:  (-6)
[g1:31281] [ 0] /gnu/store/fa6wj5bxkj5ll1d7292a70knmyl7a0cr-glibc-2.31/lib/libpthread.so.0(+0x13010)[0x7fa4986ba010]
[g1:31281] [ 1] /gnu/store/fa6wj5bxkj5ll1d7292a70knmyl7a0cr-glibc-2.31/lib/libc.so.6(gsignal+0xca)[0x7fa498520aba]
[g1:31281] [ 2] /gnu/store/fa6wj5bxkj5ll1d7292a70knmyl7a0cr-glibc-2.31/lib/libc.so.6(abort+0x165)[0x7fa498521bf5]
[g1:31281] [ 3] /gnu/store/fa6wj5bxkj5ll1d7292a70knmyl7a0cr-glibc-2.31/lib/libc.so.6(+0x78c97)[0x7fa498562c97]
[g1:31281] [ 4] /gnu/store/fa6wj5bxkj5ll1d7292a70knmyl7a0cr-glibc-2.31/lib/libc.so.6(+0x7ffea)[0x7fa498569fea]
[g1:31281] [ 5] /gnu/store/fa6wj5bxkj5ll1d7292a70knmyl7a0cr-glibc-2.31/lib/libc.so.6(+0x81c4c)[0x7fa49856bc4c]
[g1:31281] [ 6] ./matrix_band_modes[0x401c0c]
[g1:31281] [ 7] ./matrix_band_modes[0x401787]
[g1:31281] [ 8] /gnu/store/fa6wj5bxkj5ll1d7292a70knmyl7a0cr-glibc-2.31/lib/libc.so.6(__libc_start_main+0xed)[0x7fa49850ca6d]
[g1:31281] [ 9] ./matrix_band_modes[0x401aca]
[g1:31281] *** End of error message ***
--------------------------------------------------------------------------
Primary job  terminated normally, but 1 process returned
a non-zero exit code. Per user-direction, the job has been aborted.
--------------------------------------------------------------------------
--------------------------------------------------------------------------
mpirun noticed that process rank 0 with PID 31281 on node g1 exited on signal 6 (Aborted).
--------------------------------------------------------------------------
