Matrix Band Multiplication - Mode: SYNCHRONOUS
Matrix size: 1024x1024, Processes: 8
Execution time: 1.696475 seconds
corrupted size vs. prev_size
[g10:29877] *** Process received signal ***
[g10:29877] Signal: Aborted (6)
[g10:29877] Signal code:  (-6)
[g10:29877] [ 0] /gnu/store/fa6wj5bxkj5ll1d7292a70knmyl7a0cr-glibc-2.31/lib/libpthread.so.0(+0x13010)[0x7f8981007010]
[g10:29877] [ 1] /gnu/store/fa6wj5bxkj5ll1d7292a70knmyl7a0cr-glibc-2.31/lib/libc.so.6(gsignal+0xca)[0x7f8980e6daba]
[g10:29877] [ 2] /gnu/store/fa6wj5bxkj5ll1d7292a70knmyl7a0cr-glibc-2.31/lib/libc.so.6(abort+0x165)[0x7f8980e6ebf5]
[g10:29877] [ 3] /gnu/store/fa6wj5bxkj5ll1d7292a70knmyl7a0cr-glibc-2.31/lib/libc.so.6(+0x78c97)[0x7f8980eafc97]
[g10:29877] [ 4] /gnu/store/fa6wj5bxkj5ll1d7292a70knmyl7a0cr-glibc-2.31/lib/libc.so.6(+0x7ffea)[0x7f8980eb6fea]
[g10:29877] [ 5] /gnu/store/fa6wj5bxkj5ll1d7292a70knmyl7a0cr-glibc-2.31/lib/libc.so.6(+0x80816)[0x7f8980eb7816]
[g10:29877] [ 6] /gnu/store/fa6wj5bxkj5ll1d7292a70knmyl7a0cr-glibc-2.31/lib/libc.so.6(+0x81c9b)[0x7f8980eb8c9b]
[g10:29877] [ 7] ./matrix_band_modes[0x401c0c]
[g10:29877] [ 8] ./matrix_band_modes[0x401787]
[g10:29877] [ 9] /gnu/store/fa6wj5bxkj5ll1d7292a70knmyl7a0cr-glibc-2.31/lib/libc.so.6(__libc_start_main+0xed)[0x7f8980e59a6d]
[g10:29877] [10] ./matrix_band_modes[0x401aca]
[g10:29877] *** End of error message ***
--------------------------------------------------------------------------
Primary job  terminated normally, but 1 process returned
a non-zero exit code. Per user-direction, the job has been aborted.
--------------------------------------------------------------------------
--------------------------------------------------------------------------
mpirun noticed that process rank 0 with PID 29877 on node g10 exited on signal 6 (Aborted).
--------------------------------------------------------------------------
