Matrix Band Multiplication - Mode: SYNCHRONOUS
Matrix size: 256x256, Processes: 8
[g5:7555 :0:7555] Caught signal 11 (Segmentation fault: Sent by the kernel at address (nil))
[g5:7559 :0:7559] Caught signal 11 (Segmentation fault: Sent by the kernel at address (nil))
==== backtrace (tid:   7555) ====
==== backtrace (tid:   7559) ====
 0  /gnu/store/vil23w1cj0dy99a2n78265rrrli0rwwz-ucx-1.9.0/lib/libucs.so.0(ucs_handle_error+0xe4) [0x7f4bf5437404]
 1  /gnu/store/vil23w1cj0dy99a2n78265rrrli0rwwz-ucx-1.9.0/lib/libucs.so.0(+0x2772c) [0x7f4bf543772c]
 2  /gnu/store/vil23w1cj0dy99a2n78265rrrli0rwwz-ucx-1.9.0/lib/libucs.so.0(+0x27994) [0x7f4bf5437994]
 3  /gnu/store/5jr225ab8j3i9799rbpr2cj6yrmxjh7j-openmpi-4.1.1/lib/openmpi/mca_pml_ob1.so(check_cantmatch_for_match+0x11) [0x7f4bf5cc4491]
 4  /gnu/store/5jr225ab8j3i9799rbpr2cj6yrmxjh7j-openmpi-4.1.1/lib/openmpi/mca_pml_ob1.so(+0x11b26) [0x7f4bf5cc4b26]
 5  /gnu/store/5jr225ab8j3i9799rbpr2cj6yrmxjh7j-openmpi-4.1.1/lib/openmpi/mca_btl_vader.so(mca_btl_vader_poll_handle_frag+0x7d) [0x7f4bf5d05b2d]
 6  /gnu/store/5jr225ab8j3i9799rbpr2cj6yrmxjh7j-openmpi-4.1.1/lib/openmpi/mca_btl_vader.so(+0x5dcd) [0x7f4bf5d05dcd]
 7  /gnu/store/5jr225ab8j3i9799rbpr2cj6yrmxjh7j-openmpi-4.1.1/lib/libopen-pal.so.40(opal_progress+0x2c) [0x7f4bf7a3cc3c]
 8  /gnu/store/5jr225ab8j3i9799rbpr2cj6yrmxjh7j-openmpi-4.1.1/lib/openmpi/mca_pml_ob1.so(mca_pml_ob1_recv+0x2ad) [0x7f4bf5cbd3cd]
 9  /gnu/store/5jr225ab8j3i9799rbpr2cj6yrmxjh7j-openmpi-4.1.1/lib/libmpi.so.40(MPI_Recv+0x160) [0x7f4bf7e0f9d0]
10  ./matrix_band_modes() [0x401869]
11  /gnu/store/fa6wj5bxkj5ll1d7292a70knmyl7a0cr-glibc-2.31/lib/libc.so.6(__libc_start_main+0xed) [0x7f4bf7ba6a6d]
12  ./matrix_band_modes() [0x401aca]
=================================
[g5:07559] *** Process received signal ***
[g5:07559] Signal: Segmentation fault (11)
[g5:07559] Signal code:  (-6)
[g5:07559] Failing at address: 0x142900001d87
[g5:07559] [ 0] /gnu/store/fa6wj5bxkj5ll1d7292a70knmyl7a0cr-glibc-2.31/lib/libpthread.so.0(+0x13010)[0x7f4bf7d54010]
[g5:07559] [ 1] /gnu/store/5jr225ab8j3i9799rbpr2cj6yrmxjh7j-openmpi-4.1.1/lib/openmpi/mca_pml_ob1.so(check_cantmatch_for_match+0x11)[0x7f4bf5cc4491]
[g5:07559] [ 2] /gnu/store/5jr225ab8j3i9799rbpr2cj6yrmxjh7j-openmpi-4.1.1/lib/openmpi/mca_pml_ob1.so(+0x11b26)[0x7f4bf5cc4b26]
[g5:07559] [ 3] /gnu/store/5jr225ab8j3i9799rbpr2cj6yrmxjh7j-openmpi-4.1.1/lib/openmpi/mca_btl_vader.so(mca_btl_vader_poll_handle_frag+0x7d)[0x7f4bf5d05b2d]
[g5:07559] [ 4] /gnu/store/5jr225ab8j3i9799rbpr2cj6yrmxjh7j-openmpi-4.1.1/lib/openmpi/mca_btl_vader.so(+0x5dcd)[0x7f4bf5d05dcd]
[g5:07559] [ 5] /gnu/store/5jr225ab8j3i9799rbpr2cj6yrmxjh7j-openmpi-4.1.1/lib/libopen-pal.so.40(opal_progress+0x2c)[0x7f4bf7a3cc3c]
[g5:07559] [ 6] /gnu/store/5jr225ab8j3i9799rbpr2cj6yrmxjh7j-openmpi-4.1.1/lib/openmpi/mca_pml_ob1.so(mca_pml_ob1_recv+0x2ad)[0x7f4bf5cbd3cd]
[g5:07559] [ 7] /gnu/store/5jr225ab8j3i9799rbpr2cj6yrmxjh7j-openmpi-4.1.1/lib/libmpi.so.40(MPI_Recv+0x160)[0x7f4bf7e0f9d0]
[g5:07559] [ 8] ./matrix_band_modes[0x401869]
[g5:07559] [ 9] /gnu/store/fa6wj5bxkj5ll1d7292a70knmyl7a0cr-glibc-2.31/lib/libc.so.6(__libc_start_main+0xed)[0x7f4bf7ba6a6d]
[g5:07559] [10] ./matrix_band_modes[0x401aca]
 0  /gnu/store/vil23w1cj0dy99a2n78265rrrli0rwwz-ucx-1.9.0/lib/libucs.so.0(ucs_handle_error+0xe4) [0x7fe22d60a404]
 1  /gnu/store/vil23w1cj0dy99a2n78265rrrli0rwwz-ucx-1.9.0/lib/libucs.so.0(+0x2772c) [0x7fe22d60a72c]
 2  /gnu/store/vil23w1cj0dy99a2n78265rrrli0rwwz-ucx-1.9.0/lib/libucs.so.0(+0x27994) [0x7fe22d60a994]
 3  /gnu/store/5jr225ab8j3i9799rbpr2cj6yrmxjh7j-openmpi-4.1.1/lib/openmpi/mca_pml_ob1.so(check_cantmatch_for_match+0x11) [0x7fe22de97491]
 4  /gnu/store/5jr225ab8j3i9799rbpr2cj6yrmxjh7j-openmpi-4.1.1/lib/openmpi/mca_pml_ob1.so(+0x11b26) [0x7fe22de97b26]
 5  /gnu/store/5jr225ab8j3i9799rbpr2cj6yrmxjh7j-openmpi-4.1.1/lib/openmpi/mca_btl_vader.so(mca_btl_vader_poll_handle_frag+0x7d) [0x7fe22ded8b2d]
 6  /gnu/store/5jr225ab8j3i9799rbpr2cj6yrmxjh7j-openmpi-4.1.1/lib/openmpi/mca_btl_vader.so(+0x5dcd) [0x7fe22ded8dcd]
 7  /gnu/store/5jr225ab8j3i9799rbpr2cj6yrmxjh7j-openmpi-4.1.1/lib/libopen-pal.so.40(opal_progress+0x2c) [0x7fe22fc10c3c]
 8  /gnu/store/5jr225ab8j3i9799rbpr2cj6yrmxjh7j-openmpi-4.1.1/lib/openmpi/mca_pml_ob1.so(mca_pml_ob1_recv+0x2ad) [0x7fe22de903cd]
 9  /gnu/store/5jr225ab8j3i9799rbpr2cj6yrmxjh7j-openmpi-4.1.1/lib/libmpi.so.40(MPI_Recv+0x160) [0x7fe22ffe39d0]
10  ./matrix_band_modes() [0x401869]
11  /gnu/store/fa6wj5bxkj5ll1d7292a70knmyl7a0cr-glibc-2.31/lib/libc.so.6(__libc_start_main+0xed) [0x7fe22fd7aa6d]
12  ./matrix_band_modes() [0x401aca]
=================================
[g5:07555] *** Process received signal ***
[g5:07555] Signal: Segmentation fault (11)
[g5:07555] Signal code:  (-6)
[g5:07555] Failing at address: 0x142900001d83
[g5:07555] [ 0] /gnu/store/fa6wj5bxkj5ll1d7292a70knmyl7a0cr-glibc-2.31/lib/libpthread.so.0(+0x13010)[0x7fe22ff28010]
[g5:07555] [ 1] /gnu/store/5jr225ab8j3i9799rbpr2cj6yrmxjh7j-openmpi-4.1.1/lib/openmpi/mca_pml_ob1.so(check_cantmatch_for_match+0x11)[0x7fe22de97491]
[g5:07555] [ 2] /gnu/store/5jr225ab8j3i9799rbpr2cj6yrmxjh7j-openmpi-4.1.1/lib/openmpi/mca_pml_ob1.so(+0x11b26)[0x7fe22de97b26]
[g5:07555] [ 3] /gnu/store/5jr225ab8j3i9799rbpr2cj6yrmxjh7j-openmpi-4.1.1/lib/openmpi/mca_btl_vader.so(mca_btl_vader_poll_handle_frag+0x7d)[0x7fe22ded8b2d]
[g5:07555] [ 4] /gnu/store/5jr225ab8j3i9799rbpr2cj6yrmxjh7j-openmpi-4.1.1/lib/openmpi/mca_btl_vader.so(+0x5dcd)[0x7fe22ded8dcd]
[g5:07555] [ 5] /gnu/store/5jr225ab8j3i9799rbpr2cj6yrmxjh7j-openmpi-4.1.1/lib/libopen-pal.so.40(opal_progress+0x2c)[0x7fe22fc10c3c]
[g5:07555] [ 6] /gnu/store/5jr225ab8j3i9799rbpr2cj6yrmxjh7j-openmpi-4.1.1/lib/openmpi/mca_pml_ob1.so(mca_pml_ob1_recv+0x2ad)[0x7fe22de903cd]
[g5:07555] [ 7] /gnu/store/5jr225ab8j3i9799rbpr2cj6yrmxjh7j-openmpi-4.1.1/lib/libmpi.so.40(MPI_Recv+0x160)[0x7fe22ffe39d0]
[g5:07555] [ 8] ./matrix_band_modes[0x401869]
[g5:07555] [ 9] /gnu/store/fa6wj5bxkj5ll1d7292a70knmyl7a0cr-glibc-2.31/lib/libc.so.6(__libc_start_main+0xed)[0x7fe22fd7aa6d]
[g5:07555] [10] ./matrix_band_modes[0x401aca]
[g5:07555] *** End of error message ***
[g5:07559] *** End of error message ***
--------------------------------------------------------------------------
Primary job  terminated normally, but 1 process returned
a non-zero exit code. Per user-direction, the job has been aborted.
--------------------------------------------------------------------------
[g5:7553 :0:7553] Caught signal 11 (Segmentation fault: Sent by the kernel at address (nil))
==== backtrace (tid:   7553) ====
 0  /gnu/store/vil23w1cj0dy99a2n78265rrrli0rwwz-ucx-1.9.0/lib/libucs.so.0(ucs_handle_error+0xe4) [0x7fd4d42f7404]
 1  /gnu/store/vil23w1cj0dy99a2n78265rrrli0rwwz-ucx-1.9.0/lib/libucs.so.0(+0x2772c) [0x7fd4d42f772c]
 2  /gnu/store/vil23w1cj0dy99a2n78265rrrli0rwwz-ucx-1.9.0/lib/libucs.so.0(+0x27994) [0x7fd4d42f7994]
 3  /gnu/store/5jr225ab8j3i9799rbpr2cj6yrmxjh7j-openmpi-4.1.1/lib/openmpi/mca_pml_ob1.so(mca_pml_ob1_send+0x54) [0x7fd4d4b80a14]
 4  /gnu/store/5jr225ab8j3i9799rbpr2cj6yrmxjh7j-openmpi-4.1.1/lib/libmpi.so.40(MPI_Ssend+0x129) [0x7fd4d6cdaec9]
 5  ./matrix_band_modes() [0x401a28]
 6  /gnu/store/fa6wj5bxkj5ll1d7292a70knmyl7a0cr-glibc-2.31/lib/libc.so.6(__libc_start_main+0xed) [0x7fd4d6a67a6d]
 7  ./matrix_band_modes() [0x401aca]
=================================
[g5:07553] *** Process received signal ***
[g5:07553] Signal: Segmentation fault (11)
[g5:07553] Signal code:  (-6)
[g5:07553] Failing at address: 0x142900001d81
[g5:07553] [ 0] /gnu/store/fa6wj5bxkj5ll1d7292a70knmyl7a0cr-glibc-2.31/lib/libpthread.so.0(+0x13010)[0x7fd4d6c15010]
[g5:07553] [ 1] /gnu/store/5jr225ab8j3i9799rbpr2cj6yrmxjh7j-openmpi-4.1.1/lib/openmpi/mca_pml_ob1.so(mca_pml_ob1_send+0x54)[0x7fd4d4b80a14]
[g5:07553] [ 2] /gnu/store/5jr225ab8j3i9799rbpr2cj6yrmxjh7j-openmpi-4.1.1/lib/libmpi.so.40(MPI_Ssend+0x129)[0x7fd4d6cdaec9]
[g5:07553] [ 3] ./matrix_band_modes[0x401a28]
[g5:07553] [ 4] /gnu/store/fa6wj5bxkj5ll1d7292a70knmyl7a0cr-glibc-2.31/lib/libc.so.6(__libc_start_main+0xed)[0x7fd4d6a67a6d]
[g5:07553] [ 5] ./matrix_band_modes[0x401aca]
[g5:07553] *** End of error message ***
[g5:7554 :0:7554] Caught signal 11 (Segmentation fault: Sent by the kernel at address (nil))
==== backtrace (tid:   7554) ====
 0  /gnu/store/vil23w1cj0dy99a2n78265rrrli0rwwz-ucx-1.9.0/lib/libucs.so.0(ucs_handle_error+0xe4) [0x7f648d7f5404]
 1  /gnu/store/vil23w1cj0dy99a2n78265rrrli0rwwz-ucx-1.9.0/lib/libucs.so.0(+0x2772c) [0x7f648d7f572c]
 2  /gnu/store/vil23w1cj0dy99a2n78265rrrli0rwwz-ucx-1.9.0/lib/libucs.so.0(+0x27994) [0x7f648d7f5994]
 3  /gnu/store/5jr225ab8j3i9799rbpr2cj6yrmxjh7j-openmpi-4.1.1/lib/openmpi/mca_pml_ob1.so(mca_pml_ob1_send+0x54) [0x7f648e07ea14]
 4  /gnu/store/5jr225ab8j3i9799rbpr2cj6yrmxjh7j-openmpi-4.1.1/lib/libmpi.so.40(MPI_Ssend+0x129) [0x7f64901d8ec9]
 5  ./matrix_band_modes() [0x401a28]
 6  /gnu/store/fa6wj5bxkj5ll1d7292a70knmyl7a0cr-glibc-2.31/lib/libc.so.6(__libc_start_main+0xed) [0x7f648ff65a6d]
 7  ./matrix_band_modes() [0x401aca]
=================================
[g5:07554] *** Process received signal ***
[g5:07554] Signal: Segmentation fault (11)
[g5:07554] Signal code:  (-6)
[g5:07554] Failing at address: 0x142900001d82
[g5:07554] [ 0] /gnu/store/fa6wj5bxkj5ll1d7292a70knmyl7a0cr-glibc-2.31/lib/libpthread.so.0(+0x13010)[0x7f6490113010]
[g5:07554] [ 1] /gnu/store/5jr225ab8j3i9799rbpr2cj6yrmxjh7j-openmpi-4.1.1/lib/openmpi/mca_pml_ob1.so(mca_pml_ob1_send+0x54)[0x7f648e07ea14]
[g5:07554] [ 2] /gnu/store/5jr225ab8j3i9799rbpr2cj6yrmxjh7j-openmpi-4.1.1/lib/libmpi.so.40(MPI_Ssend+0x129)[0x7f64901d8ec9]
[g5:07554] [ 3] ./matrix_band_modes[0x401a28]
[g5:07554] [ 4] /gnu/store/fa6wj5bxkj5ll1d7292a70knmyl7a0cr-glibc-2.31/lib/libc.so.6(__libc_start_main+0xed)[0x7f648ff65a6d]
[g5:07554] [ 5] ./matrix_band_modes[0x401aca]
[g5:07554] *** End of error message ***
[g5:7556 :0:7556] Caught signal 11 (Segmentation fault: Sent by the kernel at address (nil))
==== backtrace (tid:   7556) ====
 0  /gnu/store/vil23w1cj0dy99a2n78265rrrli0rwwz-ucx-1.9.0/lib/libucs.so.0(ucs_handle_error+0xe4) [0x7f39fb3b1404]
 1  /gnu/store/vil23w1cj0dy99a2n78265rrrli0rwwz-ucx-1.9.0/lib/libucs.so.0(+0x2772c) [0x7f39fb3b172c]
 2  /gnu/store/vil23w1cj0dy99a2n78265rrrli0rwwz-ucx-1.9.0/lib/libucs.so.0(+0x27994) [0x7f39fb3b1994]
 3  /gnu/store/5jr225ab8j3i9799rbpr2cj6yrmxjh7j-openmpi-4.1.1/lib/openmpi/mca_pml_ob1.so(mca_pml_ob1_send+0x54) [0x7f3a0004aa14]
 4  /gnu/store/5jr225ab8j3i9799rbpr2cj6yrmxjh7j-openmpi-4.1.1/lib/libmpi.so.40(MPI_Ssend+0x129) [0x7f3a01da4ec9]
 5  ./matrix_band_modes() [0x401a28]
 6  /gnu/store/fa6wj5bxkj5ll1d7292a70knmyl7a0cr-glibc-2.31/lib/libc.so.6(__libc_start_main+0xed) [0x7f3a01b31a6d]
 7  ./matrix_band_modes() [0x401aca]
=================================
[g5:07556] *** Process received signal ***
[g5:07556] Signal: Segmentation fault (11)
[g5:07556] Signal code:  (-6)
[g5:07556] Failing at address: 0x142900001d84
[g5:07556] [ 0] /gnu/store/fa6wj5bxkj5ll1d7292a70knmyl7a0cr-glibc-2.31/lib/libpthread.so.0(+0x13010)[0x7f3a01cdf010]
[g5:07556] [ 1] /gnu/store/5jr225ab8j3i9799rbpr2cj6yrmxjh7j-openmpi-4.1.1/lib/openmpi/mca_pml_ob1.so(mca_pml_ob1_send+0x54)[0x7f3a0004aa14]
[g5:07556] [ 2] /gnu/store/5jr225ab8j3i9799rbpr2cj6yrmxjh7j-openmpi-4.1.1/lib/libmpi.so.40(MPI_Ssend+0x129)[0x7f3a01da4ec9]
[g5:07556] [ 3] ./matrix_band_modes[0x401a28]
[g5:07556] [ 4] /gnu/store/fa6wj5bxkj5ll1d7292a70knmyl7a0cr-glibc-2.31/lib/libc.so.6(__libc_start_main+0xed)[0x7f3a01b31a6d]
[g5:07556] [ 5] ./matrix_band_modes[0x401aca]
[g5:07556] *** End of error message ***
--------------------------------------------------------------------------
mpirun noticed that process rank 6 with PID 7559 on node g5 exited on signal 11 (Segmentation fault).
--------------------------------------------------------------------------
