Matrix Band Multiplication - Mode: SYNCHRONOUS
Matrix size: 512x512, Processes: 16
[g2:22976:0:22976] Caught signal 11 (Segmentation fault: Sent by the kernel at address (nil))
==== backtrace (tid:  22976) ====
 0  /gnu/store/vil23w1cj0dy99a2n78265rrrli0rwwz-ucx-1.9.0/lib/libucs.so.0(ucs_handle_error+0xe4) [0x7f48b512e404]
 1  /gnu/store/vil23w1cj0dy99a2n78265rrrli0rwwz-ucx-1.9.0/lib/libucs.so.0(+0x2772c) [0x7f48b512e72c]
 2  /gnu/store/vil23w1cj0dy99a2n78265rrrli0rwwz-ucx-1.9.0/lib/libucs.so.0(+0x27994) [0x7f48b512e994]
 3  /gnu/store/5jr225ab8j3i9799rbpr2cj6yrmxjh7j-openmpi-4.1.1/lib/openmpi/mca_pml_ob1.so(check_cantmatch_for_match+0x11) [0x7f48b59c2491]
 4  /gnu/store/5jr225ab8j3i9799rbpr2cj6yrmxjh7j-openmpi-4.1.1/lib/openmpi/mca_pml_ob1.so(+0x11b26) [0x7f48b59c2b26]
 5  /gnu/store/5jr225ab8j3i9799rbpr2cj6yrmxjh7j-openmpi-4.1.1/lib/openmpi/mca_btl_vader.so(mca_btl_vader_poll_handle_frag+0x7d) [0x7f48b59fdb2d]
 6  /gnu/store/5jr225ab8j3i9799rbpr2cj6yrmxjh7j-openmpi-4.1.1/lib/openmpi/mca_btl_vader.so(+0x5dcd) [0x7f48b59fddcd]
 7  /gnu/store/5jr225ab8j3i9799rbpr2cj6yrmxjh7j-openmpi-4.1.1/lib/libopen-pal.so.40(opal_progress+0x2c) [0x7f48b778cc3c]
 8  /gnu/store/5jr225ab8j3i9799rbpr2cj6yrmxjh7j-openmpi-4.1.1/lib/openmpi/mca_pml_ob1.so(mca_pml_ob1_recv+0x2ad) [0x7f48b59bb3cd]
 9  /gnu/store/5jr225ab8j3i9799rbpr2cj6yrmxjh7j-openmpi-4.1.1/lib/libmpi.so.40(MPI_Recv+0x160) [0x7f48b7b5f9d0]
10  ./matrix_band_modes() [0x401869]
11  /gnu/store/fa6wj5bxkj5ll1d7292a70knmyl7a0cr-glibc-2.31/lib/libc.so.6(__libc_start_main+0xed) [0x7f48b78f6a6d]
12  ./matrix_band_modes() [0x401aca]
=================================
[g2:22976] *** Process received signal ***
[g2:22976] Signal: Segmentation fault (11)
[g2:22976] Signal code:  (-6)
[g2:22976] Failing at address: 0x1429000059c0
[g2:22976] [ 0] /gnu/store/fa6wj5bxkj5ll1d7292a70knmyl7a0cr-glibc-2.31/lib/libpthread.so.0(+0x13010)[0x7f48b7aa4010]
[g2:22976] [ 1] /gnu/store/5jr225ab8j3i9799rbpr2cj6yrmxjh7j-openmpi-4.1.1/lib/openmpi/mca_pml_ob1.so(check_cantmatch_for_match+0x11)[0x7f48b59c2491]
[g2:22976] [ 2] /gnu/store/5jr225ab8j3i9799rbpr2cj6yrmxjh7j-openmpi-4.1.1/lib/openmpi/mca_pml_ob1.so(+0x11b26)[0x7f48b59c2b26]
[g2:22976] [ 3] /gnu/store/5jr225ab8j3i9799rbpr2cj6yrmxjh7j-openmpi-4.1.1/lib/openmpi/mca_btl_vader.so(mca_btl_vader_poll_handle_frag+0x7d)[0x7f48b59fdb2d]
[g2:22976] [ 4] /gnu/store/5jr225ab8j3i9799rbpr2cj6yrmxjh7j-openmpi-4.1.1/lib/openmpi/mca_btl_vader.so(+0x5dcd)[0x7f48b59fddcd]
[g2:22976] [ 5] /gnu/store/5jr225ab8j3i9799rbpr2cj6yrmxjh7j-openmpi-4.1.1/lib/libopen-pal.so.40(opal_progress+0x2c)[0x7f48b778cc3c]
[g2:22976] [ 6] /gnu/store/5jr225ab8j3i9799rbpr2cj6yrmxjh7j-openmpi-4.1.1/lib/openmpi/mca_pml_ob1.so(mca_pml_ob1_recv+0x2ad)[0x7f48b59bb3cd]
[g2:22976] [ 7] /gnu/store/5jr225ab8j3i9799rbpr2cj6yrmxjh7j-openmpi-4.1.1/lib/libmpi.so.40(MPI_Recv+0x160)[0x7f48b7b5f9d0]
[g2:22976] [ 8] ./matrix_band_modes[0x401869]
[g2:22976] [ 9] /gnu/store/fa6wj5bxkj5ll1d7292a70knmyl7a0cr-glibc-2.31/lib/libc.so.6(__libc_start_main+0xed)[0x7f48b78f6a6d]
[g2:22976] [10] ./matrix_band_modes[0x401aca]
[g2:22976] *** End of error message ***
[g2:22977:0:22977] Caught signal 11 (Segmentation fault: Sent by the kernel at address (nil))
==== backtrace (tid:  22977) ====
 0  /gnu/store/vil23w1cj0dy99a2n78265rrrli0rwwz-ucx-1.9.0/lib/libucs.so.0(ucs_handle_error+0xe4) [0x7f8d0a68f404]
 1  /gnu/store/vil23w1cj0dy99a2n78265rrrli0rwwz-ucx-1.9.0/lib/libucs.so.0(+0x2772c) [0x7f8d0a68f72c]
 2  /gnu/store/vil23w1cj0dy99a2n78265rrrli0rwwz-ucx-1.9.0/lib/libucs.so.0(+0x27994) [0x7f8d0a68f994]
 3  /gnu/store/5jr225ab8j3i9799rbpr2cj6yrmxjh7j-openmpi-4.1.1/lib/openmpi/mca_pml_ob1.so(check_cantmatch_for_match+0x11) [0x7f8d0af1c491]
 4  /gnu/store/5jr225ab8j3i9799rbpr2cj6yrmxjh7j-openmpi-4.1.1/lib/openmpi/mca_pml_ob1.so(+0x11b26) [0x7f8d0af1cb26]
 5  /gnu/store/5jr225ab8j3i9799rbpr2cj6yrmxjh7j-openmpi-4.1.1/lib/openmpi/mca_btl_vader.so(mca_btl_vader_poll_handle_frag+0x7d) [0x7f8d0afe6b2d]
 6  /gnu/store/5jr225ab8j3i9799rbpr2cj6yrmxjh7j-openmpi-4.1.1/lib/openmpi/mca_btl_vader.so(+0x5dcd) [0x7f8d0afe6dcd]
 7  /gnu/store/5jr225ab8j3i9799rbpr2cj6yrmxjh7j-openmpi-4.1.1/lib/libopen-pal.so.40(opal_progress+0x2c) [0x7f8d10ce8c3c]
 8  /gnu/store/5jr225ab8j3i9799rbpr2cj6yrmxjh7j-openmpi-4.1.1/lib/openmpi/mca_pml_ob1.so(mca_pml_ob1_recv+0x2ad) [0x7f8d0af153cd]
 9  /gnu/store/5jr225ab8j3i9799rbpr2cj6yrmxjh7j-openmpi-4.1.1/lib/libmpi.so.40(MPI_Recv+0x160) [0x7f8d110bb9d0]
10  ./matrix_band_modes() [0x401869]
11  /gnu/store/fa6wj5bxkj5ll1d7292a70knmyl7a0cr-glibc-2.31/lib/libc.so.6(__libc_start_main+0xed) [0x7f8d10e52a6d]
12  ./matrix_band_modes() [0x401aca]
=================================
[g2:22977] *** Process received signal ***
[g2:22977] Signal: Segmentation fault (11)
[g2:22977] Signal code:  (-6)
[g2:22977] Failing at address: 0x1429000059c1
[g2:22977] [ 0] /gnu/store/fa6wj5bxkj5ll1d7292a70knmyl7a0cr-glibc-2.31/lib/libpthread.so.0(+0x13010)[0x7f8d11000010]
[g2:22977] [ 1] /gnu/store/5jr225ab8j3i9799rbpr2cj6yrmxjh7j-openmpi-4.1.1/lib/openmpi/mca_pml_ob1.so(check_cantmatch_for_match+0x11)[0x7f8d0af1c491]
[g2:22977] [ 2] /gnu/store/5jr225ab8j3i9799rbpr2cj6yrmxjh7j-openmpi-4.1.1/lib/openmpi/mca_pml_ob1.so(+0x11b26)[0x7f8d0af1cb26]
[g2:22977] [ 3] /gnu/store/5jr225ab8j3i9799rbpr2cj6yrmxjh7j-openmpi-4.1.1/lib/openmpi/mca_btl_vader.so(mca_btl_vader_poll_handle_frag+0x7d)[0x7f8d0afe6b2d]
[g2:22977] [ 4] /gnu/store/5jr225ab8j3i9799rbpr2cj6yrmxjh7j-openmpi-4.1.1/lib/openmpi/mca_btl_vader.so(+0x5dcd)[0x7f8d0afe6dcd]
[g2:22977] [ 5] /gnu/store/5jr225ab8j3i9799rbpr2cj6yrmxjh7j-openmpi-4.1.1/lib/libopen-pal.so.40(opal_progress+0x2c)[0x7f8d10ce8c3c]
[g2:22977] [ 6] /gnu/store/5jr225ab8j3i9799rbpr2cj6yrmxjh7j-openmpi-4.1.1/lib/openmpi/mca_pml_ob1.so(mca_pml_ob1_recv+0x2ad)[0x7f8d0af153cd]
[g2:22977] [ 7] /gnu/store/5jr225ab8j3i9799rbpr2cj6yrmxjh7j-openmpi-4.1.1/lib/libmpi.so.40(MPI_Recv+0x160)[0x7f8d110bb9d0]
[g2:22977] [ 8] ./matrix_band_modes[0x401869]
[g2:22977] [ 9] /gnu/store/fa6wj5bxkj5ll1d7292a70knmyl7a0cr-glibc-2.31/lib/libc.so.6(__libc_start_main+0xed)[0x7f8d10e52a6d]
[g2:22977] [10] ./matrix_band_modes[0x401aca]
[g2:22977] *** End of error message ***
--------------------------------------------------------------------------
Primary job  terminated normally, but 1 process returned
a non-zero exit code. Per user-direction, the job has been aborted.
--------------------------------------------------------------------------
--------------------------------------------------------------------------
mpirun noticed that process rank 2 with PID 22977 on node g2 exited on signal 11 (Segmentation fault).
--------------------------------------------------------------------------
