Matrix Band Multiplication - Mode: SYNCHRONOUS
Matrix size: 512x512, Processes: 4
Execution time: 0.178167 seconds
free(): invalid next size (normal)
[g6:27216] *** Process received signal ***
[g6:27216] Signal: Aborted (6)
[g6:27216] Signal code:  (-6)
[g6:27216] [ 0] /gnu/store/fa6wj5bxkj5ll1d7292a70knmyl7a0cr-glibc-2.31/lib/libpthread.so.0(+0x13010)[0x7fa953eed010]
[g6:27216] [ 1] /gnu/store/fa6wj5bxkj5ll1d7292a70knmyl7a0cr-glibc-2.31/lib/libc.so.6(gsignal+0xca)[0x7fa953d53aba]
[g6:27216] [ 2] /gnu/store/fa6wj5bxkj5ll1d7292a70knmyl7a0cr-glibc-2.31/lib/libc.so.6(abort+0x165)[0x7fa953d54bf5]
[g6:27216] [ 3] /gnu/store/fa6wj5bxkj5ll1d7292a70knmyl7a0cr-glibc-2.31/lib/libc.so.6(+0x78c97)[0x7fa953d95c97]
[g6:27216] [ 4] /gnu/store/fa6wj5bxkj5ll1d7292a70knmyl7a0cr-glibc-2.31/lib/libc.so.6(+0x7ffea)[0x7fa953d9cfea]
[g6:27216] [ 5] /gnu/store/fa6wj5bxkj5ll1d7292a70knmyl7a0cr-glibc-2.31/lib/libc.so.6(+0x81c4c)[0x7fa953d9ec4c]
[g6:27216] [ 6] ./matrix_band_modes[0x401c0c]
[g6:27216] [ 7] ./matrix_band_modes[0x401787]
[g6:27216] [ 8] /gnu/store/fa6wj5bxkj5ll1d7292a70knmyl7a0cr-glibc-2.31/lib/libc.so.6(__libc_start_main+0xed)[0x7fa953d3fa6d]
[g6:27216] [ 9] ./matrix_band_modes[0x401aca]
[g6:27216] *** End of error message ***
--------------------------------------------------------------------------
Primary job  terminated normally, but 1 process returned
a non-zero exit code. Per user-direction, the job has been aborted.
--------------------------------------------------------------------------
--------------------------------------------------------------------------
mpirun noticed that process rank 0 with PID 27216 on node g6 exited on signal 6 (Aborted).
--------------------------------------------------------------------------
