Matrix Band Multiplication - Mode: STANDARD
Matrix size: 1024x1024, Processes: 16
Execution time: 1.761557 seconds
free(): invalid next size (normal)
[g4:14692] *** Process received signal ***
[g4:14692] Signal: Aborted (6)
[g4:14692] Signal code:  (-6)
[g4:14692] [ 0] /gnu/store/fa6wj5bxkj5ll1d7292a70knmyl7a0cr-glibc-2.31/lib/libpthread.so.0(+0x13010)[0x7f262423b010]
[g4:14692] [ 1] /gnu/store/fa6wj5bxkj5ll1d7292a70knmyl7a0cr-glibc-2.31/lib/libc.so.6(gsignal+0xca)[0x7f26240a1aba]
[g4:14692] [ 2] /gnu/store/fa6wj5bxkj5ll1d7292a70knmyl7a0cr-glibc-2.31/lib/libc.so.6(abort+0x165)[0x7f26240a2bf5]
[g4:14692] [ 3] /gnu/store/fa6wj5bxkj5ll1d7292a70knmyl7a0cr-glibc-2.31/lib/libc.so.6(+0x78c97)[0x7f26240e3c97]
[g4:14692] [ 4] /gnu/store/fa6wj5bxkj5ll1d7292a70knmyl7a0cr-glibc-2.31/lib/libc.so.6(+0x7ffea)[0x7f26240eafea]
[g4:14692] [ 5] /gnu/store/fa6wj5bxkj5ll1d7292a70knmyl7a0cr-glibc-2.31/lib/libc.so.6(+0x81c4c)[0x7f26240ecc4c]
[g4:14692] [ 6] ./matrix_band_modes[0x401c0c]
[g4:14692] [ 7] ./matrix_band_modes[0x401787]
[g4:14692] [ 8] /gnu/store/fa6wj5bxkj5ll1d7292a70knmyl7a0cr-glibc-2.31/lib/libc.so.6(__libc_start_main+0xed)[0x7f262408da6d]
[g4:14692] [ 9] ./matrix_band_modes[0x401aca]
[g4:14692] *** End of error message ***
--------------------------------------------------------------------------
Primary job  terminated normally, but 1 process returned
a non-zero exit code. Per user-direction, the job has been aborted.
--------------------------------------------------------------------------
--------------------------------------------------------------------------
mpirun noticed that process rank 0 with PID 14692 on node g4 exited on signal 6 (Aborted).
--------------------------------------------------------------------------
