Matrix Band Multiplication - Mode: STANDARD
Matrix size: 512x512, Processes: 8
Execution time: 0.099470 seconds
free(): invalid next size (normal)
[g10:29777] *** Process received signal ***
[g10:29777] Signal: Aborted (6)
[g10:29777] Signal code:  (-6)
[g10:29777] [ 0] /gnu/store/fa6wj5bxkj5ll1d7292a70knmyl7a0cr-glibc-2.31/lib/libpthread.so.0(+0x13010)[0x7efc7d772010]
[g10:29777] [ 1] /gnu/store/fa6wj5bxkj5ll1d7292a70knmyl7a0cr-glibc-2.31/lib/libc.so.6(gsignal+0xca)[0x7efc7d5d8aba]
[g10:29777] [ 2] /gnu/store/fa6wj5bxkj5ll1d7292a70knmyl7a0cr-glibc-2.31/lib/libc.so.6(abort+0x165)[0x7efc7d5d9bf5]
[g10:29777] [ 3] /gnu/store/fa6wj5bxkj5ll1d7292a70knmyl7a0cr-glibc-2.31/lib/libc.so.6(+0x78c97)[0x7efc7d61ac97]
[g10:29777] [ 4] /gnu/store/fa6wj5bxkj5ll1d7292a70knmyl7a0cr-glibc-2.31/lib/libc.so.6(+0x7ffea)[0x7efc7d621fea]
[g10:29777] [ 5] /gnu/store/fa6wj5bxkj5ll1d7292a70knmyl7a0cr-glibc-2.31/lib/libc.so.6(+0x81c4c)[0x7efc7d623c4c]
[g10:29777] [ 6] ./matrix_band_modes[0x401c0c]
[g10:29777] [ 7] ./matrix_band_modes[0x401787]
[g10:29777] [ 8] /gnu/store/fa6wj5bxkj5ll1d7292a70knmyl7a0cr-glibc-2.31/lib/libc.so.6(__libc_start_main+0xed)[0x7efc7d5c4a6d]
[g10:29777] [ 9] ./matrix_band_modes[0x401aca]
[g10:29777] *** End of error message ***
--------------------------------------------------------------------------
Primary job  terminated normally, but 1 process returned
a non-zero exit code. Per user-direction, the job has been aborted.
--------------------------------------------------------------------------
--------------------------------------------------------------------------
mpirun noticed that process rank 0 with PID 29777 on node g10 exited on signal 6 (Aborted).
--------------------------------------------------------------------------
