Matrix Band Multiplication - Mode: STANDARD
Matrix size: 512x512, Processes: 16
[g10:29816:0:29816] Caught signal 11 (Segmentation fault: Sent by the kernel at address (nil))
==== backtrace (tid:  29816) ====
 0  /gnu/store/vil23w1cj0dy99a2n78265rrrli0rwwz-ucx-1.9.0/lib/libucs.so.0(ucs_handle_error+0xe4) [0x7f478c3b2404]
 1  /gnu/store/vil23w1cj0dy99a2n78265rrrli0rwwz-ucx-1.9.0/lib/libucs.so.0(+0x2772c) [0x7f478c3b272c]
 2  /gnu/store/vil23w1cj0dy99a2n78265rrrli0rwwz-ucx-1.9.0/lib/libucs.so.0(+0x27994) [0x7f478c3b2994]
 3  /gnu/store/5jr225ab8j3i9799rbpr2cj6yrmxjh7j-openmpi-4.1.1/lib/openmpi/mca_pml_ob1.so(check_cantmatch_for_match+0x11) [0x7f478cc46491]
 4  /gnu/store/5jr225ab8j3i9799rbpr2cj6yrmxjh7j-openmpi-4.1.1/lib/openmpi/mca_pml_ob1.so(+0x11b26) [0x7f478cc46b26]
 5  /gnu/store/5jr225ab8j3i9799rbpr2cj6yrmxjh7j-openmpi-4.1.1/lib/openmpi/mca_btl_vader.so(mca_btl_vader_poll_handle_frag+0x7d) [0x7f478cc81b2d]
 6  /gnu/store/5jr225ab8j3i9799rbpr2cj6yrmxjh7j-openmpi-4.1.1/lib/openmpi/mca_btl_vader.so(+0x5dcd) [0x7f478cc81dcd]
 7  /gnu/store/5jr225ab8j3i9799rbpr2cj6yrmxjh7j-openmpi-4.1.1/lib/libopen-pal.so.40(opal_progress+0x2c) [0x7f478ea10c3c]
 8  /gnu/store/5jr225ab8j3i9799rbpr2cj6yrmxjh7j-openmpi-4.1.1/lib/openmpi/mca_pml_ob1.so(mca_pml_ob1_recv+0x2ad) [0x7f478cc3f3cd]
 9  /gnu/store/5jr225ab8j3i9799rbpr2cj6yrmxjh7j-openmpi-4.1.1/lib/libmpi.so.40(MPI_Recv+0x160) [0x7f478ede39d0]
10  ./matrix_band_modes() [0x401869]
11  /gnu/store/fa6wj5bxkj5ll1d7292a70knmyl7a0cr-glibc-2.31/lib/libc.so.6(__libc_start_main+0xed) [0x7f478eb7aa6d]
12  ./matrix_band_modes() [0x401aca]
=================================
[g10:29816] *** Process received signal ***
[g10:29816] Signal: Segmentation fault (11)
[g10:29816] Signal code:  (-6)
[g10:29816] Failing at address: 0x142900007478
[g10:29816] [ 0] /gnu/store/fa6wj5bxkj5ll1d7292a70knmyl7a0cr-glibc-2.31/lib/libpthread.so.0(+0x13010)[0x7f478ed28010]
[g10:29816] [ 1] /gnu/store/5jr225ab8j3i9799rbpr2cj6yrmxjh7j-openmpi-4.1.1/lib/openmpi/mca_pml_ob1.so(check_cantmatch_for_match+0x11)[0x7f478cc46491]
[g10:29816] [ 2] /gnu/store/5jr225ab8j3i9799rbpr2cj6yrmxjh7j-openmpi-4.1.1/lib/openmpi/mca_pml_ob1.so(+0x11b26)[0x7f478cc46b26]
[g10:29816] [ 3] /gnu/store/5jr225ab8j3i9799rbpr2cj6yrmxjh7j-openmpi-4.1.1/lib/openmpi/mca_btl_vader.so(mca_btl_vader_poll_handle_frag+0x7d)[0x7f478cc81b2d]
[g10:29816] [ 4] /gnu/store/5jr225ab8j3i9799rbpr2cj6yrmxjh7j-openmpi-4.1.1/lib/openmpi/mca_btl_vader.so(+0x5dcd)[0x7f478cc81dcd]
[g10:29816] [ 5] /gnu/store/5jr225ab8j3i9799rbpr2cj6yrmxjh7j-openmpi-4.1.1/lib/libopen-pal.so.40(opal_progress+0x2c)[0x7f478ea10c3c]
[g10:29816] [ 6] /gnu/store/5jr225ab8j3i9799rbpr2cj6yrmxjh7j-openmpi-4.1.1/lib/openmpi/mca_pml_ob1.so(mca_pml_ob1_recv+0x2ad)[0x7f478cc3f3cd]
[g10:29816] [ 7] /gnu/store/5jr225ab8j3i9799rbpr2cj6yrmxjh7j-openmpi-4.1.1/lib/libmpi.so.40(MPI_Recv+0x160)[0x7f478ede39d0]
[g10:29816] [ 8] ./matrix_band_modes[0x401869]
[g10:29816] [ 9] /gnu/store/fa6wj5bxkj5ll1d7292a70knmyl7a0cr-glibc-2.31/lib/libc.so.6(__libc_start_main+0xed)[0x7f478eb7aa6d]
[g10:29816] [10] ./matrix_band_modes[0x401aca]
[g10:29816] *** End of error message ***
[g10:29817:0:29817] Caught signal 11 (Segmentation fault: Sent by the kernel at address (nil))
==== backtrace (tid:  29817) ====
[g10:29818:0:29818] Caught signal 11 (Segmentation fault: Sent by the kernel at address (nil))
 0  /gnu/store/vil23w1cj0dy99a2n78265rrrli0rwwz-ucx-1.9.0/lib/libucs.so.0(ucs_handle_error+0xe4) [0x7f50c049d404]
 1  /gnu/store/vil23w1cj0dy99a2n78265rrrli0rwwz-ucx-1.9.0/lib/libucs.so.0(+0x2772c) [0x7f50c049d72c]
 2  /gnu/store/vil23w1cj0dy99a2n78265rrrli0rwwz-ucx-1.9.0/lib/libucs.so.0(+0x27994) [0x7f50c049d994]
 3  /gnu/store/5jr225ab8j3i9799rbpr2cj6yrmxjh7j-openmpi-4.1.1/lib/openmpi/mca_pml_ob1.so(check_cantmatch_for_match+0x11) [0x7f50c0d31491]
 4  /gnu/store/5jr225ab8j3i9799rbpr2cj6yrmxjh7j-openmpi-4.1.1/lib/openmpi/mca_pml_ob1.so(+0x11b26) [0x7f50c0d31b26]
 5  /gnu/store/5jr225ab8j3i9799rbpr2cj6yrmxjh7j-openmpi-4.1.1/lib/openmpi/mca_btl_vader.so(mca_btl_vader_poll_handle_frag+0x7d) [0x7f50c0d6cb2d]
 6  /gnu/store/5jr225ab8j3i9799rbpr2cj6yrmxjh7j-openmpi-4.1.1/lib/openmpi/mca_btl_vader.so(+0x5dcd) [0x7f50c0d6cdcd]
 7  /gnu/store/5jr225ab8j3i9799rbpr2cj6yrmxjh7j-openmpi-4.1.1/lib/libopen-pal.so.40(opal_progress+0x2c) [0x7f50c2afbc3c]
 8  /gnu/store/5jr225ab8j3i9799rbpr2cj6yrmxjh7j-openmpi-4.1.1/lib/openmpi/mca_pml_ob1.so(mca_pml_ob1_recv+0x2ad) [0x7f50c0d2a3cd]
 9  /gnu/store/5jr225ab8j3i9799rbpr2cj6yrmxjh7j-openmpi-4.1.1/lib/libmpi.so.40(MPI_Recv+0x160) [0x7f50c2ece9d0]
10  ./matrix_band_modes() [0x401869]
11  /gnu/store/fa6wj5bxkj5ll1d7292a70knmyl7a0cr-glibc-2.31/lib/libc.so.6(__libc_start_main+0xed) [0x7f50c2c65a6d]
12  ./matrix_band_modes() [0x401aca]
=================================
==== backtrace (tid:  29818) ====
 0  /gnu/store/vil23w1cj0dy99a2n78265rrrli0rwwz-ucx-1.9.0/lib/libucs.so.0(ucs_handle_error+0xe4) [0x7f1cb9e40404]
 1  /gnu/store/vil23w1cj0dy99a2n78265rrrli0rwwz-ucx-1.9.0/lib/libucs.so.0(+0x2772c) [0x7f1cb9e4072c]
 2  /gnu/store/vil23w1cj0dy99a2n78265rrrli0rwwz-ucx-1.9.0/lib/libucs.so.0(+0x27994) [0x7f1cb9e40994]
 3  /gnu/store/5jr225ab8j3i9799rbpr2cj6yrmxjh7j-openmpi-4.1.1/lib/openmpi/mca_pml_ob1.so(check_cantmatch_for_match+0x11) [0x7f1cba6d4491]
 4  /gnu/store/5jr225ab8j3i9799rbpr2cj6yrmxjh7j-openmpi-4.1.1/lib/openmpi/mca_pml_ob1.so(+0x11b26) [0x7f1cba6d4b26]
 5  /gnu/store/5jr225ab8j3i9799rbpr2cj6yrmxjh7j-openmpi-4.1.1/lib/openmpi/mca_btl_vader.so(mca_btl_vader_poll_handle_frag+0x7d) [0x7f1cba70fb2d]
 6  /gnu/store/5jr225ab8j3i9799rbpr2cj6yrmxjh7j-openmpi-4.1.1/lib/openmpi/mca_btl_vader.so(+0x5dcd) [0x7f1cba70fdcd]
 7  /gnu/store/5jr225ab8j3i9799rbpr2cj6yrmxjh7j-openmpi-4.1.1/lib/libopen-pal.so.40(opal_progress+0x2c) [0x7f1cbc49ec3c]
 8  /gnu/store/5jr225ab8j3i9799rbpr2cj6yrmxjh7j-openmpi-4.1.1/lib/openmpi/mca_pml_ob1.so(mca_pml_ob1_recv+0x2ad) [0x7f1cba6cd3cd]
 9  /gnu/store/5jr225ab8j3i9799rbpr2cj6yrmxjh7j-openmpi-4.1.1/lib/libmpi.so.40(MPI_Recv+0x160) [0x7f1cbc8719d0]
10  ./matrix_band_modes() [0x401869]
11  /gnu/store/fa6wj5bxkj5ll1d7292a70knmyl7a0cr-glibc-2.31/lib/libc.so.6(__libc_start_main+0xed) [0x7f1cbc608a6d]
12  ./matrix_band_modes() [0x401aca]
=================================
[g10:29818] *** Process received signal ***
[g10:29818] Signal: Segmentation fault (11)
[g10:29818] Signal code:  (-6)
[g10:29818] Failing at address: 0x14290000747a
[g10:29817] *** Process received signal ***
[g10:29817] Signal: Segmentation fault (11)
[g10:29817] Signal code:  (-6)
[g10:29817] Failing at address: 0x142900007479
[g10:29817] [ 0] /gnu/store/fa6wj5bxkj5ll1d7292a70knmyl7a0cr-glibc-2.31/lib/libpthread.so.0(+0x13010)[0x7f50c2e13010]
[g10:29817] [ 1] /gnu/store/5jr225ab8j3i9799rbpr2cj6yrmxjh7j-openmpi-4.1.1/lib/openmpi/mca_pml_ob1.so(check_cantmatch_for_match+0x11)[0x7f50c0d31491]
[g10:29817] [ 2] /gnu/store/5jr225ab8j3i9799rbpr2cj6yrmxjh7j-openmpi-4.1.1/lib/openmpi/mca_pml_ob1.so(+0x11b26)[0x7f50c0d31b26]
[g10:29817] [ 3] /gnu/store/5jr225ab8j3i9799rbpr2cj6yrmxjh7j-openmpi-4.1.1/lib/openmpi/mca_btl_vader.so(mca_btl_vader_poll_handle_frag+0x7d)[0x7f50c0d6cb2d]
[g10:29817] [ 4] /gnu/store/5jr225ab8j3i9799rbpr2cj6yrmxjh7j-openmpi-4.1.1/lib/openmpi/mca_btl_vader.so(+0x5dcd)[0x7f50c0d6cdcd]
[g10:29817] [ 5] /gnu/store/5jr225ab8j3i9799rbpr2cj6yrmxjh7j-openmpi-4.1.1/lib/libopen-pal.so.40(opal_progress+0x2c)[0x7f50c2afbc3c]
[g10:29817] [g10:29818] [ 0] /gnu/store/fa6wj5bxkj5ll1d7292a70knmyl7a0cr-glibc-2.31/lib/libpthread.so.0(+0x13010)[0x7f1cbc7b6010]
[g10:29818] [ 1] /gnu/store/5jr225ab8j3i9799rbpr2cj6yrmxjh7j-openmpi-4.1.1/lib/openmpi/mca_pml_ob1.so(check_cantmatch_for_match+0x11)[0x7f1cba6d4491]
[g10:29818] [ 2] /gnu/store/5jr225ab8j3i9799rbpr2cj6yrmxjh7j-openmpi-4.1.1/lib/openmpi/mca_pml_ob1.so(+0x11b26)[0x7f1cba6d4b26]
[g10:29818] [ 3] /gnu/store/5jr225ab8j3i9799rbpr2cj6yrmxjh7j-openmpi-4.1.1/lib/openmpi/mca_btl_vader.so(mca_btl_vader_poll_handle_frag+0x7d)[0x7f1cba70fb2d]
[g10:29818] [ 4] /gnu/store/5jr225ab8j3i9799rbpr2cj6yrmxjh7j-openmpi-4.1.1/lib/openmpi/mca_btl_vader.so(+0x5dcd)[0x7f1cba70fdcd]
[g10:29818] [ 5] /gnu/store/5jr225ab8j3i9799rbpr2cj6yrmxjh7j-openmpi-4.1.1/lib/libopen-pal.so.40(opal_progress+0x2c)[0x7f1cbc49ec3c]
[g10:29818] [ 6] /gnu/store/5jr225ab8j3i9799rbpr2cj6yrmxjh7j-openmpi-4.1.1/lib/openmpi/mca_pml_ob1.so(mca_pml_ob1_recv+0x2ad)[0x7f1cba6cd3cd]
[g10:29818] [ 7] /gnu/store/5jr225ab8j3i9799rbpr2cj6yrmxjh7j-openmpi-4.1.1/lib/libmpi.so.40(MPI_Recv+0x160)[0x7f1cbc8719d0]
[g10:29818] [ 8] ./matrix_band_modes[0x401869]
[g10:29818] [ 9] /gnu/store/fa6wj5bxkj5ll1d7292a70knmyl7a0cr-glibc-2.31/lib/libc.so.6(__libc_start_main+0xed)[0x7f1cbc608a6d]
[g10:29818] [10] ./matrix_band_modes[0x401aca]
[g10:29818] *** End of error message ***
[ 6] /gnu/store/5jr225ab8j3i9799rbpr2cj6yrmxjh7j-openmpi-4.1.1/lib/openmpi/mca_pml_ob1.so(mca_pml_ob1_recv+0x2ad)[0x7f50c0d2a3cd]
[g10:29817] [ 7] [g10:29819:0:29819] Caught signal 11 (Segmentation fault: Sent by the kernel at address (nil))
==== backtrace (tid:  29819) ====
 0  /gnu/store/vil23w1cj0dy99a2n78265rrrli0rwwz-ucx-1.9.0/lib/libucs.so.0(ucs_handle_error+0xe4) [0x7fd85ec04404]
 1  /gnu/store/vil23w1cj0dy99a2n78265rrrli0rwwz-ucx-1.9.0/lib/libucs.so.0(+0x2772c) [0x7fd85ec0472c]
 2  /gnu/store/vil23w1cj0dy99a2n78265rrrli0rwwz-ucx-1.9.0/lib/libucs.so.0(+0x27994) [0x7fd85ec04994]
 3  /gnu/store/5jr225ab8j3i9799rbpr2cj6yrmxjh7j-openmpi-4.1.1/lib/openmpi/mca_pml_ob1.so(check_cantmatch_for_match+0x11) [0x7fd86409c491]
 4  /gnu/store/5jr225ab8j3i9799rbpr2cj6yrmxjh7j-openmpi-4.1.1/lib/openmpi/mca_pml_ob1.so(+0x11b26) [0x7fd86409cb26]
 5  /gnu/store/5jr225ab8j3i9799rbpr2cj6yrmxjh7j-openmpi-4.1.1/lib/openmpi/mca_btl_vader.so(mca_btl_vader_poll_handle_frag+0x7d) [0x7fd8640d7b2d]
 6  /gnu/store/5jr225ab8j3i9799rbpr2cj6yrmxjh7j-openmpi-4.1.1/lib/openmpi/mca_btl_vader.so(+0x5dcd) [0x7fd8640d7dcd]
 7  /gnu/store/5jr225ab8j3i9799rbpr2cj6yrmxjh7j-openmpi-4.1.1/lib/libopen-pal.so.40(opal_progress+0x2c) [0x7fd865265c3c]
 8  /gnu/store/5jr225ab8j3i9799rbpr2cj6yrmxjh7j-openmpi-4.1.1/lib/openmpi/mca_pml_ob1.so(mca_pml_ob1_recv+0x2ad) [0x7fd8640953cd]
 9  /gnu/store/5jr225ab8j3i9799rbpr2cj6yrmxjh7j-openmpi-4.1.1/lib/libmpi.so.40(MPI_Recv+0x160) [0x7fd8656389d0]
10  ./matrix_band_modes() [0x401869]
11  /gnu/store/fa6wj5bxkj5ll1d7292a70knmyl7a0cr-glibc-2.31/lib/libc.so.6(__libc_start_main+0xed) [0x7fd8653cfa6d]
12  ./matrix_band_modes() [0x401aca]
=================================
/gnu/store/5jr225ab8j3i9799rbpr2cj6yrmxjh7j-openmpi-4.1.1/lib/libmpi.so.40(MPI_Recv+0x160)[0x7f50c2ece9d0]
[g10:29817] [ 8] ./matrix_band_modes[0x401869]
[g10:29817] [ 9] [g10:29822:0:29822] Caught signal 11 (Segmentation fault: Sent by the kernel at address (nil))
[g10:29819] *** Process received signal ***
[g10:29819] Signal: Segmentation fault (11)
[g10:29819] Signal code:  (-6)
[g10:29819] Failing at address: 0x14290000747b
[g10:29819] [ 0] /gnu/store/fa6wj5bxkj5ll1d7292a70knmyl7a0cr-glibc-2.31/lib/libpthread.so.0(+0x13010)[0x7fd86557d010]
[g10:29819] [ 1] /gnu/store/5jr225ab8j3i9799rbpr2cj6yrmxjh7j-openmpi-4.1.1/lib/openmpi/mca_pml_ob1.so(check_cantmatch_for_match+0x11)[0x7fd86409c491]
[g10:29819] [ 2] /gnu/store/5jr225ab8j3i9799rbpr2cj6yrmxjh7j-openmpi-4.1.1/lib/openmpi/mca_pml_ob1.so(+0x11b26)[0x7fd86409cb26]
[g10:29819] [ 3] /gnu/store/5jr225ab8j3i9799rbpr2cj6yrmxjh7j-openmpi-4.1.1/lib/openmpi/mca_btl_vader.so(mca_btl_vader_poll_handle_frag+0x7d)[0x7fd8640d7b2d]
[g10:29819] [ 4] /gnu/store/5jr225ab8j3i9799rbpr2cj6yrmxjh7j-openmpi-4.1.1/lib/openmpi/mca_btl_vader.so(+0x5dcd)[0x7fd8640d7dcd]
[g10:29819] [ 5] /gnu/store/5jr225ab8j3i9799rbpr2cj6yrmxjh7j-openmpi-4.1.1/lib/libopen-pal.so.40(opal_progress+0x2c)[0x7fd865265c3c]
[g10:29819] [ 6] /gnu/store/5jr225ab8j3i9799rbpr2cj6yrmxjh7j-openmpi-4.1.1/lib/openmpi/mca_pml_ob1.so(mca_pml_ob1_recv+0x2ad)[0x7fd8640953cd]
[g10:29819] [ 7] /gnu/store/5jr225ab8j3i9799rbpr2cj6yrmxjh7j-openmpi-4.1.1/lib/libmpi.so.40(MPI_Recv+0x160)[0x7fd8656389d0]
[g10:29819] [ 8] ./matrix_band_modes[0x401869]
[g10:29819] [ 9] /gnu/store/fa6wj5bxkj5ll1d7292a70knmyl7a0cr-glibc-2.31/lib/libc.so.6(__libc_start_main+0xed)[0x7fd8653cfa6d]
[g10:29819] [10] ./matrix_band_modes[0x401aca]
[g10:29819] *** End of error message ***
[g10:29823:0:29823] Caught signal 11 (Segmentation fault: Sent by the kernel at address (nil))
==== backtrace (tid:  29822) ====
 0  /gnu/store/vil23w1cj0dy99a2n78265rrrli0rwwz-ucx-1.9.0/lib/libucs.so.0(ucs_handle_error+0xe4) [0x7f766e7cd404]
 1  /gnu/store/vil23w1cj0dy99a2n78265rrrli0rwwz-ucx-1.9.0/lib/libucs.so.0(+0x2772c) [0x7f766e7cd72c]
 2  /gnu/store/vil23w1cj0dy99a2n78265rrrli0rwwz-ucx-1.9.0/lib/libucs.so.0(+0x27994) [0x7f766e7cd994]
 3  /gnu/store/5jr225ab8j3i9799rbpr2cj6yrmxjh7j-openmpi-4.1.1/lib/openmpi/mca_pml_ob1.so(check_cantmatch_for_match+0x11) [0x7f7674062491]
 4  /gnu/store/5jr225ab8j3i9799rbpr2cj6yrmxjh7j-openmpi-4.1.1/lib/openmpi/mca_pml_ob1.so(+0x11b26) [0x7f7674062b26]
 5  /gnu/store/5jr225ab8j3i9799rbpr2cj6yrmxjh7j-openmpi-4.1.1/lib/openmpi/mca_btl_vader.so(mca_btl_vader_poll_handle_frag+0x7d) [0x7f767409db2d]
 6  /gnu/store/5jr225ab8j3i9799rbpr2cj6yrmxjh7j-openmpi-4.1.1/lib/openmpi/mca_btl_vader.so(+0x5dcd) [0x7f767409ddcd]
 7  /gnu/store/5jr225ab8j3i9799rbpr2cj6yrmxjh7j-openmpi-4.1.1/lib/libopen-pal.so.40(opal_progress+0x2c) [0x7f7674e2bc3c]
 8  /gnu/store/5jr225ab8j3i9799rbpr2cj6yrmxjh7j-openmpi-4.1.1/lib/openmpi/mca_pml_ob1.so(mca_pml_ob1_recv+0x2ad) [0x7f767405b3cd]
 9  /gnu/store/5jr225ab8j3i9799rbpr2cj6yrmxjh7j-openmpi-4.1.1/lib/libmpi.so.40(MPI_Recv+0x160) [0x7f76751fe9d0]
10  ./matrix_band_modes() [0x401869]
11  /gnu/store/fa6wj5bxkj5ll1d7292a70knmyl7a0cr-glibc-2.31/lib/libc.so.6(__libc_start_main+0xed) [0x7f7674f95a6d]
12  ./matrix_band_modes() [0x401aca]
=================================
[g10:29822] *** Process received signal ***
[g10:29822] Signal: Segmentation fault (11)
[g10:29822] Signal code:  (-6)
[g10:29822] Failing at address: 0x14290000747e
[g10:29822] [ 0] /gnu/store/fa6wj5bxkj5ll1d7292a70knmyl7a0cr-glibc-2.31/lib/libpthread.so.0(+0x13010)[0x7f7675143010]
[g10:29822] [ 1] /gnu/store/5jr225ab8j3i9799rbpr2cj6yrmxjh7j-openmpi-4.1.1/lib/openmpi/mca_pml_ob1.so(check_cantmatch_for_match+0x11)[0x7f7674062491]
[g10:29822] [ 2] /gnu/store/5jr225ab8j3i9799rbpr2cj6yrmxjh7j-openmpi-4.1.1/lib/openmpi/mca_pml_ob1.so(+0x11b26)[0x7f7674062b26]
[g10:29822] [ 3] /gnu/store/5jr225ab8j3i9799rbpr2cj6yrmxjh7j-openmpi-4.1.1/lib/openmpi/mca_btl_vader.so(mca_btl_vader_poll_handle_frag+0x7d)[0x7f767409db2d]
[g10:29822] [ 4] /gnu/store/5jr225ab8j3i9799rbpr2cj6yrmxjh7j-openmpi-4.1.1/lib/openmpi/mca_btl_vader.so(+0x5dcd)[0x7f767409ddcd]
[g10:29822] [ 5] /gnu/store/5jr225ab8j3i9799rbpr2cj6yrmxjh7j-openmpi-4.1.1/lib/libopen-pal.so.40(opal_progress+0x2c)[0x7f7674e2bc3c]
[g10:29822] [ 6] /gnu/store/5jr225ab8j3i9799rbpr2cj6yrmxjh7j-openmpi-4.1.1/lib/openmpi/mca_pml_ob1.so(mca_pml_ob1_recv+0x2ad)[0x7f767405b3cd]
[g10:29822] [ 7] /gnu/store/5jr225ab8j3i9799rbpr2cj6yrmxjh7j-openmpi-4.1.1/lib/libmpi.so.40(MPI_Recv+0x160)[0x7f76751fe9d0]
[g10:29822] [ 8] ./matrix_band_modes[0x401869]
[g10:29822] [ 9] /gnu/store/fa6wj5bxkj5ll1d7292a70knmyl7a0cr-glibc-2.31/lib/libc.so.6(__libc_start_main+0xed)[0x7f7674f95a6d]
[g10:29822] [10] ./matrix_band_modes[0x401aca]
[g10:29822] *** End of error message ***
/gnu/store/fa6wj5bxkj5ll1d7292a70knmyl7a0cr-glibc-2.31/lib/libc.so.6(__libc_start_main+0xed)[0x7f50c2c65a6d]
[g10:29817] [10] ./matrix_band_modes[0x401aca]
[g10:29817] *** End of error message ***
==== backtrace (tid:  29823) ====
 0  /gnu/store/vil23w1cj0dy99a2n78265rrrli0rwwz-ucx-1.9.0/lib/libucs.so.0(ucs_handle_error+0xe4) [0x7fb284342404]
 1  /gnu/store/vil23w1cj0dy99a2n78265rrrli0rwwz-ucx-1.9.0/lib/libucs.so.0(+0x2772c) [0x7fb28434272c]
 2  /gnu/store/vil23w1cj0dy99a2n78265rrrli0rwwz-ucx-1.9.0/lib/libucs.so.0(+0x27994) [0x7fb284342994]
 3  /gnu/store/5jr225ab8j3i9799rbpr2cj6yrmxjh7j-openmpi-4.1.1/lib/openmpi/mca_pml_ob1.so(check_cantmatch_for_match+0x11) [0x7fb284bd6491]
 4  /gnu/store/5jr225ab8j3i9799rbpr2cj6yrmxjh7j-openmpi-4.1.1/lib/openmpi/mca_pml_ob1.so(+0x11b26) [0x7fb284bd6b26]
 5  /gnu/store/5jr225ab8j3i9799rbpr2cj6yrmxjh7j-openmpi-4.1.1/lib/openmpi/mca_btl_vader.so(mca_btl_vader_poll_handle_frag+0x7d) [0x7fb284c11b2d]
 6  /gnu/store/5jr225ab8j3i9799rbpr2cj6yrmxjh7j-openmpi-4.1.1/lib/openmpi/mca_btl_vader.so(+0x5dcd) [0x7fb284c11dcd]
 7  /gnu/store/5jr225ab8j3i9799rbpr2cj6yrmxjh7j-openmpi-4.1.1/lib/libopen-pal.so.40(opal_progress+0x2c) [0x7fb2869a0c3c]
 8  /gnu/store/5jr225ab8j3i9799rbpr2cj6yrmxjh7j-openmpi-4.1.1/lib/openmpi/mca_pml_ob1.so(mca_pml_ob1_recv+0x2ad) [0x7fb284bcf3cd]
 9  /gnu/store/5jr225ab8j3i9799rbpr2cj6yrmxjh7j-openmpi-4.1.1/lib/libmpi.so.40(MPI_Recv+0x160) [0x7fb286d739d0]
10  ./matrix_band_modes() [0x401869]
11  /gnu/store/fa6wj5bxkj5ll1d7292a70knmyl7a0cr-glibc-2.31/lib/libc.so.6(__libc_start_main+0xed) [0x7fb286b0aa6d]
12  ./matrix_band_modes() [0x401aca]
=================================
[g10:29823] *** Process received signal ***
[g10:29823] Signal: Segmentation fault (11)
[g10:29823] Signal code:  (-6)
[g10:29823] Failing at address: 0x14290000747f
[g10:29826:0:29826] Caught signal 11 (Segmentation fault: Sent by the kernel at address (nil))
[g10:29823] [ 0] /gnu/store/fa6wj5bxkj5ll1d7292a70knmyl7a0cr-glibc-2.31/lib/libpthread.so.0(+0x13010)[0x7fb286cb8010]
[g10:29823] [ 1] /gnu/store/5jr225ab8j3i9799rbpr2cj6yrmxjh7j-openmpi-4.1.1/lib/openmpi/mca_pml_ob1.so(check_cantmatch_for_match+0x11)[0x7fb284bd6491]
[g10:29823] [ 2] /gnu/store/5jr225ab8j3i9799rbpr2cj6yrmxjh7j-openmpi-4.1.1/lib/openmpi/mca_pml_ob1.so(+0x11b26)[0x7fb284bd6b26]
[g10:29823] [ 3] /gnu/store/5jr225ab8j3i9799rbpr2cj6yrmxjh7j-openmpi-4.1.1/lib/openmpi/mca_btl_vader.so(mca_btl_vader_poll_handle_frag+0x7d)[0x7fb284c11b2d]
[g10:29823] [ 4] /gnu/store/5jr225ab8j3i9799rbpr2cj6yrmxjh7j-openmpi-4.1.1/lib/openmpi/mca_btl_vader.so(+0x5dcd)[0x7fb284c11dcd]
[g10:29823] [ 5] /gnu/store/5jr225ab8j3i9799rbpr2cj6yrmxjh7j-openmpi-4.1.1/lib/libopen-pal.so.40(opal_progress+0x2c)[0x7fb2869a0c3c]
[g10:29823] [ 6] /gnu/store/5jr225ab8j3i9799rbpr2cj6yrmxjh7j-openmpi-4.1.1/lib/openmpi/mca_pml_ob1.so(mca_pml_ob1_recv+0x2ad)[0x7fb284bcf3cd]
[g10:29823] [ 7] /gnu/store/5jr225ab8j3i9799rbpr2cj6yrmxjh7j-openmpi-4.1.1/lib/libmpi.so.40(MPI_Recv+0x160)[0x7fb286d739d0]
[g10:29823] [ 8] ./matrix_band_modes[0x401869]
[g10:29823] [ 9] /gnu/store/fa6wj5bxkj5ll1d7292a70knmyl7a0cr-glibc-2.31/lib/libc.so.6(__libc_start_main+0xed)[0x7fb286b0aa6d]
[g10:29823] [10] ./matrix_band_modes[0x401aca]
[g10:29823] *** End of error message ***
==== backtrace (tid:  29826) ====
 0  /gnu/store/vil23w1cj0dy99a2n78265rrrli0rwwz-ucx-1.9.0/lib/libucs.so.0(ucs_handle_error+0xe4) [0x7fa3f5899404]
 1  /gnu/store/vil23w1cj0dy99a2n78265rrrli0rwwz-ucx-1.9.0/lib/libucs.so.0(+0x2772c) [0x7fa3f589972c]
 2  /gnu/store/vil23w1cj0dy99a2n78265rrrli0rwwz-ucx-1.9.0/lib/libucs.so.0(+0x27994) [0x7fa3f5899994]
 3  /gnu/store/5jr225ab8j3i9799rbpr2cj6yrmxjh7j-openmpi-4.1.1/lib/openmpi/mca_pml_ob1.so(check_cantmatch_for_match+0x11) [0x7fa3f612d491]
 4  /gnu/store/5jr225ab8j3i9799rbpr2cj6yrmxjh7j-openmpi-4.1.1/lib/openmpi/mca_pml_ob1.so(+0x11b26) [0x7fa3f612db26]
 5  /gnu/store/5jr225ab8j3i9799rbpr2cj6yrmxjh7j-openmpi-4.1.1/lib/openmpi/mca_btl_vader.so(mca_btl_vader_poll_handle_frag+0x7d) [0x7fa3f6168b2d]
 6  /gnu/store/5jr225ab8j3i9799rbpr2cj6yrmxjh7j-openmpi-4.1.1/lib/openmpi/mca_btl_vader.so(+0x5dcd) [0x7fa3f6168dcd]
 7  /gnu/store/5jr225ab8j3i9799rbpr2cj6yrmxjh7j-openmpi-4.1.1/lib/libopen-pal.so.40(opal_progress+0x2c) [0x7fa3f7ef7c3c]
 8  /gnu/store/5jr225ab8j3i9799rbpr2cj6yrmxjh7j-openmpi-4.1.1/lib/openmpi/mca_pml_ob1.so(mca_pml_ob1_recv+0x2ad) [0x7fa3f61263cd]
 9  /gnu/store/5jr225ab8j3i9799rbpr2cj6yrmxjh7j-openmpi-4.1.1/lib/libmpi.so.40(MPI_Recv+0x160) [0x7fa3f82ca9d0]
10  ./matrix_band_modes() [0x401869]
11  /gnu/store/fa6wj5bxkj5ll1d7292a70knmyl7a0cr-glibc-2.31/lib/libc.so.6(__libc_start_main+0xed) [0x7fa3f8061a6d]
12  ./matrix_band_modes() [0x401aca]
=================================
[g10:29826] *** Process received signal ***
[g10:29826] Signal: Segmentation fault (11)
[g10:29826] Signal code:  (-6)
[g10:29826] Failing at address: 0x142900007482
[g10:29826] [ 0] /gnu/store/fa6wj5bxkj5ll1d7292a70knmyl7a0cr-glibc-2.31/lib/libpthread.so.0(+0x13010)[0x7fa3f820f010]
[g10:29826] [ 1] /gnu/store/5jr225ab8j3i9799rbpr2cj6yrmxjh7j-openmpi-4.1.1/lib/openmpi/mca_pml_ob1.so(check_cantmatch_for_match+0x11)[0x7fa3f612d491]
[g10:29826] [ 2] /gnu/store/5jr225ab8j3i9799rbpr2cj6yrmxjh7j-openmpi-4.1.1/lib/openmpi/mca_pml_ob1.so(+0x11b26)[0x7fa3f612db26]
[g10:29826] [ 3] /gnu/store/5jr225ab8j3i9799rbpr2cj6yrmxjh7j-openmpi-4.1.1/lib/openmpi/mca_btl_vader.so(mca_btl_vader_poll_handle_frag+0x7d)[0x7fa3f6168b2d]
[g10:29826] [ 4] /gnu/store/5jr225ab8j3i9799rbpr2cj6yrmxjh7j-openmpi-4.1.1/lib/openmpi/mca_btl_vader.so(+0x5dcd)[0x7fa3f6168dcd]
[g10:29826] [ 5] /gnu/store/5jr225ab8j3i9799rbpr2cj6yrmxjh7j-openmpi-4.1.1/lib/libopen-pal.so.40(opal_progress+0x2c)[0x7fa3f7ef7c3c]
[g10:29826] [ 6] /gnu/store/5jr225ab8j3i9799rbpr2cj6yrmxjh7j-openmpi-4.1.1/lib/openmpi/mca_pml_ob1.so(mca_pml_ob1_recv+0x2ad)[0x7fa3f61263cd]
[g10:29826] [ 7] [g10:29827:0:29827] Caught signal 11 (Segmentation fault: Sent by the kernel at address (nil))
==== backtrace (tid:  29827) ====
 0  /gnu/store/vil23w1cj0dy99a2n78265rrrli0rwwz-ucx-1.9.0/lib/libucs.so.0(ucs_handle_error+0xe4) [0x7f76d85fc404]
 1  /gnu/store/vil23w1cj0dy99a2n78265rrrli0rwwz-ucx-1.9.0/lib/libucs.so.0(+0x2772c) [0x7f76d85fc72c]
 2  /gnu/store/vil23w1cj0dy99a2n78265rrrli0rwwz-ucx-1.9.0/lib/libucs.so.0(+0x27994) [0x7f76d85fc994]
 3  /gnu/store/5jr225ab8j3i9799rbpr2cj6yrmxjh7j-openmpi-4.1.1/lib/openmpi/mca_pml_ob1.so(check_cantmatch_for_match+0x11) [0x7f76d8e90491]
 4  /gnu/store/5jr225ab8j3i9799rbpr2cj6yrmxjh7j-openmpi-4.1.1/lib/openmpi/mca_pml_ob1.so(+0x11b26) [0x7f76d8e90b26]
 5  /gnu/store/5jr225ab8j3i9799rbpr2cj6yrmxjh7j-openmpi-4.1.1/lib/openmpi/mca_btl_vader.so(mca_btl_vader_poll_handle_frag+0x7d) [0x7f76d8ecbb2d]
 6  /gnu/store/5jr225ab8j3i9799rbpr2cj6yrmxjh7j-openmpi-4.1.1/lib/openmpi/mca_btl_vader.so(+0x5dcd) [0x7f76d8ecbdcd]
 7  /gnu/store/5jr225ab8j3i9799rbpr2cj6yrmxjh7j-openmpi-4.1.1/lib/libopen-pal.so.40(opal_progress+0x2c) [0x7f76dac5ac3c]
 8  /gnu/store/5jr225ab8j3i9799rbpr2cj6yrmxjh7j-openmpi-4.1.1/lib/openmpi/mca_pml_ob1.so(mca_pml_ob1_recv+0x2ad) [0x7f76d8e893cd]
 9  /gnu/store/5jr225ab8j3i9799rbpr2cj6yrmxjh7j-openmpi-4.1.1/lib/libmpi.so.40(MPI_Recv+0x160) [0x7f76db02d9d0]
10  ./matrix_band_modes() [0x401869]
11  /gnu/store/fa6wj5bxkj5ll1d7292a70knmyl7a0cr-glibc-2.31/lib/libc.so.6(__libc_start_main+0xed) [0x7f76dadc4a6d]
12  ./matrix_band_modes() [0x401aca]
=================================
[g10:29827] *** Process received signal ***
[g10:29827] Signal: Segmentation fault (11)
[g10:29827] Signal code:  (-6)
[g10:29827] Failing at address: 0x142900007483
[g10:29827] [ 0] /gnu/store/fa6wj5bxkj5ll1d7292a70knmyl7a0cr-glibc-2.31/lib/libpthread.so.0(+0x13010)[0x7f76daf72010]
[g10:29827] [ 1] /gnu/store/5jr225ab8j3i9799rbpr2cj6yrmxjh7j-openmpi-4.1.1/lib/openmpi/mca_pml_ob1.so(check_cantmatch_for_match+0x11)[0x7f76d8e90491]
[g10:29827] [ 2] /gnu/store/5jr225ab8j3i9799rbpr2cj6yrmxjh7j-openmpi-4.1.1/lib/openmpi/mca_pml_ob1.so(+0x11b26)[0x7f76d8e90b26]
[g10:29827] [ 3] /gnu/store/5jr225ab8j3i9799rbpr2cj6yrmxjh7j-openmpi-4.1.1/lib/openmpi/mca_btl_vader.so(mca_btl_vader_poll_handle_frag+0x7d)[0x7f76d8ecbb2d]
[g10:29827] [ 4] /gnu/store/5jr225ab8j3i9799rbpr2cj6yrmxjh7j-openmpi-4.1.1/lib/openmpi/mca_btl_vader.so(+0x5dcd)[0x7f76d8ecbdcd]
[g10:29827] [ 5] /gnu/store/5jr225ab8j3i9799rbpr2cj6yrmxjh7j-openmpi-4.1.1/lib/libopen-pal.so.40(opal_progress+0x2c)[0x7f76dac5ac3c]
[g10:29827] [ 6] /gnu/store/5jr225ab8j3i9799rbpr2cj6yrmxjh7j-openmpi-4.1.1/lib/openmpi/mca_pml_ob1.so(mca_pml_ob1_recv+0x2ad)[0x7f76d8e893cd]
[g10:29827] [ 7] /gnu/store/5jr225ab8j3i9799rbpr2cj6yrmxjh7j-openmpi-4.1.1/lib/libmpi.so.40(MPI_Recv+0x160)[0x7f76db02d9d0]
[g10:29827] [ 8] ./matrix_band_modes[0x401869]
[g10:29827] [ 9] /gnu/store/fa6wj5bxkj5ll1d7292a70knmyl7a0cr-glibc-2.31/lib/libc.so.6(__libc_start_main+0xed)[0x7f76dadc4a6d]
[g10:29827] [10] ./matrix_band_modes[0x401aca]
[g10:29827] *** End of error message ***
/gnu/store/5jr225ab8j3i9799rbpr2cj6yrmxjh7j-openmpi-4.1.1/lib/libmpi.so.40(MPI_Recv+0x160)[0x7fa3f82ca9d0]
[g10:29826] [ 8] ./matrix_band_modes[0x401869]
[g10:29826] [ 9] /gnu/store/fa6wj5bxkj5ll1d7292a70knmyl7a0cr-glibc-2.31/lib/libc.so.6(__libc_start_main+0xed)[0x7fa3f8061a6d]
[g10:29826] [10] ./matrix_band_modes[0x401aca]
[g10:29826] *** End of error message ***
[g10:29829:0:29829] Caught signal 11 (Segmentation fault: Sent by the kernel at address (nil))
[g10:29831:0:29831] Caught signal 11 (Segmentation fault: Sent by the kernel at address (nil))
==== backtrace (tid:  29829) ====
 0  /gnu/store/vil23w1cj0dy99a2n78265rrrli0rwwz-ucx-1.9.0/lib/libucs.so.0(ucs_handle_error+0xe4) [0x7fe5b30e8404]
 1  /gnu/store/vil23w1cj0dy99a2n78265rrrli0rwwz-ucx-1.9.0/lib/libucs.so.0(+0x2772c) [0x7fe5b30e872c]
 2  /gnu/store/vil23w1cj0dy99a2n78265rrrli0rwwz-ucx-1.9.0/lib/libucs.so.0(+0x27994) [0x7fe5b30e8994]
 3  /gnu/store/5jr225ab8j3i9799rbpr2cj6yrmxjh7j-openmpi-4.1.1/lib/openmpi/mca_pml_ob1.so(check_cantmatch_for_match+0x11) [0x7fe5b81a3491]
 4  /gnu/store/5jr225ab8j3i9799rbpr2cj6yrmxjh7j-openmpi-4.1.1/lib/openmpi/mca_pml_ob1.so(+0x11b26) [0x7fe5b81a3b26]
 5  /gnu/store/5jr225ab8j3i9799rbpr2cj6yrmxjh7j-openmpi-4.1.1/lib/openmpi/mca_btl_vader.so(mca_btl_vader_poll_handle_frag+0x7d) [0x7fe5b81deb2d]
 6  /gnu/store/5jr225ab8j3i9799rbpr2cj6yrmxjh7j-openmpi-4.1.1/lib/openmpi/mca_btl_vader.so(+0x5dcd) [0x7fe5b81dedcd]
 7  /gnu/store/5jr225ab8j3i9799rbpr2cj6yrmxjh7j-openmpi-4.1.1/lib/libopen-pal.so.40(opal_progress+0x2c) [0x7fe5b976dc3c]
 8  /gnu/store/5jr225ab8j3i9799rbpr2cj6yrmxjh7j-openmpi-4.1.1/lib/openmpi/mca_pml_ob1.so(mca_pml_ob1_recv+0x2ad) [0x7fe5b819c3cd]
 9  /gnu/store/5jr225ab8j3i9799rbpr2cj6yrmxjh7j-openmpi-4.1.1/lib/libmpi.so.40(MPI_Recv+0x160) [0x7fe5b9b409d0]
10  ./matrix_band_modes() [0x401869]
11  /gnu/store/fa6wj5bxkj5ll1d7292a70knmyl7a0cr-glibc-2.31/lib/libc.so.6(__libc_start_main+0xed) [0x7fe5b98d7a6d]
12  ./matrix_band_modes() [0x401aca]
=================================
[g10:29829] *** Process received signal ***
[g10:29829] Signal: Segmentation fault (11)
[g10:29829] Signal code:  (-6)
[g10:29829] Failing at address: 0x142900007485
[g10:29829] [ 0] /gnu/store/fa6wj5bxkj5ll1d7292a70knmyl7a0cr-glibc-2.31/lib/libpthread.so.0(+0x13010)[0x7fe5b9a85010]
[g10:29829] [ 1] /gnu/store/5jr225ab8j3i9799rbpr2cj6yrmxjh7j-openmpi-4.1.1/lib/openmpi/mca_pml_ob1.so(check_cantmatch_for_match+0x11)[0x7fe5b81a3491]
[g10:29829] [ 2] /gnu/store/5jr225ab8j3i9799rbpr2cj6yrmxjh7j-openmpi-4.1.1/lib/openmpi/mca_pml_ob1.so(+0x11b26)[0x7fe5b81a3b26]
[g10:29829] [ 3] /gnu/store/5jr225ab8j3i9799rbpr2cj6yrmxjh7j-openmpi-4.1.1/lib/openmpi/mca_btl_vader.so(mca_btl_vader_poll_handle_frag+0x7d)[0x7fe5b81deb2d]
[g10:29829] [ 4] /gnu/store/5jr225ab8j3i9799rbpr2cj6yrmxjh7j-openmpi-4.1.1/lib/openmpi/mca_btl_vader.so(+0x5dcd)[0x7fe5b81dedcd]
[g10:29829] [ 5] /gnu/store/5jr225ab8j3i9799rbpr2cj6yrmxjh7j-openmpi-4.1.1/lib/libopen-pal.so.40(opal_progress+0x2c)[0x7fe5b976dc3c]
[g10:29829] [ 6] /gnu/store/5jr225ab8j3i9799rbpr2cj6yrmxjh7j-openmpi-4.1.1/lib/openmpi/mca_pml_ob1.so(mca_pml_ob1_recv+0x2ad)[0x7fe5b819c3cd]
[g10:29829] [ 7] /gnu/store/5jr225ab8j3i9799rbpr2cj6yrmxjh7j-openmpi-4.1.1/lib/libmpi.so.40(MPI_Recv+0x160)[0x7fe5b9b409d0]
[g10:29829] [ 8] ./matrix_band_modes[0x401869]
[g10:29829] [ 9] /gnu/store/fa6wj5bxkj5ll1d7292a70knmyl7a0cr-glibc-2.31/lib/libc.so.6(__libc_start_main+0xed)[0x7fe5b98d7a6d]
[g10:29829] [10] ./matrix_band_modes[0x401aca]
[g10:29829] *** End of error message ***
==== backtrace (tid:  29831) ====
 0  /gnu/store/vil23w1cj0dy99a2n78265rrrli0rwwz-ucx-1.9.0/lib/libucs.so.0(ucs_handle_error+0xe4) [0x7ff91a44d404]
 1  /gnu/store/vil23w1cj0dy99a2n78265rrrli0rwwz-ucx-1.9.0/lib/libucs.so.0(+0x2772c) [0x7ff91a44d72c]
 2  /gnu/store/vil23w1cj0dy99a2n78265rrrli0rwwz-ucx-1.9.0/lib/libucs.so.0(+0x27994) [0x7ff91a44d994]
 3  /gnu/store/5jr225ab8j3i9799rbpr2cj6yrmxjh7j-openmpi-4.1.1/lib/openmpi/mca_pml_ob1.so(check_cantmatch_for_match+0x11) [0x7ff91ace1491]
 4  /gnu/store/5jr225ab8j3i9799rbpr2cj6yrmxjh7j-openmpi-4.1.1/lib/openmpi/mca_pml_ob1.so(+0x11b26) [0x7ff91ace1b26]
 5  /gnu/store/5jr225ab8j3i9799rbpr2cj6yrmxjh7j-openmpi-4.1.1/lib/openmpi/mca_btl_vader.so(mca_btl_vader_poll_handle_frag+0x7d) [0x7ff91ad1cb2d]
 6  /gnu/store/5jr225ab8j3i9799rbpr2cj6yrmxjh7j-openmpi-4.1.1/lib/openmpi/mca_btl_vader.so(+0x5dcd) [0x7ff91ad1cdcd]
 7  /gnu/store/5jr225ab8j3i9799rbpr2cj6yrmxjh7j-openmpi-4.1.1/lib/libopen-pal.so.40(opal_progress+0x2c) [0x7ff920aaac3c]
 8  /gnu/store/5jr225ab8j3i9799rbpr2cj6yrmxjh7j-openmpi-4.1.1/lib/openmpi/mca_pml_ob1.so(mca_pml_ob1_recv+0x2ad) [0x7ff91acda3cd]
 9  /gnu/store/5jr225ab8j3i9799rbpr2cj6yrmxjh7j-openmpi-4.1.1/lib/libmpi.so.40(MPI_Recv+0x160) [0x7ff920e7d9d0]
10  ./matrix_band_modes() [0x401869]
11  /gnu/store/fa6wj5bxkj5ll1d7292a70knmyl7a0cr-glibc-2.31/lib/libc.so.6(__libc_start_main+0xed) [0x7ff920c14a6d]
12  ./matrix_band_modes() [0x401aca]
=================================
[g10:29831] *** Process received signal ***
[g10:29831] Signal: Segmentation fault (11)
[g10:29831] Signal code:  (-6)
[g10:29831] Failing at address: 0x142900007487
[g10:29831] [ 0] /gnu/store/fa6wj5bxkj5ll1d7292a70knmyl7a0cr-glibc-2.31/lib/libpthread.so.0(+0x13010)[0x7ff920dc2010]
[g10:29831] [ 1] /gnu/store/5jr225ab8j3i9799rbpr2cj6yrmxjh7j-openmpi-4.1.1/lib/openmpi/mca_pml_ob1.so(check_cantmatch_for_match+0x11)[0x7ff91ace1491]
[g10:29831] [ 2] /gnu/store/5jr225ab8j3i9799rbpr2cj6yrmxjh7j-openmpi-4.1.1/lib/openmpi/mca_pml_ob1.so(+0x11b26)[0x7ff91ace1b26]
[g10:29831] [ 3] /gnu/store/5jr225ab8j3i9799rbpr2cj6yrmxjh7j-openmpi-4.1.1/lib/openmpi/mca_btl_vader.so(mca_btl_vader_poll_handle_frag+0x7d)[0x7ff91ad1cb2d]
[g10:29831] [ 4] /gnu/store/5jr225ab8j3i9799rbpr2cj6yrmxjh7j-openmpi-4.1.1/lib/openmpi/mca_btl_vader.so(+0x5dcd)[0x7ff91ad1cdcd]
[g10:29831] [ 5] /gnu/store/5jr225ab8j3i9799rbpr2cj6yrmxjh7j-openmpi-4.1.1/lib/libopen-pal.so.40(opal_progress+0x2c)[0x7ff920aaac3c]
[g10:29831] [ 6] /gnu/store/5jr225ab8j3i9799rbpr2cj6yrmxjh7j-openmpi-4.1.1/lib/openmpi/mca_pml_ob1.so(mca_pml_ob1_recv+0x2ad)[0x7ff91acda3cd]
[g10:29831] [ 7] /gnu/store/5jr225ab8j3i9799rbpr2cj6yrmxjh7j-openmpi-4.1.1/lib/libmpi.so.40(MPI_Recv+0x160)[0x7ff920e7d9d0]
[g10:29831] [ 8] ./matrix_band_modes[0x401869]
[g10:29831] [ 9] /gnu/store/fa6wj5bxkj5ll1d7292a70knmyl7a0cr-glibc-2.31/lib/libc.so.6(__libc_start_main+0xed)[0x7ff920c14a6d]
[g10:29831] [10] ./matrix_band_modes[0x401aca]
[g10:29831] *** End of error message ***
[g10:29835:0:29835] Caught signal 11 (Segmentation fault: Sent by the kernel at address (nil))
==== backtrace (tid:  29835) ====
 0  /gnu/store/vil23w1cj0dy99a2n78265rrrli0rwwz-ucx-1.9.0/lib/libucs.so.0(ucs_handle_error+0xe4) [0x7f65ecb19404]
 1  /gnu/store/vil23w1cj0dy99a2n78265rrrli0rwwz-ucx-1.9.0/lib/libucs.so.0(+0x2772c) [0x7f65ecb1972c]
 2  /gnu/store/vil23w1cj0dy99a2n78265rrrli0rwwz-ucx-1.9.0/lib/libucs.so.0(+0x27994) [0x7f65ecb19994]
 3  /gnu/store/5jr225ab8j3i9799rbpr2cj6yrmxjh7j-openmpi-4.1.1/lib/openmpi/mca_pml_ob1.so(check_cantmatch_for_match+0x11) [0x7f65ed3ad491]
 4  /gnu/store/5jr225ab8j3i9799rbpr2cj6yrmxjh7j-openmpi-4.1.1/lib/openmpi/mca_pml_ob1.so(+0x11b26) [0x7f65ed3adb26]
 5  /gnu/store/5jr225ab8j3i9799rbpr2cj6yrmxjh7j-openmpi-4.1.1/lib/openmpi/mca_btl_vader.so(mca_btl_vader_poll_handle_frag+0x7d) [0x7f65ed3e8b2d]
 6  /gnu/store/5jr225ab8j3i9799rbpr2cj6yrmxjh7j-openmpi-4.1.1/lib/openmpi/mca_btl_vader.so(+0x5dcd) [0x7f65ed3e8dcd]
 7  /gnu/store/5jr225ab8j3i9799rbpr2cj6yrmxjh7j-openmpi-4.1.1/lib/libopen-pal.so.40(opal_progress+0x2c) [0x7f65ef177c3c]
 8  /gnu/store/5jr225ab8j3i9799rbpr2cj6yrmxjh7j-openmpi-4.1.1/lib/openmpi/mca_pml_ob1.so(mca_pml_ob1_recv+0x2ad) [0x7f65ed3a63cd]
 9  /gnu/store/5jr225ab8j3i9799rbpr2cj6yrmxjh7j-openmpi-4.1.1/lib/libmpi.so.40(MPI_Recv+0x160) [0x7f65ef54a9d0]
10  ./matrix_band_modes() [0x401869]
11  /gnu/store/fa6wj5bxkj5ll1d7292a70knmyl7a0cr-glibc-2.31/lib/libc.so.6(__libc_start_main+0xed) [0x7f65ef2e1a6d]
12  ./matrix_band_modes() [0x401aca]
=================================
[g10:29835] *** Process received signal ***
[g10:29835] Signal: Segmentation fault (11)
[g10:29835] Signal code:  (-6)
[g10:29835] Failing at address: 0x14290000748b
[g10:29835] [ 0] /gnu/store/fa6wj5bxkj5ll1d7292a70knmyl7a0cr-glibc-2.31/lib/libpthread.so.0(+0x13010)[0x7f65ef48f010]
[g10:29835] [ 1] /gnu/store/5jr225ab8j3i9799rbpr2cj6yrmxjh7j-openmpi-4.1.1/lib/openmpi/mca_pml_ob1.so(check_cantmatch_for_match+0x11)[0x7f65ed3ad491]
[g10:29835] [ 2] /gnu/store/5jr225ab8j3i9799rbpr2cj6yrmxjh7j-openmpi-4.1.1/lib/openmpi/mca_pml_ob1.so(+0x11b26)[0x7f65ed3adb26]
[g10:29835] [ 3] /gnu/store/5jr225ab8j3i9799rbpr2cj6yrmxjh7j-openmpi-4.1.1/lib/openmpi/mca_btl_vader.so(mca_btl_vader_poll_handle_frag+0x7d)[0x7f65ed3e8b2d]
[g10:29835] [ 4] /gnu/store/5jr225ab8j3i9799rbpr2cj6yrmxjh7j-openmpi-4.1.1/lib/openmpi/mca_btl_vader.so(+0x5dcd)[0x7f65ed3e8dcd]
[g10:29835] [ 5] /gnu/store/5jr225ab8j3i9799rbpr2cj6yrmxjh7j-openmpi-4.1.1/lib/libopen-pal.so.40(opal_progress+0x2c)[0x7f65ef177c3c]
[g10:29835] [ 6] /gnu/store/5jr225ab8j3i9799rbpr2cj6yrmxjh7j-openmpi-4.1.1/lib/openmpi/mca_pml_ob1.so(mca_pml_ob1_recv+0x2ad)[0x7f65ed3a63cd]
[g10:29835] [ 7] [g10:29837:0:29837] Caught signal 11 (Segmentation fault: Sent by the kernel at address (nil))
/gnu/store/5jr225ab8j3i9799rbpr2cj6yrmxjh7j-openmpi-4.1.1/lib/libmpi.so.40(MPI_Recv+0x160)[0x7f65ef54a9d0]
[g10:29835] [ 8] ./matrix_band_modes[0x401869]
[g10:29835] [ 9] /gnu/store/fa6wj5bxkj5ll1d7292a70knmyl7a0cr-glibc-2.31/lib/libc.so.6(__libc_start_main+0xed)[0x7f65ef2e1a6d]
[g10:29835] [10] ./matrix_band_modes[0x401aca]
[g10:29835] *** End of error message ***
[g10:29839:0:29839] Caught signal 11 (Segmentation fault: Sent by the kernel at address (nil))
==== backtrace (tid:  29837) ====
 0  /gnu/store/vil23w1cj0dy99a2n78265rrrli0rwwz-ucx-1.9.0/lib/libucs.so.0(ucs_handle_error+0xe4) [0x7f247fea8404]
 1  /gnu/store/vil23w1cj0dy99a2n78265rrrli0rwwz-ucx-1.9.0/lib/libucs.so.0(+0x2772c) [0x7f247fea872c]
 2  /gnu/store/vil23w1cj0dy99a2n78265rrrli0rwwz-ucx-1.9.0/lib/libucs.so.0(+0x27994) [0x7f247fea8994]
 3  /gnu/store/5jr225ab8j3i9799rbpr2cj6yrmxjh7j-openmpi-4.1.1/lib/openmpi/mca_pml_ob1.so(check_cantmatch_for_match+0x11) [0x7f2484766491]
 4  /gnu/store/5jr225ab8j3i9799rbpr2cj6yrmxjh7j-openmpi-4.1.1/lib/openmpi/mca_pml_ob1.so(+0x11b26) [0x7f2484766b26]
 5  /gnu/store/5jr225ab8j3i9799rbpr2cj6yrmxjh7j-openmpi-4.1.1/lib/openmpi/mca_btl_vader.so(mca_btl_vader_poll_handle_frag+0x7d) [0x7f24847a1b2d]
 6  /gnu/store/5jr225ab8j3i9799rbpr2cj6yrmxjh7j-openmpi-4.1.1/lib/openmpi/mca_btl_vader.so(+0x5dcd) [0x7f24847a1dcd]
 7  /gnu/store/5jr225ab8j3i9799rbpr2cj6yrmxjh7j-openmpi-4.1.1/lib/libopen-pal.so.40(opal_progress+0x2c) [0x7f2486530c3c]
 8  /gnu/store/5jr225ab8j3i9799rbpr2cj6yrmxjh7j-openmpi-4.1.1/lib/openmpi/mca_pml_ob1.so(mca_pml_ob1_recv+0x2ad) [0x7f248475f3cd]
 9  /gnu/store/5jr225ab8j3i9799rbpr2cj6yrmxjh7j-openmpi-4.1.1/lib/libmpi.so.40(MPI_Recv+0x160) [0x7f24869039d0]
10  ./matrix_band_modes() [0x401869]
11  /gnu/store/fa6wj5bxkj5ll1d7292a70knmyl7a0cr-glibc-2.31/lib/libc.so.6(__libc_start_main+0xed) [0x7f248669aa6d]
12  ./matrix_band_modes() [0x401aca]
=================================
[g10:29837] *** Process received signal ***
[g10:29837] Signal: Segmentation fault (11)
[g10:29837] Signal code:  (-6)
[g10:29837] Failing at address: 0x14290000748d
[g10:29837] [ 0] /gnu/store/fa6wj5bxkj5ll1d7292a70knmyl7a0cr-glibc-2.31/lib/libpthread.so.0(+0x13010)[0x7f2486848010]
[g10:29837] [ 1] /gnu/store/5jr225ab8j3i9799rbpr2cj6yrmxjh7j-openmpi-4.1.1/lib/openmpi/mca_pml_ob1.so(check_cantmatch_for_match+0x11)[0x7f2484766491]
[g10:29837] [ 2] /gnu/store/5jr225ab8j3i9799rbpr2cj6yrmxjh7j-openmpi-4.1.1/lib/openmpi/mca_pml_ob1.so(+0x11b26)[0x7f2484766b26]
[g10:29837] [ 3] /gnu/store/5jr225ab8j3i9799rbpr2cj6yrmxjh7j-openmpi-4.1.1/lib/openmpi/mca_btl_vader.so(mca_btl_vader_poll_handle_frag+0x7d)[0x7f24847a1b2d]
[g10:29837] [ 4] /gnu/store/5jr225ab8j3i9799rbpr2cj6yrmxjh7j-openmpi-4.1.1/lib/openmpi/mca_btl_vader.so(+0x5dcd)[0x7f24847a1dcd]
[g10:29837] [ 5] /gnu/store/5jr225ab8j3i9799rbpr2cj6yrmxjh7j-openmpi-4.1.1/lib/libopen-pal.so.40(opal_progress+0x2c)[0x7f2486530c3c]
[g10:29837] [ 6] /gnu/store/5jr225ab8j3i9799rbpr2cj6yrmxjh7j-openmpi-4.1.1/lib/openmpi/mca_pml_ob1.so(mca_pml_ob1_recv+0x2ad)[0x7f248475f3cd]
[g10:29837] [ 7] ==== backtrace (tid:  29839) ====
 0  /gnu/store/vil23w1cj0dy99a2n78265rrrli0rwwz-ucx-1.9.0/lib/libucs.so.0(ucs_handle_error+0xe4) [0x7fc9e8f24404]
 1  /gnu/store/vil23w1cj0dy99a2n78265rrrli0rwwz-ucx-1.9.0/lib/libucs.so.0(+0x2772c) [0x7fc9e8f2472c]
 2  /gnu/store/vil23w1cj0dy99a2n78265rrrli0rwwz-ucx-1.9.0/lib/libucs.so.0(+0x27994) [0x7fc9e8f24994]
 3  /gnu/store/5jr225ab8j3i9799rbpr2cj6yrmxjh7j-openmpi-4.1.1/lib/openmpi/mca_pml_ob1.so(check_cantmatch_for_match+0x11) [0x7fc9e97b8491]
 4  /gnu/store/5jr225ab8j3i9799rbpr2cj6yrmxjh7j-openmpi-4.1.1/lib/openmpi/mca_pml_ob1.so(+0x11b26) [0x7fc9e97b8b26]
 5  /gnu/store/5jr225ab8j3i9799rbpr2cj6yrmxjh7j-openmpi-4.1.1/lib/openmpi/mca_btl_vader.so(mca_btl_vader_poll_handle_frag+0x7d) [0x7fc9e97f3b2d]
 6  /gnu/store/5jr225ab8j3i9799rbpr2cj6yrmxjh7j-openmpi-4.1.1/lib/openmpi/mca_btl_vader.so(+0x5dcd) [0x7fc9e97f3dcd]
 7  /gnu/store/5jr225ab8j3i9799rbpr2cj6yrmxjh7j-openmpi-4.1.1/lib/libopen-pal.so.40(opal_progress+0x2c) [0x7fc9eb582c3c]
 8  /gnu/store/5jr225ab8j3i9799rbpr2cj6yrmxjh7j-openmpi-4.1.1/lib/openmpi/mca_pml_ob1.so(mca_pml_ob1_recv+0x2ad) [0x7fc9e97b13cd]
 9  /gnu/store/5jr225ab8j3i9799rbpr2cj6yrmxjh7j-openmpi-4.1.1/lib/libmpi.so.40(MPI_Recv+0x160) [0x7fc9eb9559d0]
10  ./matrix_band_modes() [0x401869]
11  /gnu/store/fa6wj5bxkj5ll1d7292a70knmyl7a0cr-glibc-2.31/lib/libc.so.6(__libc_start_main+0xed) [0x7fc9eb6eca6d]
12  ./matrix_band_modes() [0x401aca]
=================================
[g10:29839] *** Process received signal ***
[g10:29839] Signal: Segmentation fault (11)
[g10:29839] Signal code:  (-6)
[g10:29839] Failing at address: 0x14290000748f
[g10:29839] [ 0] /gnu/store/fa6wj5bxkj5ll1d7292a70knmyl7a0cr-glibc-2.31/lib/libpthread.so.0(+0x13010)[0x7fc9eb89a010]
[g10:29839] [ 1] /gnu/store/5jr225ab8j3i9799rbpr2cj6yrmxjh7j-openmpi-4.1.1/lib/openmpi/mca_pml_ob1.so(check_cantmatch_for_match+0x11)[0x7fc9e97b8491]
[g10:29839] [ 2] /gnu/store/5jr225ab8j3i9799rbpr2cj6yrmxjh7j-openmpi-4.1.1/lib/openmpi/mca_pml_ob1.so(+0x11b26)[0x7fc9e97b8b26]
[g10:29839] [ 3] /gnu/store/5jr225ab8j3i9799rbpr2cj6yrmxjh7j-openmpi-4.1.1/lib/openmpi/mca_btl_vader.so(mca_btl_vader_poll_handle_frag+0x7d)[0x7fc9e97f3b2d]
[g10:29839] [ 4] /gnu/store/5jr225ab8j3i9799rbpr2cj6yrmxjh7j-openmpi-4.1.1/lib/openmpi/mca_btl_vader.so(+0x5dcd)[0x7fc9e97f3dcd]
[g10:29839] [ 5] /gnu/store/5jr225ab8j3i9799rbpr2cj6yrmxjh7j-openmpi-4.1.1/lib/libopen-pal.so.40(opal_progress+0x2c)[0x7fc9eb582c3c]
[g10:29839] [ 6] /gnu/store/5jr225ab8j3i9799rbpr2cj6yrmxjh7j-openmpi-4.1.1/lib/openmpi/mca_pml_ob1.so(mca_pml_ob1_recv+0x2ad)[0x7fc9e97b13cd]
[g10:29839] [ 7] /gnu/store/5jr225ab8j3i9799rbpr2cj6yrmxjh7j-openmpi-4.1.1/lib/libmpi.so.40(MPI_Recv+0x160)[0x7fc9eb9559d0]
[g10:29839] [ 8] ./matrix_band_modes[0x401869]
[g10:29839] [ 9] /gnu/store/fa6wj5bxkj5ll1d7292a70knmyl7a0cr-glibc-2.31/lib/libc.so.6(__libc_start_main+0xed)[0x7fc9eb6eca6d]
[g10:29839] [10] ./matrix_band_modes[0x401aca]
[g10:29839] *** End of error message ***
/gnu/store/5jr225ab8j3i9799rbpr2cj6yrmxjh7j-openmpi-4.1.1/lib/libmpi.so.40(MPI_Recv+0x160)[0x7f24869039d0]
[g10:29837] [ 8] ./matrix_band_modes[0x401869]
[g10:29837] [ 9] /gnu/store/fa6wj5bxkj5ll1d7292a70knmyl7a0cr-glibc-2.31/lib/libc.so.6(__libc_start_main+0xed)[0x7f248669aa6d]
[g10:29837] [10] ./matrix_band_modes[0x401aca]
[g10:29837] *** End of error message ***
[g10:29842:0:29842] Caught signal 11 (Segmentation fault: Sent by the kernel at address (nil))
==== backtrace (tid:  29842) ====
 0  /gnu/store/vil23w1cj0dy99a2n78265rrrli0rwwz-ucx-1.9.0/lib/libucs.so.0(ucs_handle_error+0xe4) [0x7fab4259e404]
 1  /gnu/store/vil23w1cj0dy99a2n78265rrrli0rwwz-ucx-1.9.0/lib/libucs.so.0(+0x2772c) [0x7fab4259e72c]
 2  /gnu/store/vil23w1cj0dy99a2n78265rrrli0rwwz-ucx-1.9.0/lib/libucs.so.0(+0x27994) [0x7fab4259e994]
 3  /gnu/store/5jr225ab8j3i9799rbpr2cj6yrmxjh7j-openmpi-4.1.1/lib/openmpi/mca_pml_ob1.so(check_cantmatch_for_match+0x11) [0x7fab42e32491]
 4  /gnu/store/5jr225ab8j3i9799rbpr2cj6yrmxjh7j-openmpi-4.1.1/lib/openmpi/mca_pml_ob1.so(+0x11b26) [0x7fab42e32b26]
 5  /gnu/store/5jr225ab8j3i9799rbpr2cj6yrmxjh7j-openmpi-4.1.1/lib/openmpi/mca_btl_vader.so(mca_btl_vader_poll_handle_frag+0x7d) [0x7fab42e6db2d]
 6  /gnu/store/5jr225ab8j3i9799rbpr2cj6yrmxjh7j-openmpi-4.1.1/lib/openmpi/mca_btl_vader.so(+0x5dcd) [0x7fab42e6ddcd]
 7  /gnu/store/5jr225ab8j3i9799rbpr2cj6yrmxjh7j-openmpi-4.1.1/lib/libopen-pal.so.40(opal_progress+0x2c) [0x7fab48bfbc3c]
 8  /gnu/store/5jr225ab8j3i9799rbpr2cj6yrmxjh7j-openmpi-4.1.1/lib/openmpi/mca_pml_ob1.so(mca_pml_ob1_recv+0x2ad) [0x7fab42e2b3cd]
 9  /gnu/store/5jr225ab8j3i9799rbpr2cj6yrmxjh7j-openmpi-4.1.1/lib/libmpi.so.40(MPI_Recv+0x160) [0x7fab48fce9d0]
10  ./matrix_band_modes() [0x401869]
11  /gnu/store/fa6wj5bxkj5ll1d7292a70knmyl7a0cr-glibc-2.31/lib/libc.so.6(__libc_start_main+0xed) [0x7fab48d65a6d]
12  ./matrix_band_modes() [0x401aca]
=================================
[g10:29842] *** Process received signal ***
[g10:29842] Signal: Segmentation fault (11)
[g10:29842] Signal code:  (-6)
[g10:29842] Failing at address: 0x142900007492
[g10:29842] [ 0] /gnu/store/fa6wj5bxkj5ll1d7292a70knmyl7a0cr-glibc-2.31/lib/libpthread.so.0(+0x13010)[0x7fab48f13010]
[g10:29842] [ 1] [g10:29848:0:29848] Caught signal 11 (Segmentation fault: Sent by the kernel at address (nil))
/gnu/store/5jr225ab8j3i9799rbpr2cj6yrmxjh7j-openmpi-4.1.1/lib/openmpi/mca_pml_ob1.so(check_cantmatch_for_match+0x11)[0x7fab42e32491]
[g10:29842] [ 2] /gnu/store/5jr225ab8j3i9799rbpr2cj6yrmxjh7j-openmpi-4.1.1/lib/openmpi/mca_pml_ob1.so(+0x11b26)[0x7fab42e32b26]
[g10:29842] [ 3] /gnu/store/5jr225ab8j3i9799rbpr2cj6yrmxjh7j-openmpi-4.1.1/lib/openmpi/mca_btl_vader.so(mca_btl_vader_poll_handle_frag+0x7d)[0x7fab42e6db2d]
[g10:29842] [ 4] /gnu/store/5jr225ab8j3i9799rbpr2cj6yrmxjh7j-openmpi-4.1.1/lib/openmpi/mca_btl_vader.so(+0x5dcd)[0x7fab42e6ddcd]
[g10:29842] [ 5] /gnu/store/5jr225ab8j3i9799rbpr2cj6yrmxjh7j-openmpi-4.1.1/lib/libopen-pal.so.40(opal_progress+0x2c)[0x7fab48bfbc3c]
[g10:29842] [ 6] /gnu/store/5jr225ab8j3i9799rbpr2cj6yrmxjh7j-openmpi-4.1.1/lib/openmpi/mca_pml_ob1.so(mca_pml_ob1_recv+0x2ad)[0x7fab42e2b3cd]
[g10:29842] [ 7] /gnu/store/5jr225ab8j3i9799rbpr2cj6yrmxjh7j-openmpi-4.1.1/lib/libmpi.so.40(MPI_Recv+0x160)[0x7fab48fce9d0]
[g10:29842] [ 8] ./matrix_band_modes[0x401869]
[g10:29842] [ 9] /gnu/store/fa6wj5bxkj5ll1d7292a70knmyl7a0cr-glibc-2.31/lib/libc.so.6(__libc_start_main+0xed)[0x7fab48d65a6d]
[g10:29842] [10] ./matrix_band_modes[0x401aca]
[g10:29842] *** End of error message ***
==== backtrace (tid:  29848) ====
 0  /gnu/store/vil23w1cj0dy99a2n78265rrrli0rwwz-ucx-1.9.0/lib/libucs.so.0(ucs_handle_error+0xe4) [0x7fc98999c404]
 1  /gnu/store/vil23w1cj0dy99a2n78265rrrli0rwwz-ucx-1.9.0/lib/libucs.so.0(+0x2772c) [0x7fc98999c72c]
 2  /gnu/store/vil23w1cj0dy99a2n78265rrrli0rwwz-ucx-1.9.0/lib/libucs.so.0(+0x27994) [0x7fc98999c994]
 3  /gnu/store/5jr225ab8j3i9799rbpr2cj6yrmxjh7j-openmpi-4.1.1/lib/openmpi/mca_pml_ob1.so(check_cantmatch_for_match+0x11) [0x7fc98a230491]
 4  /gnu/store/5jr225ab8j3i9799rbpr2cj6yrmxjh7j-openmpi-4.1.1/lib/openmpi/mca_pml_ob1.so(+0x11b26) [0x7fc98a230b26]
 5  /gnu/store/5jr225ab8j3i9799rbpr2cj6yrmxjh7j-openmpi-4.1.1/lib/openmpi/mca_btl_vader.so(mca_btl_vader_poll_handle_frag+0x7d) [0x7fc98a26bb2d]
 6  /gnu/store/5jr225ab8j3i9799rbpr2cj6yrmxjh7j-openmpi-4.1.1/lib/openmpi/mca_btl_vader.so(+0x5dcd) [0x7fc98a26bdcd]
 7  /gnu/store/5jr225ab8j3i9799rbpr2cj6yrmxjh7j-openmpi-4.1.1/lib/libopen-pal.so.40(opal_progress+0x2c) [0x7fc98bffac3c]
 8  /gnu/store/5jr225ab8j3i9799rbpr2cj6yrmxjh7j-openmpi-4.1.1/lib/openmpi/mca_pml_ob1.so(mca_pml_ob1_recv+0x2ad) [0x7fc98a2293cd]
 9  /gnu/store/5jr225ab8j3i9799rbpr2cj6yrmxjh7j-openmpi-4.1.1/lib/libmpi.so.40(MPI_Recv+0x160) [0x7fc98c3cd9d0]
10  ./matrix_band_modes() [0x401869]
11  /gnu/store/fa6wj5bxkj5ll1d7292a70knmyl7a0cr-glibc-2.31/lib/libc.so.6(__libc_start_main+0xed) [0x7fc98c164a6d]
12  ./matrix_band_modes() [0x401aca]
=================================
[g10:29848] *** Process received signal ***
[g10:29848] Signal: Segmentation fault (11)
[g10:29848] Signal code:  (-6)
[g10:29848] Failing at address: 0x142900007498
[g10:29848] [ 0] /gnu/store/fa6wj5bxkj5ll1d7292a70knmyl7a0cr-glibc-2.31/lib/libpthread.so.0(+0x13010)[0x7fc98c312010]
[g10:29848] [ 1] /gnu/store/5jr225ab8j3i9799rbpr2cj6yrmxjh7j-openmpi-4.1.1/lib/openmpi/mca_pml_ob1.so(check_cantmatch_for_match+0x11)[0x7fc98a230491]
[g10:29848] [ 2] /gnu/store/5jr225ab8j3i9799rbpr2cj6yrmxjh7j-openmpi-4.1.1/lib/openmpi/mca_pml_ob1.so(+0x11b26)[0x7fc98a230b26]
[g10:29848] [ 3] /gnu/store/5jr225ab8j3i9799rbpr2cj6yrmxjh7j-openmpi-4.1.1/lib/openmpi/mca_btl_vader.so(mca_btl_vader_poll_handle_frag+0x7d)[0x7fc98a26bb2d]
[g10:29848] [ 4] /gnu/store/5jr225ab8j3i9799rbpr2cj6yrmxjh7j-openmpi-4.1.1/lib/openmpi/mca_btl_vader.so(+0x5dcd)[0x7fc98a26bdcd]
[g10:29848] [ 5] /gnu/store/5jr225ab8j3i9799rbpr2cj6yrmxjh7j-openmpi-4.1.1/lib/libopen-pal.so.40(opal_progress+0x2c)[0x7fc98bffac3c]
[g10:29848] [ 6] /gnu/store/5jr225ab8j3i9799rbpr2cj6yrmxjh7j-openmpi-4.1.1/lib/openmpi/mca_pml_ob1.so(mca_pml_ob1_recv+0x2ad)[0x7fc98a2293cd]
[g10:29848] [ 7] /gnu/store/5jr225ab8j3i9799rbpr2cj6yrmxjh7j-openmpi-4.1.1/lib/libmpi.so.40(MPI_Recv+0x160)[0x7fc98c3cd9d0]
[g10:29848] [ 8] ./matrix_band_modes[0x401869]
[g10:29848] [ 9] /gnu/store/fa6wj5bxkj5ll1d7292a70knmyl7a0cr-glibc-2.31/lib/libc.so.6(__libc_start_main+0xed)[0x7fc98c164a6d]
[g10:29848] [10] ./matrix_band_modes[0x401aca]
[g10:29848] *** End of error message ***
--------------------------------------------------------------------------
Primary job  terminated normally, but 1 process returned
a non-zero exit code. Per user-direction, the job has been aborted.
--------------------------------------------------------------------------
--------------------------------------------------------------------------
mpirun noticed that process rank 1 with PID 29816 on node g10 exited on signal 11 (Segmentation fault).
--------------------------------------------------------------------------
15 total processes killed (some possibly by mpirun during cleanup)
