Matrix Band Multiplication - Mode: READY
Matrix size: 1024x1024, Processes: 4
Execution time: 3.185945 seconds
free(): invalid next size (normal)
[g7:28152] *** Process received signal ***
[g7:28152] Signal: Aborted (6)
[g7:28152] Signal code:  (-6)
[g7:28152] [ 0] /gnu/store/fa6wj5bxkj5ll1d7292a70knmyl7a0cr-glibc-2.31/lib/libpthread.so.0(+0x13010)[0x7f1d3739e010]
[g7:28152] [ 1] /gnu/store/fa6wj5bxkj5ll1d7292a70knmyl7a0cr-glibc-2.31/lib/libc.so.6(gsignal+0xca)[0x7f1d37204aba]
[g7:28152] [ 2] /gnu/store/fa6wj5bxkj5ll1d7292a70knmyl7a0cr-glibc-2.31/lib/libc.so.6(abort+0x165)[0x7f1d37205bf5]
[g7:28152] [ 3] /gnu/store/fa6wj5bxkj5ll1d7292a70knmyl7a0cr-glibc-2.31/lib/libc.so.6(+0x78c97)[0x7f1d37246c97]
[g7:28152] [ 4] /gnu/store/fa6wj5bxkj5ll1d7292a70knmyl7a0cr-glibc-2.31/lib/libc.so.6(+0x7ffea)[0x7f1d3724dfea]
[g7:28152] [ 5] /gnu/store/fa6wj5bxkj5ll1d7292a70knmyl7a0cr-glibc-2.31/lib/libc.so.6(+0x81c4c)[0x7f1d3724fc4c]
[g7:28152] [ 6] ./matrix_band_modes[0x401c0c]
[g7:28152] [ 7] ./matrix_band_modes[0x401787]
[g7:28152] [ 8] /gnu/store/fa6wj5bxkj5ll1d7292a70knmyl7a0cr-glibc-2.31/lib/libc.so.6(__libc_start_main+0xed)[0x7f1d371f0a6d]
[g7:28152] [ 9] ./matrix_band_modes[0x401aca]
[g7:28152] *** End of error message ***
--------------------------------------------------------------------------
Primary job  terminated normally, but 1 process returned
a non-zero exit code. Per user-direction, the job has been aborted.
--------------------------------------------------------------------------
--------------------------------------------------------------------------
mpirun noticed that process rank 0 with PID 28152 on node g7 exited on signal 6 (Aborted).
--------------------------------------------------------------------------
