Matrix Band Multiplication - Mode: READY
Matrix size: 512x512, Processes: 4
Execution time: 0.118243 seconds
free(): invalid next size (normal)
[g3:20260] *** Process received signal ***
[g3:20260] Signal: Aborted (6)
[g3:20260] Signal code:  (-6)
[g3:20260] [ 0] /gnu/store/fa6wj5bxkj5ll1d7292a70knmyl7a0cr-glibc-2.31/lib/libpthread.so.0(+0x13010)[0x7f9217869010]
[g3:20260] [ 1] /gnu/store/fa6wj5bxkj5ll1d7292a70knmyl7a0cr-glibc-2.31/lib/libc.so.6(gsignal+0xca)[0x7f92176cfaba]
[g3:20260] [ 2] /gnu/store/fa6wj5bxkj5ll1d7292a70knmyl7a0cr-glibc-2.31/lib/libc.so.6(abort+0x165)[0x7f92176d0bf5]
[g3:20260] [ 3] /gnu/store/fa6wj5bxkj5ll1d7292a70knmyl7a0cr-glibc-2.31/lib/libc.so.6(+0x78c97)[0x7f9217711c97]
[g3:20260] [ 4] /gnu/store/fa6wj5bxkj5ll1d7292a70knmyl7a0cr-glibc-2.31/lib/libc.so.6(+0x7ffea)[0x7f9217718fea]
[g3:20260] [ 5] /gnu/store/fa6wj5bxkj5ll1d7292a70knmyl7a0cr-glibc-2.31/lib/libc.so.6(+0x81c4c)[0x7f921771ac4c]
[g3:20260] [ 6] ./matrix_band_modes[0x401c0c]
[g3:20260] [ 7] ./matrix_band_modes[0x401787]
[g3:20260] [ 8] /gnu/store/fa6wj5bxkj5ll1d7292a70knmyl7a0cr-glibc-2.31/lib/libc.so.6(__libc_start_main+0xed)[0x7f92176bba6d]
[g3:20260] [ 9] ./matrix_band_modes[0x401aca]
[g3:20260] *** End of error message ***
--------------------------------------------------------------------------
Primary job  terminated normally, but 1 process returned
a non-zero exit code. Per user-direction, the job has been aborted.
--------------------------------------------------------------------------
--------------------------------------------------------------------------
mpirun noticed that process rank 0 with PID 20260 on node g3 exited on signal 6 (Aborted).
--------------------------------------------------------------------------
