=== Derived Data Types Comparison ===
Testing three methods of sending structured data
Structure: Particle { int id; double values[3]; char name[20]; }
Total size per particle: 56 bytes
Processes: 2


--- Testing with 1 particles ---
Derived type: 0.000112 seconds for 1 particles, 100 iterations
Packing:      0.000076 seconds for 1 particles, 100 iterations
Ratio (Packing/Derived): 0.68
Separate:     0.000067 seconds for 1 particles, 100 iterations
Ratio (Separate/Derived): 0.59

--- Testing with 10 particles ---
Derived type: 0.000142 seconds for 10 particles, 100 iterations
Packing:      0.000300 seconds for 10 particles, 100 iterations
Ratio (Packing/Derived): 2.11
Separate:     0.000691 seconds for 10 particles, 100 iterations
Ratio (Separate/Derived): 4.85

--- Testing with 100 particles ---
Derived type: 0.000874 seconds for 100 particles, 100 iterations
Packing:      0.002502 seconds for 100 particles, 100 iterations
Ratio (Packing/Derived): 2.86
Separate:     0.006938 seconds for 100 particles, 100 iterations
Ratio (Separate/Derived): 7.94

--- Testing with 1000 particles ---
Derived type: 0.006898 seconds for 1000 particles, 100 iterations
Packing:      0.021525 seconds for 1000 particles, 100 iterations
Ratio (Packing/Derived): 3.12
Separate:     0.069297 seconds for 1000 particles, 100 iterations
Ratio (Separate/Derived): 10.05

=== Testing Contiguous Type ===
Contiguous type (5 doubles): 0.000235 seconds for 1000 iterations

All derived type tests completed!
