=== Derived Data Types Comparison ===
Testing three methods of sending structured data
Structure: Particle { int id; double values[3]; char name[20]; }
Total size per particle: 56 bytes
Processes: 2


--- Testing with 1 particles ---
Derived type: 0.000111 seconds for 1 particles, 100 iterations
Packing:      0.000081 seconds for 1 particles, 100 iterations
Ratio (Packing/Derived): 0.73
Separate:     0.000062 seconds for 1 particles, 100 iterations
Ratio (Separate/Derived): 0.55

--- Testing with 10 particles ---
Derived type: 0.000149 seconds for 10 particles, 100 iterations
Packing:      0.000300 seconds for 10 particles, 100 iterations
Ratio (Packing/Derived): 2.01
Separate:     0.000689 seconds for 10 particles, 100 iterations
Ratio (Separate/Derived): 4.63

--- Testing with 100 particles ---
Derived type: 0.000871 seconds for 100 particles, 100 iterations
Packing:      0.002435 seconds for 100 particles, 100 iterations
Ratio (Packing/Derived): 2.80
Separate:     0.006927 seconds for 100 particles, 100 iterations
Ratio (Separate/Derived): 7.95

--- Testing with 1000 particles ---
Derived type: 0.007674 seconds for 1000 particles, 100 iterations
Packing:      0.027263 seconds for 1000 particles, 100 iterations
Ratio (Packing/Derived): 3.55
Separate:     0.071172 seconds for 1000 particles, 100 iterations
Ratio (Separate/Derived): 9.27

=== Testing Contiguous Type ===
Contiguous type (5 doubles): 0.000235 seconds for 1000 iterations

All derived type tests completed!
