=== ТЕСТИРОВАНИЕ БОЛЬШИХ МАТРИЦ ===
Запущено: Sat 13 Dec 2025 11:01:10 AM MSK

Размеры: 1024 2048 4096
Процессы: 1 4 16


--- Тестируем: 1 процессов, размер 1024 x 1024 ---
Band: Время: 3.3185s, MFLOPS: 
Cannon: Пропуск (не подходит размер или кол-во процессов)

--- Тестируем: 1 процессов, размер 2048 x 2048 ---
Band: Время: 108.4917s, MFLOPS: 
Cannon: Пропуск (не подходит размер или кол-во процессов)

--- Тестируем: 1 процессов, размер 4096 x 4096 ---
Band: Время: 1095.9173s, MFLOPS: 
Cannon: Пропуск (не подходит размер или кол-во процессов)

--- Тестируем: 4 процессов, размер 1024 x 1024 ---
Band: Время: 1.1905s, MFLOPS: 
Cannon: Пропуск (не подходит размер или кол-во процессов)

--- Тестируем: 4 процессов, размер 2048 x 2048 ---
Band: Время: 29.8231s, MFLOPS: 
Cannon: Пропуск (не подходит размер или кол-во процессов)

--- Тестируем: 4 процессов, размер 4096 x 4096 ---
Band: Время: 303.1216s, MFLOPS: 
Cannon: Пропуск (не подходит размер или кол-во процессов)

--- Тестируем: 16 процессов, размер 1024 x 1024 ---
Band: Время: 1.0977s, MFLOPS: 
Cannon: Пропуск (не подходит размер или кол-во процессов)

--- Тестируем: 16 процессов, размер 2048 x 2048 ---
Band: Время: 21.9818s, MFLOPS: 
Cannon: Пропуск (не подходит размер или кол-во процессов)

--- Тестируем: 16 процессов, размер 4096 x 4096 ---
Band: Время: 188.1917s, MFLOPS: 
Cannon: Пропуск (не подходит размер или кол-во процессов)

=== РЕЗУЛЬТАТЫ ===
Алгоритм | Процессы | Размер | Время(с) | MFLOPS
---------|----------|--------|----------|--------
Band | 1 | 1024 | 3.3185 | 
Cannon | 1 | 1024 | SKIP | SKIP
Band | 1 | 2048 | 108.4917 | 
Cannon | 1 | 2048 | SKIP | SKIP
Band | 1 | 4096 | 1095.9173 | 
Cannon | 1 | 4096 | SKIP | SKIP
Band | 4 | 1024 | 1.1905 | 
Cannon | 4 | 1024 | SKIP | SKIP
Band | 4 | 2048 | 29.8231 | 
Cannon | 4 | 2048 | SKIP | SKIP
Band | 4 | 4096 | 303.1216 | 
Cannon | 4 | 4096 | SKIP | SKIP
Band | 16 | 1024 | 1.0977 | 
Cannon | 16 | 1024 | SKIP | SKIP
Band | 16 | 2048 | 21.9818 | 
Cannon | 16 | 2048 | SKIP | SKIP
Band | 16 | 4096 | 188.1917 | 
Cannon | 16 | 4096 | SKIP | SKIP

Тестирование завершено: Sat 13 Dec 2025 11:30:41 AM MSK
