=== ТЕСТИРОВАНИЕ МАСШТАБИРУЕМОСТИ НА 4096x4096 ===

Размер матрицы: 4096 x 4096

Измеряем время на 1 процессе...
Базовое время: Band=1098.1267, Cannon=1106.0234

Тестируем 1 процессов...
  Band: 1088.9690 с (ускорение: ), Cannon: не подходит
Тестируем 4 процессов...
  Band: 29.0777 с (ускорение: ), Cannon: не подходит
Тестируем 9 процессов...
  Band: 26.8133 с (ускорение: ), Cannon: не подходит
Тестируем 16 процессов...
  Band: 23.1795 с (ускорение: ), Cannon: не подходит
Тестируем 25 процессов...
  Band:  с (ускорение: ), Cannon: не подходит
Тестируем 36 процессов...
  Band:  с (ускорение: ), Cannon: не подходит
Тестируем 49 процессов...
  Band:  с (ускорение: ), Cannon: не подходит
Тестируем 64 процессов...
  Band:  с (ускорение: ), Cannon: не подходит

=== РЕЗУЛЬТАТЫ МАСШТАБИРУЕМОСТИ ===
Процессы | Band(с) | Cannon(с) | Ускорение Band | Ускорение Cannon
---------|---------|-----------|----------------|-----------------
1 | 1088.9690 | SKIP |  | SKIP
4 | 29.0777 | SKIP |  | SKIP
9 | 26.8133 | SKIP |  | SKIP
16 | 23.1795 | SKIP |  | SKIP
25 |  | SKIP |  | SKIP
36 |  | SKIP |  | SKIP
49 |  | SKIP |  | SKIP
64 |  | SKIP |  | SKIP
