================================================
     ULTIMATE TEST: BAND vs CANNON
================================================
Запущено: Sat 13 Dec 2025 11:22:17 AM MSK

Тестируемые размеры: 64 128 256 512 1024 2048 4096
Тестируемые процессы: 1 4 9 16


────────────────────────────────────────────
   ТЕСТ НА 1 ПРОЦЕССАХ
────────────────────────────────────────────

  Размер: 64x64
  ----------------------------------
    Band: 0.0006s, 873.8 MFLOPS
    Cannon: ERROR

  Размер: 128x128
  ----------------------------------
    Band: 0.0068s, 616.8 MFLOPS
    Cannon: ERROR

  Размер: 256x256
  ----------------------------------
    Band: 0.0501s, 669.7 MFLOPS
    Cannon: ERROR

  Размер: 512x512
  ----------------------------------
    Band: 0.4396s, 610.6 MFLOPS
    Cannon: ERROR

  Размер: 1024x1024
  ----------------------------------
    Band: 3.2290s, 665.1 MFLOPS
    Cannon: ERROR

  Размер: 2048x2048
  ----------------------------------
    Band: ERROR
    Cannon: ERROR

  Размер: 4096x4096
  ----------------------------------
    Band: ERROR
    Cannon: ERROR

────────────────────────────────────────────
   ТЕСТ НА 4 ПРОЦЕССАХ
────────────────────────────────────────────

  Размер: 64x64
  ----------------------------------
    Band: 0.0005s, 1048.6 MFLOPS
    Cannon: ERROR

  Размер: 128x128
  ----------------------------------
    Band: 0.0037s, 1133.6 MFLOPS
    Cannon: ERROR

  Размер: 256x256
  ----------------------------------
    Band: 0.0331s, 1013.7 MFLOPS
    Cannon: ERROR

  Размер: 512x512
  ----------------------------------
    Band: 0.1226s, 2189.5 MFLOPS
    Cannon: ERROR

  Размер: 1024x1024
  ----------------------------------
    Band: 1.1573s, 1855.6 MFLOPS
    Cannon: ERROR

  Размер: 2048x2048
  ----------------------------------
    Band: 29.6819s, 578.8 MFLOPS
    Cannon: ERROR

  Размер: 4096x4096
  ----------------------------------
    Band: ERROR
    Cannon: ERROR

────────────────────────────────────────────
   ТЕСТ НА 9 ПРОЦЕССАХ
────────────────────────────────────────────

  Размер: 64x64
  ----------------------------------
    Band: 0.0011s, 476.6 MFLOPS
    Cannon: ERROR

  Размер: 128x128
  ----------------------------------
    Band: 0.0017s, 2467.2 MFLOPS
    Cannon: ERROR

  Размер: 256x256
  ----------------------------------
    Band: 0.0184s, 1823.6 MFLOPS
    Cannon: ERROR

  Размер: 512x512
  ----------------------------------
    Band: 0.2433s, 1103.3 MFLOPS
    Cannon: ERROR

  Размер: 1024x1024
  ----------------------------------
    Band: 1.2084s, 1777.1 MFLOPS
    Cannon: ERROR

  Размер: 2048x2048
  ----------------------------------
    Band: 27.8344s, 617.2 MFLOPS
    Cannon: ERROR

  Размер: 4096x4096
  ----------------------------------
    Band: ERROR
    Cannon: ERROR

────────────────────────────────────────────
   ТЕСТ НА 16 ПРОЦЕССАХ
────────────────────────────────────────────

  Размер: 64x64
  ----------------------------------
    Band: 0.0078s, 67.2 MFLOPS
    Cannon: ERROR

  Размер: 128x128
  ----------------------------------
    Band: 0.0058s, 723.2 MFLOPS
    Cannon: ERROR

  Размер: 256x256
  ----------------------------------
    Band: 0.0148s, 2267.2 MFLOPS
    Cannon: ERROR

  Размер: 512x512
  ----------------------------------
    Band: 0.2147s, 1250.3 MFLOPS
    Cannon: ERROR

  Размер: 1024x1024
  ----------------------------------
    Band: 1.1013s, 1950.0 MFLOPS
    Cannon: ERROR

  Размер: 2048x2048
  ----------------------------------
    Band: 22.5670s, 761.3 MFLOPS
    Cannon: ERROR

  Размер: 4096x4096
  ----------------------------------
    Band: ERROR
    Cannon: ERROR

================================================
          ОБРАБОТКА РЕЗУЛЬТАТОВ
================================================

СВОДНАЯ ТАБЛИЦА РЕЗУЛЬТАТОВ:

Algorithm  Procs    Size       Time(s)      MFLOPS     Status    
---------  -----    ----       -------      ------     ------    
band       1        64         0.0006       873.8      OK        
cannon     1        64         ERROR        N/A        ERROR     
band       1        128        0.0068       616.8      OK        
cannon     1        128        ERROR        N/A        ERROR     
band       1        256        0.0501       669.7      OK        
cannon     1        256        ERROR        N/A        ERROR     
band       1        512        0.4396       610.6      OK        
cannon     1        512        ERROR        N/A        ERROR     
band       1        1024       3.2290       665.1      OK        
cannon     1        1024       ERROR        N/A        ERROR     
band       1        2048       ERROR        N/A        ERROR     
cannon     1        2048       ERROR        N/A        ERROR     
band       1        4096       ERROR        N/A        ERROR     
cannon     1        4096       ERROR        N/A        ERROR     
band       4        64         0.0005       1048.6     OK        
cannon     4        64         ERROR        N/A        ERROR     
band       4        128        0.0037       1133.6     OK        
cannon     4        128        ERROR        N/A        ERROR     
band       4        256        0.0331       1013.7     OK        
cannon     4        256        ERROR        N/A        ERROR     
band       4        512        0.1226       2189.5     OK        
cannon     4        512        ERROR        N/A        ERROR     
band       4        1024       1.1573       1855.6     OK        
cannon     4        1024       ERROR        N/A        ERROR     
band       4        2048       29.6819      578.8      OK        
cannon     4        2048       ERROR        N/A        ERROR     
band       4        4096       ERROR        N/A        ERROR     
cannon     4        4096       ERROR        N/A        ERROR     
band       9        64         0.0011       476.6      OK        
cannon     9        64         ERROR        N/A        ERROR     
band       9        128        0.0017       2467.2     OK        
cannon     9        128        ERROR        N/A        ERROR     
band       9        256        0.0184       1823.6     OK        
cannon     9        256        ERROR        N/A        ERROR     
band       9        512        0.2433       1103.3     OK        
cannon     9        512        ERROR        N/A        ERROR     
band       9        1024       1.2084       1777.1     OK        
cannon     9        1024       ERROR        N/A        ERROR     
band       9        2048       27.8344      617.2      OK        
cannon     9        2048       ERROR        N/A        ERROR     
band       9        4096       ERROR        N/A        ERROR     
cannon     9        4096       ERROR        N/A        ERROR     
band       16       64         0.0078       67.2       OK        
cannon     16       64         ERROR        N/A        ERROR     
band       16       128        0.0058       723.2      OK        
cannon     16       128        ERROR        N/A        ERROR     
band       16       256        0.0148       2267.2     OK        
cannon     16       256        ERROR        N/A        ERROR     
band       16       512        0.2147       1250.3     OK        
cannon     16       512        ERROR        N/A        ERROR     
band       16       1024       1.1013       1950.0     OK        
cannon     16       1024       ERROR        N/A        ERROR     
band       16       2048       22.5670      761.3      OK        
cannon     16       2048       ERROR        N/A        ERROR     
band       16       4096       ERROR        N/A        ERROR     
cannon     16       4096       ERROR        N/A        ERROR     

АНАЛИЗ МАСШТАБИРУЕМОСТИ:

Band алгоритм - ускорение относительно 1 процесса:
  Size 256: 1 proc → 4 procs: 0.0501 → 0.0331 (ускорение: 1.51x)
  Size 512: 1 proc → 4 procs: 0.4396 → 0.1226 (ускорение: 3.59x)
  Size 1024: 1 proc → 4 procs: 3.2290 → 1.1573 (ускорение: 2.79x)
  Size 256: 1 proc → 9 procs: 0.0501 → 0.0184 (ускорение: 2.72x)
  Size 512: 1 proc → 9 procs: 0.4396 → 0.2433 (ускорение: 1.81x)
  Size 1024: 1 proc → 9 procs: 3.2290 → 1.2084 (ускорение: 2.67x)
  Size 256: 1 proc → 16 procs: 0.0501 → 0.0148 (ускорение: 3.39x)
  Size 512: 1 proc → 16 procs: 0.4396 → 0.2147 (ускорение: 2.05x)
  Size 1024: 1 proc → 16 procs: 3.2290 → 1.1013 (ускорение: 2.93x)

СРАВНЕНИЕ BAND vs CANNON:

Поиск точки перелома (где Cannon становится быстрее Band):

================================================
РЕЗУЛЬТАТЫ СОХРАНЕНЫ В:
  1. results.csv - CSV формат для анализа
  2. ultimate_31472.out - полный вывод

Завершено: Sat 13 Dec 2025 11:29:25 AM MSK
================================================
