=== ФИНАЛЬНЫЙ ТЕСТ УМНОЖЕНИЯ МАТРИЦ ===
Запущено: Sat 13 Dec 2025 11:13:32 AM MSK

--- 1 ПРОЦЕССОВ ---
Размер | Band(с) | Cannon(с) | Отношение
-------|---------|-----------|----------
   256 |   0.062 |    0.0532 | 0.855
  ✗ Band быстрее в 0.855 раз

   512 |   0.427 |    0.4476 | 1.047
  ✗ Band быстрее в 1.047 раз

  1024 |   3.748 |    3.3069 | 0.882
  ✗ Band быстрее в 0.882 раз

  2048 | 108.765 |   TIMEOUT | TIMEOUT
  ⚠ Cannon завис на 2048


--- 4 ПРОЦЕССОВ ---
Размер | Band(с) | Cannon(с) | Отношение
-------|---------|-----------|----------
   256 |   0.018 |      SKIP | SKIP
  ➤ Cannon пропущен (размер 256 не делится на 0)

   512 |   0.123 |      SKIP | SKIP
  ➤ Cannon пропущен (размер 512 не делится на 0)

  1024 |   1.066 |      SKIP | SKIP
  ➤ Cannon пропущен (размер 1024 не делится на 0)

  2048 |  30.326 |      SKIP | SKIP
  ➤ Cannon пропущен (размер 2048 не делится на 0)


=== СВОДКА ===

Band работает нормально на всех конфигурациях.
Cannon зависает на многопроцессорных запусках.

Завершено: Sat 13 Dec 2025 11:16:48 AM MSK
