=== ИСПРАВЛЕННЫЙ ТЕСТ БОЛЬШИХ МАТРИЦ ===
Запущено: Sat 13 Dec 2025 11:09:36 AM MSK


--- 1 процессов, размер 1024 x 1024 ---
Band: Время: 3.7157s, MFLOPS: 
Cannon: пропуск (неподходящая конфигурация)

--- 1 процессов, размер 2048 x 2048 ---
Band: Время: 107.9418s, MFLOPS: 
Cannon: пропуск (неподходящая конфигурация)

--- 1 процессов, размер 4096 x 4096 ---
Band: Время: 1094.6438s, MFLOPS: 
Cannon: пропуск (неподходящая конфигурация)

--- 4 процессов, размер 1024 x 1024 ---
Band: Время: 1.1313s, MFLOPS: 
Cannon: пропуск (неподходящая конфигурация)

--- 4 процессов, размер 2048 x 2048 ---
Band: Время: 29.7133s, MFLOPS: 
Cannon: пропуск (неподходящая конфигурация)

--- 4 процессов, размер 4096 x 4096 ---
Band: Время: 304.8874s, MFLOPS: 
Cannon: пропуск (неподходящая конфигурация)

--- 16 процессов, размер 1024 x 1024 ---
Band: Время: 1.1080s, MFLOPS: 
Cannon: пропуск (неподходящая конфигурация)

--- 16 процессов, размер 2048 x 2048 ---
Band: Время: 21.9513s, MFLOPS: 
Cannon: пропуск (неподходящая конфигурация)

--- 16 процессов, размер 4096 x 4096 ---
Band: Время: 188.6007s, MFLOPS: 
Cannon: пропуск (неподходящая конфигурация)

=== ИТОГОВАЯ ТАБЛИЦА ===
Таблица результатов:
Алгоритм | Процессы | Размер | Время(с) | MFLOPS
---------|----------|--------|----------|--------
Band | 1 | 1024 | 3.7157 | 
Cannon | 1 | 1024 | SKIP | SKIP
Band | 1 | 2048 | 107.9418 | 
Cannon | 1 | 2048 | SKIP | SKIP
Band | 1 | 4096 | 1094.6438 | 
Cannon | 1 | 4096 | SKIP | SKIP
Band | 4 | 1024 | 1.1313 | 
Cannon | 4 | 1024 | SKIP | SKIP
Band | 4 | 2048 | 29.7133 | 
Cannon | 4 | 2048 | SKIP | SKIP
Band | 4 | 4096 | 304.8874 | 
Cannon | 4 | 4096 | SKIP | SKIP
Band | 16 | 1024 | 1.1080 | 
Cannon | 16 | 1024 | SKIP | SKIP
Band | 16 | 2048 | 21.9513 | 
Cannon | 16 | 2048 | SKIP | SKIP
Band | 16 | 4096 | 188.6007 | 
Cannon | 16 | 4096 | SKIP | SKIP

Завершено: Sat 13 Dec 2025 11:39:08 AM MSK
