--------------------------------------------------------------------------
mpirun was unable to launch the specified application as it could not access
or execute an executable:

Executable: ./dot_product_single
Node: g10

while attempting to start process rank 0.
--------------------------------------------------------------------------
--------------------------------------------------------------------------
mpirun was unable to launch the specified application as it could not access
or execute an executable:

Executable: ./dot_product_single
Node: g10

while attempting to start process rank 0.
--------------------------------------------------------------------------
--------------------------------------------------------------------------
mpirun was unable to launch the specified application as it could not access
or execute an executable:

Executable: ./dot_product_single
Node: g10

while attempting to start process rank 0.
--------------------------------------------------------------------------
--------------------------------------------------------------------------
mpirun was unable to launch the specified application as it could not access
or execute an executable:

Executable: ./dot_product_single
Node: g10

while attempting to start process rank 0.
--------------------------------------------------------------------------
--------------------------------------------------------------------------
mpirun was unable to launch the specified application as it could not access
or execute an executable:

Executable: ./dot_product_single
Node: g10

while attempting to start process rank 0.
--------------------------------------------------------------------------
--------------------------------------------------------------------------
mpirun was unable to launch the specified application as it could not access
or execute an executable:

Executable: ./dot_product_single
Node: g10

while attempting to start process rank 0.
--------------------------------------------------------------------------
--------------------------------------------------------------------------
mpirun was unable to launch the specified application as it could not access
or execute an executable:

Executable: ./dot_product_single
Node: g10

while attempting to start process rank 0.
--------------------------------------------------------------------------
--------------------------------------------------------------------------
mpirun was unable to launch the specified application as it could not access
or execute an executable:

Executable: ./dot_product_single
Node: g10

while attempting to start process rank 0.
--------------------------------------------------------------------------
--------------------------------------------------------------------------
mpirun was unable to launch the specified application as it could not access
or execute an executable:

Executable: ./dot_product_single
Node: g10

while attempting to start process rank 0.
--------------------------------------------------------------------------
--------------------------------------------------------------------------
mpirun was unable to launch the specified application as it could not access
or execute an executable:

Executable: ./dot_product_single
Node: g10

while attempting to start process rank 0.
--------------------------------------------------------------------------
--------------------------------------------------------------------------
mpirun was unable to launch the specified application as it could not access
or execute an executable:

Executable: ./dot_product_single
Node: g10

while attempting to start process rank 0.
--------------------------------------------------------------------------
--------------------------------------------------------------------------
mpirun was unable to launch the specified application as it could not access
or execute an executable:

Executable: ./dot_product_single
Node: g10

while attempting to start process rank 0.
--------------------------------------------------------------------------
--------------------------------------------------------------------------
mpirun was unable to launch the specified application as it could not access
or execute an executable:

Executable: ./dot_product_single
Node: g10

while attempting to start process rank 0.
--------------------------------------------------------------------------
--------------------------------------------------------------------------
mpirun was unable to launch the specified application as it could not access
or execute an executable:

Executable: ./dot_product_single
Node: g10

while attempting to start process rank 0.
--------------------------------------------------------------------------
--------------------------------------------------------------------------
mpirun was unable to launch the specified application as it could not access
or execute an executable:

Executable: ./dot_product_single
Node: g10

while attempting to start process rank 0.
--------------------------------------------------------------------------
--------------------------------------------------------------------------
mpirun was unable to launch the specified application as it could not access
or execute an executable:

Executable: ./dot_product_single
Node: g10

while attempting to start process rank 0.
--------------------------------------------------------------------------
--------------------------------------------------------------------------
mpirun was unable to launch the specified application as it could not access
or execute an executable:

Executable: ./dot_product_single
Node: g10

while attempting to start process rank 0.
--------------------------------------------------------------------------
--------------------------------------------------------------------------
mpirun was unable to launch the specified application as it could not access
or execute an executable:

Executable: ./dot_product_single
Node: g10

while attempting to start process rank 0.
--------------------------------------------------------------------------
--------------------------------------------------------------------------
mpirun was unable to launch the specified application as it could not access
or execute an executable:

Executable: ./dot_product_single
Node: g10

while attempting to start process rank 0.
--------------------------------------------------------------------------
--------------------------------------------------------------------------
mpirun was unable to launch the specified application as it could not access
or execute an executable:

Executable: ./dot_product_single
Node: g10

while attempting to start process rank 0.
--------------------------------------------------------------------------
