Starting MPI experiments...
EXPERIMENT: processes=1, vector_size=1000, time=0.000066
RESULTS: min=2.70, max=999.12
---
EXPERIMENT: processes=1, vector_size=10000, time=0.000503
RESULTS: min=0.11, max=999.92
---
EXPERIMENT: processes=1, vector_size=100000, time=0.004815
RESULTS: min=0.00, max=1000.00
---
EXPERIMENT: processes=1, vector_size=1000000, time=0.041615
RESULTS: min=0.00, max=1000.00
---
EXPERIMENT: processes=2, vector_size=1000, time=0.000083
RESULTS: min=2.70, max=999.12
---
EXPERIMENT: processes=2, vector_size=10000, time=0.000405
RESULTS: min=0.11, max=999.92
---
EXPERIMENT: processes=2, vector_size=100000, time=0.003695
RESULTS: min=0.00, max=1000.00
---
EXPERIMENT: processes=2, vector_size=1000000, time=0.034707
RESULTS: min=0.00, max=1000.00
---
EXPERIMENT: processes=4, vector_size=1000, time=0.011964
RESULTS: min=2.70, max=999.12
---
EXPERIMENT: processes=4, vector_size=10000, time=0.001388
RESULTS: min=0.11, max=999.92
---
EXPERIMENT: processes=4, vector_size=100000, time=0.007073
RESULTS: min=0.00, max=1000.00
---
EXPERIMENT: processes=4, vector_size=1000000, time=0.065493
RESULTS: min=0.00, max=1000.00
---
EXPERIMENT: processes=8, vector_size=1000, time=0.019607
RESULTS: min=0.15, max=999.84
---
EXPERIMENT: processes=8, vector_size=10000, time=0.001435
RESULTS: min=0.07, max=999.85
---
EXPERIMENT: processes=8, vector_size=100000, time=0.009252
RESULTS: min=0.01, max=1000.00
---
EXPERIMENT: processes=8, vector_size=1000000, time=0.083899
RESULTS: min=0.00, max=1000.00
---
EXPERIMENT: processes=16, vector_size=1000, time=0.044224
RESULTS: min=0.15, max=999.84
---
EXPERIMENT: processes=16, vector_size=10000, time=0.001689
RESULTS: min=0.07, max=999.85
---
EXPERIMENT: processes=16, vector_size=100000, time=0.009929
RESULTS: min=0.01, max=1000.00
---
EXPERIMENT: processes=16, vector_size=1000000, time=0.091189
RESULTS: min=0.00, max=1000.00
---
All experiments completed.
