=== Cartesian Grid Communication ===
Total processes: 4
Grid dimensions: 2 x 2
Process 1 (world 1) -> Grid coordinates: (0, 1)
Process 2 (world 2) -> Grid coordinates: (1, 0)
Process 3 (world 3) -> Grid coordinates: (1, 1)
Process 0 (world 0) -> Grid coordinates: (0, 0)
Process (1,1): row_rank=1/2, col_rank=1/2
Process (0,1): row_rank=1/2, col_rank=0/2
Process (1,0): row_rank=0/2, col_rank=1/2
Process (0,0): row_rank=0/2, col_rank=0/2

=== Testing Collective Operations ===
Data size: 1000 doubles, Iterations: 100

=== Performance Results ===
WORLD Bcast:    0.001623 seconds
ROW Bcast:      0.000773 seconds
Ratio (WORLD/ROW): 2.10

WORLD Reduce:   0.002180 seconds
COL Reduce:     0.000519 seconds
Ratio (WORLD/COL): 4.20
[g10:30377] *** An error occurred in MPI_Waitall
[g10:30377] *** reported by process [3828940801,2]
[g10:30377] *** on communicator MPI_COMM_WORLD
[g10:30377] *** MPI_ERR_REQUEST: invalid request
[g10:30377] *** MPI_ERRORS_ARE_FATAL (processes in this communicator will now abort,
[g10:30377] ***    and potentially your MPI job)
[g10:30376:0:30376] Caught signal 11 (Segmentation fault: address not mapped to object at address 0x448)
==== backtrace (tid:  30376) ====
 0  /gnu/store/vil23w1cj0dy99a2n78265rrrli0rwwz-ucx-1.9.0/lib/libucs.so.0(ucs_handle_error+0xe4) [0x7fa8d7464404]
 1  /gnu/store/vil23w1cj0dy99a2n78265rrrli0rwwz-ucx-1.9.0/lib/libucs.so.0(+0x2772c) [0x7fa8d746472c]
 2  /gnu/store/vil23w1cj0dy99a2n78265rrrli0rwwz-ucx-1.9.0/lib/libucs.so.0(+0x27994) [0x7fa8d7464994]
 3  /gnu/store/5jr225ab8j3i9799rbpr2cj6yrmxjh7j-openmpi-4.1.1/lib/libmpi.so.40(ompi_request_default_wait_all+0x86) [0x7fa8dde0a1a6]
 4  /gnu/store/5jr225ab8j3i9799rbpr2cj6yrmxjh7j-openmpi-4.1.1/lib/libmpi.so.40(PMPI_Waitall+0x7f) [0x7fa8dde5b13f]
 5  ./cartesian_grid() [0x4019df]
 6  ./cartesian_grid() [0x4015dc]
 7  /gnu/store/fa6wj5bxkj5ll1d7292a70knmyl7a0cr-glibc-2.31/lib/libc.so.6(__libc_start_main+0xed) [0x7fa8ddbe1a6d]
 8  ./cartesian_grid() [0x40182a]
=================================
[g10:30376] *** Process received signal ***
[g10:30376] Signal: Segmentation fault (11)
[g10:30376] Signal code:  (-6)
[g10:30376] Failing at address: 0x1429000076a8
[g10:30376] [ 0] /gnu/store/fa6wj5bxkj5ll1d7292a70knmyl7a0cr-glibc-2.31/lib/libpthread.so.0(+0x13010)[0x7fa8ddd8f010]
[g10:30376] [ 1] /gnu/store/5jr225ab8j3i9799rbpr2cj6yrmxjh7j-openmpi-4.1.1/lib/libmpi.so.40(ompi_request_default_wait_all+0x86)[0x7fa8dde0a1a6]
[g10:30376] [ 2] /gnu/store/5jr225ab8j3i9799rbpr2cj6yrmxjh7j-openmpi-4.1.1/lib/libmpi.so.40(PMPI_Waitall+0x7f)[0x7fa8dde5b13f]
[g10:30376] [ 3] ./cartesian_grid[0x4019df]
[g10:30376] [ 4] ./cartesian_grid[0x4015dc]
[g10:30376] [ 5] /gnu/store/fa6wj5bxkj5ll1d7292a70knmyl7a0cr-glibc-2.31/lib/libc.so.6(__libc_start_main+0xed)[0x7fa8ddbe1a6d]
[g10:30376] [ 6] ./cartesian_grid[0x40182a]
[g10:30376] *** End of error message ***
[g10:30371] 1 more process has sent help message help-mpi-errors.txt / mpi_errors_are_fatal
[g10:30371] Set MCA parameter "orte_base_help_aggregate" to 0 to see all help / error messages
