=== Cartesian Grid Communication ===
Total processes: 16
Grid dimensions: 4 x 4
Process 3 (world 3) -> Grid coordinates: (0, 3)
Process 4 (world 4) -> Grid coordinates: (1, 0)
Process 6 (world 6) -> Grid coordinates: (1, 2)
Process 7 (world 7) -> Grid coordinates: (1, 3)
Process 8 (world 8) -> Grid coordinates: (2, 0)
Process 9 (world 9) -> Grid coordinates: (2, 1)
Process 10 (world 10) -> Grid coordinates: (2, 2)
Process 11 (world 11) -> Grid coordinates: (2, 3)
Process 13 (world 13) -> Grid coordinates: (3, 1)
Process 14 (world 14) -> Grid coordinates: (3, 2)
Process 15 (world 15) -> Grid coordinates: (3, 3)
Process 0 (world 0) -> Grid coordinates: (0, 0)
Process 1 (world 1) -> Grid coordinates: (0, 1)
Process 2 (world 2) -> Grid coordinates: (0, 2)
Process 5 (world 5) -> Grid coordinates: (1, 1)
Process (2,3): row_rank=3/4, col_rank=2/4
Process (3,1): row_rank=1/4, col_rank=3/4
Process (3,2): row_rank=2/4, col_rank=3/4
Process (1,1): row_rank=1/4, col_rank=1/4
Process (0,0): row_rank=0/4, col_rank=0/4

=== Testing Collective Operations ===
Data size: 1000 doubles, Iterations: 100
Process (0,1): row_rank=1/4, col_rank=0/4
Process (3,3): row_rank=3/4, col_rank=3/4
Process (0,3): row_rank=3/4, col_rank=0/4
Process (0,2): row_rank=2/4, col_rank=0/4
Process (1,0): row_rank=0/4, col_rank=1/4
Process (1,2): row_rank=2/4, col_rank=1/4
Process (1,3): row_rank=3/4, col_rank=1/4
Process (2,0): row_rank=0/4, col_rank=2/4
Process (2,1): row_rank=1/4, col_rank=2/4
Process (2,2): row_rank=2/4, col_rank=2/4
Process 12 (world 12) -> Grid coordinates: (3, 0)
Process (3,0): row_rank=0/4, col_rank=3/4

=== Performance Results ===
WORLD Bcast:    0.004699 seconds
ROW Bcast:      0.001740 seconds
Ratio (WORLD/ROW): 2.70

WORLD Reduce:   0.004034 seconds
COL Reduce:     0.002469 seconds
Ratio (WORLD/COL): 1.63

=== Summary ===
Sub-communicators (rows/columns) are 1.6-2.7 times faster than WORLD communicator

Cartesian grid tests completed successfully!
