=== Cartesian Grid Communication ===
Total processes: 8
Grid dimensions: 4 x 2
Process 6 (world 6) -> Grid coordinates: (3, 0)
Process 7 (world 7) -> Grid coordinates: (3, 1)
Process 0 (world 0) -> Grid coordinates: (0, 0)
Process 1 (world 1) -> Grid coordinates: (0, 1)
Process 2 (world 2) -> Grid coordinates: (1, 0)
Process 3 (world 3) -> Grid coordinates: (1, 1)
Process 4 (world 4) -> Grid coordinates: (2, 0)
Process 5 (world 5) -> Grid coordinates: (2, 1)
Process (0,0): row_rank=0/2, col_rank=0/4

=== Testing Collective Operations ===
Data size: 1000 doubles, Iterations: 100
Process (0,1): row_rank=1/2, col_rank=0/4
Process (1,0): row_rank=0/2, col_rank=1/4
Process (1,1): row_rank=1/2, col_rank=1/4
Process (2,0): row_rank=0/2, col_rank=2/4
Process (3,1): row_rank=1/2, col_rank=3/4
Process (3,0): row_rank=0/2, col_rank=3/4
Process (2,1): row_rank=1/2, col_rank=2/4

=== Performance Results ===
WORLD Bcast:    0.001936 seconds
ROW Bcast:      0.000833 seconds
Ratio (WORLD/ROW): 2.32

WORLD Reduce:   0.003700 seconds
COL Reduce:     0.002122 seconds
Ratio (WORLD/COL): 1.74
[g7:28616:0:28616] Caught signal 11 (Segmentation fault: address not mapped to object at address (nil))
[g7:28618:0:28618] Caught signal 11 (Segmentation fault: address not mapped to object at address (nil))
[g7:28620:0:28620] Caught signal 11 (Segmentation fault: address not mapped to object at address 0x448)
[g7:28621] *** An error occurred in MPI_Waitall
[g7:28621] *** reported by process [2640838657,6]
[g7:28621] *** on communicator MPI_COMM_WORLD
[g7:28621] *** MPI_ERR_REQUEST: invalid request
[g7:28621] *** MPI_ERRORS_ARE_FATAL (processes in this communicator will now abort,
[g7:28621] ***    and potentially your MPI job)
==== backtrace (tid:  28620) ====
 0  /gnu/store/vil23w1cj0dy99a2n78265rrrli0rwwz-ucx-1.9.0/lib/libucs.so.0(ucs_handle_error+0xe4) [0x7f3e62457404]
 1  /gnu/store/vil23w1cj0dy99a2n78265rrrli0rwwz-ucx-1.9.0/lib/libucs.so.0(+0x2772c) [0x7f3e6245772c]
 2  /gnu/store/vil23w1cj0dy99a2n78265rrrli0rwwz-ucx-1.9.0/lib/libucs.so.0(+0x27994) [0x7f3e62457994]
 3  /gnu/store/5jr225ab8j3i9799rbpr2cj6yrmxjh7j-openmpi-4.1.1/lib/libmpi.so.40(ompi_request_default_wait_all+0x86) [0x7f3e64def1a6]
 4  /gnu/store/5jr225ab8j3i9799rbpr2cj6yrmxjh7j-openmpi-4.1.1/lib/libmpi.so.40(PMPI_Waitall+0x7f) [0x7f3e64e4013f]
 5  ./cartesian_grid() [0x4019df]
 6  ./cartesian_grid() [0x4015dc]
 7  /gnu/store/fa6wj5bxkj5ll1d7292a70knmyl7a0cr-glibc-2.31/lib/libc.so.6(__libc_start_main+0xed) [0x7f3e64bc6a6d]
 8  ./cartesian_grid() [0x40182a]
=================================
[g7:28620] *** Process received signal ***
[g7:28620] Signal: Segmentation fault (11)
[g7:28620] Signal code:  (-6)
[g7:28620] Failing at address: 0x142900006fcc
[g7:28620] [ 0] /gnu/store/fa6wj5bxkj5ll1d7292a70knmyl7a0cr-glibc-2.31/lib/libpthread.so.0(+0x13010)[0x7f3e64d74010]
[g7:28620] [ 1] /gnu/store/5jr225ab8j3i9799rbpr2cj6yrmxjh7j-openmpi-4.1.1/lib/libmpi.so.40(ompi_request_default_wait_all+0x86)[0x7f3e64def1a6]
[g7:28620] [ 2] /gnu/store/5jr225ab8j3i9799rbpr2cj6yrmxjh7j-openmpi-4.1.1/lib/libmpi.so.40(PMPI_Waitall+0x7f)[0x7f3e64e4013f]
[g7:28620] [ 3] ./cartesian_grid[0x4019df]
[g7:28620] [ 4] ./cartesian_grid[0x4015dc]
[g7:28620] [ 5] /gnu/store/fa6wj5bxkj5ll1d7292a70knmyl7a0cr-glibc-2.31/lib/libc.so.6(__libc_start_main+0xed)[0x7f3e64bc6a6d]
[g7:28620] [ 6] ./cartesian_grid[0x40182a]
[g7:28620] *** End of error message ***
[g7:28615:0:28615] Caught signal 11 (Segmentation fault: address not mapped to object at address 0x448)
==== backtrace (tid:  28615) ====
 0  /gnu/store/vil23w1cj0dy99a2n78265rrrli0rwwz-ucx-1.9.0/lib/libucs.so.0(ucs_handle_error+0xe4) [0x7f5309385404]
 1  /gnu/store/vil23w1cj0dy99a2n78265rrrli0rwwz-ucx-1.9.0/lib/libucs.so.0(+0x2772c) [0x7f530938572c]
 2  /gnu/store/vil23w1cj0dy99a2n78265rrrli0rwwz-ucx-1.9.0/lib/libucs.so.0(+0x27994) [0x7f5309385994]
 3  /gnu/store/5jr225ab8j3i9799rbpr2cj6yrmxjh7j-openmpi-4.1.1/lib/libmpi.so.40(ompi_request_default_wait_all+0x86) [0x7f530bd1e1a6]
 4  /gnu/store/5jr225ab8j3i9799rbpr2cj6yrmxjh7j-openmpi-4.1.1/lib/libmpi.so.40(PMPI_Waitall+0x7f) [0x7f530bd6f13f]
 5  ./cartesian_grid() [0x4019df]
 6  ./cartesian_grid() [0x4015dc]
 7  /gnu/store/fa6wj5bxkj5ll1d7292a70knmyl7a0cr-glibc-2.31/lib/libc.so.6(__libc_start_main+0xed) [0x7f530baf5a6d]
 8  ./cartesian_grid() [0x40182a]
=================================
[g7:28615] *** Process received signal ***
[g7:28615] Signal: Segmentation fault (11)
[g7:28615] Signal code:  (-6)
[g7:28615] Failing at address: 0x142900006fc7
[g7:28615] [ 0] /gnu/store/fa6wj5bxkj5ll1d7292a70knmyl7a0cr-glibc-2.31/lib/libpthread.so.0(+0x13010)[0x7f530bca3010]
[g7:28615] [ 1] /gnu/store/5jr225ab8j3i9799rbpr2cj6yrmxjh7j-openmpi-4.1.1/lib/libmpi.so.40(ompi_request_default_wait_all+0x86)[0x7f530bd1e1a6]
[g7:28615] [ 2] /gnu/store/5jr225ab8j3i9799rbpr2cj6yrmxjh7j-openmpi-4.1.1/lib/libmpi.so.40(PMPI_Waitall+0x7f)[0x7f530bd6f13f]
[g7:28615] [ 3] ./cartesian_grid[0x4019df]
[g7:28615] [ 4] ./cartesian_grid[0x4015dc]
[g7:28615] [ 5] /gnu/store/fa6wj5bxkj5ll1d7292a70knmyl7a0cr-glibc-2.31/lib/libc.so.6(__libc_start_main+0xed)[0x7f530baf5a6d]
[g7:28615] [ 6] ./cartesian_grid[0x40182a]
[g7:28615] *** End of error message ***
[g7:28617:0:28617] Caught signal 11 (Segmentation fault: address not mapped to object at address 0x448)
==== backtrace (tid:  28617) ====
 0  /gnu/store/vil23w1cj0dy99a2n78265rrrli0rwwz-ucx-1.9.0/lib/libucs.so.0(ucs_handle_error+0xe4) [0x7fc0d7812404]
 1  /gnu/store/vil23w1cj0dy99a2n78265rrrli0rwwz-ucx-1.9.0/lib/libucs.so.0(+0x2772c) [0x7fc0d781272c]
 2  /gnu/store/vil23w1cj0dy99a2n78265rrrli0rwwz-ucx-1.9.0/lib/libucs.so.0(+0x27994) [0x7fc0d7812994]
 3  /gnu/store/5jr225ab8j3i9799rbpr2cj6yrmxjh7j-openmpi-4.1.1/lib/libmpi.so.40(ompi_request_default_wait_all+0x86) [0x7fc0de1ab1a6]
 4  /gnu/store/5jr225ab8j3i9799rbpr2cj6yrmxjh7j-openmpi-4.1.1/lib/libmpi.so.40(PMPI_Waitall+0x7f) [0x7fc0de1fc13f]
 5  ./cartesian_grid() [0x4019df]
 6  ./cartesian_grid() [0x4015dc]
 7  /gnu/store/fa6wj5bxkj5ll1d7292a70knmyl7a0cr-glibc-2.31/lib/libc.so.6(__libc_start_main+0xed) [0x7fc0ddf82a6d]
 8  ./cartesian_grid() [0x40182a]
=================================
[g7:28617] *** Process received signal ***
[g7:28617] Signal: Segmentation fault (11)
[g7:28617] Signal code:  (-6)
[g7:28617] Failing at address: 0x142900006fc9
[g7:28617] [ 0] /gnu/store/fa6wj5bxkj5ll1d7292a70knmyl7a0cr-glibc-2.31/lib/libpthread.so.0(+0x13010)[0x7fc0de130010]
[g7:28617] [ 1] /gnu/store/5jr225ab8j3i9799rbpr2cj6yrmxjh7j-openmpi-4.1.1/lib/libmpi.so.40(ompi_request_default_wait_all+0x86)[0x7fc0de1ab1a6]
[g7:28617] [ 2] /gnu/store/5jr225ab8j3i9799rbpr2cj6yrmxjh7j-openmpi-4.1.1/lib/libmpi.so.40(PMPI_Waitall+0x7f)[0x7fc0de1fc13f]
[g7:28617] [ 3] ./cartesian_grid[0x4019df]
[g7:28617] [ 4] ./cartesian_grid[0x4015dc]
[g7:28617] [ 5] /gnu/store/fa6wj5bxkj5ll1d7292a70knmyl7a0cr-glibc-2.31/lib/libc.so.6(__libc_start_main+0xed)[0x7fc0ddf82a6d]
[g7:28617] [ 6] ./cartesian_grid[0x40182a]
[g7:28617] *** End of error message ***
==== backtrace (tid:  28616) ====
 0  /gnu/store/vil23w1cj0dy99a2n78265rrrli0rwwz-ucx-1.9.0/lib/libucs.so.0(ucs_handle_error+0xe4) [0x7f333a2f0404]
 1  /gnu/store/vil23w1cj0dy99a2n78265rrrli0rwwz-ucx-1.9.0/lib/libucs.so.0(+0x2772c) [0x7f333a2f072c]
 2  /gnu/store/vil23w1cj0dy99a2n78265rrrli0rwwz-ucx-1.9.0/lib/libucs.so.0(+0x27994) [0x7f333a2f0994]
=================================
[g7:28616] *** Process received signal ***
[g7:28616] Signal: Segmentation fault (11)
[g7:28616] Signal code:  (-6)
[g7:28616] Failing at address: 0x142900006fc8
[g7:28616] [ 0] /gnu/store/fa6wj5bxkj5ll1d7292a70knmyl7a0cr-glibc-2.31/lib/libpthread.so.0(+0x13010)[0x7f333cc0e010]
[g7:28616] *** End of error message ***
==== backtrace (tid:  28618) ====
 0  /gnu/store/vil23w1cj0dy99a2n78265rrrli0rwwz-ucx-1.9.0/lib/libucs.so.0(ucs_handle_error+0xe4) [0x7fa967dc1404]
 1  /gnu/store/vil23w1cj0dy99a2n78265rrrli0rwwz-ucx-1.9.0/lib/libucs.so.0(+0x2772c) [0x7fa967dc172c]
 2  /gnu/store/vil23w1cj0dy99a2n78265rrrli0rwwz-ucx-1.9.0/lib/libucs.so.0(+0x27994) [0x7fa967dc1994]
=================================
[g7:28618] *** Process received signal ***
[g7:28618] Signal: Segmentation fault (11)
[g7:28618] Signal code:  (-6)
[g7:28618] Failing at address: 0x142900006fca
[g7:28618] [ 0] /gnu/store/fa6wj5bxkj5ll1d7292a70knmyl7a0cr-glibc-2.31/lib/libpthread.so.0(+0x13010)[0x7fa96e6ee010]
[g7:28618] *** End of error message ***
[g7:28610] 1 more process has sent help message help-mpi-errors.txt / mpi_errors_are_fatal
[g7:28610] Set MCA parameter "orte_base_help_aggregate" to 0 to see all help / error messages
5 total processes killed (some possibly by mpirun during cleanup)
