=========================================
Job ID: 31717
Start time: Tue 16 Dec 2025 10:49:57 PM MSK
Cluster: g5
=========================================

=== System Information ===
Loaded modules:

Compiler info:
/gnu/store/qb89jbj6fpzj2m2yyqvdaz0b9m30wx6j-profile/bin/mpicc
gcc (GCC) 9.4.0
Copyright (C) 2019 Free Software Foundation, Inc.
This is free software; see the source for copying conditions.  There is NO
warranty; not even for MERCHANTABILITY or FITNESS FOR A PARTICULAR PURPOSE.


MPI implementation:
mpirun (Open MPI) 4.0.2

Report bugs to http://www.open-mpi.org/community/help/

=== Compilation ===
Compilation successful.
-rwxr-xr-x 1 Beelike Beelike 22K Dec 16 22:49 ./mpi_comm_test

=== Running Communication Tests ===
=========================================

=== Testing Different Process Counts ===

--- full_test with 2 processes ---
✓ Test completed successfully
Key results:
=== PING-PONG TEST (2 processes) ===
=== ALL-TO-ALL TEST (2 processes) ===
MPI COMMUNICATION SCALING TEST
=== SCALING WITH MESSAGE SIZE 1KB ===
=== ALL-TO-ALL SCALING (1MB messages) ===

--- full_test with 4 processes ---
