=== MPI Message Exchange Performance ===
Total processes: 4
Node distribution:
Process 0: g2
Process 1: g2
Process 2: g3
Process 3: g3

Testing message exchange performance
Exchanges per test: 1000
Message Size (bytes) | Time per exchange (ms) | Bandwidth (MB/s)
---------------------|------------------------|------------------
                  1 |                0.002340 |             0.82
                 16 |                0.002370 |            12.87
                 64 |                0.002383 |            51.24
                256 |                0.002473 |           197.48
               1024 |                0.003097 |           630.73
               4096 |                0.007616 |          1025.76
              16384 |                0.011137 |          2806.07
              65536 |                0.023587 |          5299.43
             262144 |                0.091056 |          5491.11
            1048576 |                0.340242 |          5878.18
            4194304 |                2.336813 |          3423.47

=== Cross-node communication test ===
Testing cross-node communication with process 2
--------------------------------------------------------------------------
ORTE has lost communication with a remote daemon.

  HNP daemon   : [[40898,0],0] on node g2
  Remote daemon: [[40898,0],1] on node g3

This is usually due to either a failure of the TCP network
connection to the node, or possibly an internal failure of
the daemon itself. We cannot recover from this failure, and
therefore will terminate the job.
--------------------------------------------------------------------------
slurmstepd: error: *** JOB 29463 ON g2 CANCELLED AT 2025-11-22T16:06:27 DUE TO TIME LIMIT ***
mpirun: Forwarding signal 18 to job
mpirun: abort is already in progress...hit ctrl-c again to forcibly terminate

[g2:28515] *** Process received signal ***
[g2:28515] Signal: Segmentation fault (11)
[g2:28515] Signal code: Address not mapped (1)
[g2:28515] Failing at address: 0x30
[g2:28515] [ 0] /gnu/store/fa6wj5bxkj5ll1d7292a70knmyl7a0cr-glibc-2.31/lib/libpthread.so.0(+0x13010)[0x7f200fd14010]
[g2:28515] [ 1] /gnu/store/5jr225ab8j3i9799rbpr2cj6yrmxjh7j-openmpi-4.1.1/lib/openmpi/mca_pmix_pmix3x.so(PMIx_Finalize+0x4f7)[0x7f200f99ec07]
[g2:28515] [ 2] /gnu/store/5jr225ab8j3i9799rbpr2cj6yrmxjh7j-openmpi-4.1.1/lib/openmpi/mca_pmix_pmix3x.so(pmix3x_client_finalize+0x39a)[0x7f200f9411fa]
[g2:28515] [ 3] /gnu/store/5jr225ab8j3i9799rbpr2cj6yrmxjh7j-openmpi-4.1.1/lib/openmpi/mca_ess_hnp.so(+0x487a)[0x7f200fb0687a]
[g2:28515] [ 4] /gnu/store/9xrm7734li5pyr1r2qa7dgj6sfl8hx3k-libevent-2.1.11/lib/libevent_core-2.1.so.7(+0x1d8e5)[0x7f200fd5d8e5]
[g2:28515] [ 5] /gnu/store/9xrm7734li5pyr1r2qa7dgj6sfl8hx3k-libevent-2.1.11/lib/libevent_core-2.1.so.7(event_base_loop+0x50f)[0x7f200fd5e0ff]
[g2:28515] [ 6] mpirun[0x40136a]
[g2:28515] [ 7] /gnu/store/fa6wj5bxkj5ll1d7292a70knmyl7a0cr-glibc-2.31/lib/libc.so.6(__libc_start_main+0xed)[0x7f200fb66a6d]
[g2:28515] [ 8] mpirun[0x40113a]
[g2:28515] *** End of error message ***
